TN:
SF:flowstdlib/data/ordered_split/ordered_split.rs
FN:12,<flowstdlib::data::ordered_split::OrderedSplit as flowcore::Implementation>::run
FN:8,<flowstdlib::data::ordered_split::OrderedSplit as core::fmt::Debug>::fmt
FN:8,<flowstdlib::data::ordered_split::OrderedSplit as core::fmt::Debug>::fmt
FN:31,flowstdlib::data::ordered_split::test::simple::{closure#0}
FN:8,<flowstdlib::data::ordered_split::OrderedSplit as core::fmt::Debug>::fmt
FN:31,flowstdlib::data::ordered_split::test::simple
FN:12,<flowstdlib::data::ordered_split::OrderedSplit as flowcore::Implementation>::run
FN:12,<flowstdlib::data::ordered_split::OrderedSplit as flowcore::Implementation>::run
FNDA:1,<flowstdlib::data::ordered_split::OrderedSplit as flowcore::Implementation>::run
FNDA:0,<flowstdlib::data::ordered_split::OrderedSplit as core::fmt::Debug>::fmt
FNDA:0,<flowstdlib::data::ordered_split::OrderedSplit as core::fmt::Debug>::fmt
FNDA:1,flowstdlib::data::ordered_split::test::simple::{closure#0}
FNDA:0,<flowstdlib::data::ordered_split::OrderedSplit as core::fmt::Debug>::fmt
FNDA:1,flowstdlib::data::ordered_split::test::simple
FNDA:1,<flowstdlib::data::ordered_split::OrderedSplit as flowcore::Implementation>::run
FNDA:0,<flowstdlib::data::ordered_split::OrderedSplit as flowcore::Implementation>::run
FNF:8
FNH:4
BRF:0
BRH:0
DA:8,0
DA:12,7
DA:13,7
DA:14,0
DA:16,7
DA:17,7
DA:18,7
DA:19,7
DA:21,7
DA:31,1
DA:32,1
DA:33,1
DA:34,1
DA:35,1
DA:36,1
DA:37,1
DA:38,1
DA:39,1
DA:40,1
DA:41,1
DA:42,1
LF:21
LH:19
end_of_record
SF:flowc/src/flow_compile.rs
FN:211,flowc::flow_compile::execute_flow::{closure#1}
FN:178,flowc::flow_compile::execute_flow
FN:123,flowc::flow_compile::dump::{closure#1}
FN:29,flowc::flow_compile::check_root
FN:214,flowc::flow_compile::execute_flow::{closure#2}
FN:214,flowc::flow_compile::execute_flow::{closure#2}
FN:72,flowc::flow_compile::compile_and_execute_flow::{closure#2}
FN:178,flowc::flow_compile::execute_flow
FN:125,flowc::flow_compile::dump::{closure#2}
FN:200,flowc::flow_compile::execute_flow::{closure#0}
FN:133,flowc::flow_compile::get_executable_name
FN:56,flowc::flow_compile::compile_and_execute_flow
FN:119,flowc::flow_compile::dump::{closure#0}
FN:150,flowc::flow_compile::find_executable_path::{closure#0}
FN:219,flowc::flow_compile::execute_flow::{closure#3}
FN:105,flowc::flow_compile::dump
FN:29,flowc::flow_compile::check_root
FN:148,flowc::flow_compile::find_executable_path
FN:92,flowc::flow_compile::compile_and_execute_flow::{closure#3}
FN:92,flowc::flow_compile::compile_and_execute_flow::{closure#3}
FN:72,flowc::flow_compile::compile_and_execute_flow::{closure#2}
FN:105,flowc::flow_compile::dump
FN:150,flowc::flow_compile::find_executable_path::{closure#0}
FN:211,flowc::flow_compile::execute_flow::{closure#1}
FN:133,flowc::flow_compile::get_executable_name
FN:123,flowc::flow_compile::dump::{closure#1}
FN:119,flowc::flow_compile::dump::{closure#0}
FN:56,flowc::flow_compile::compile_and_execute_flow
FN:219,flowc::flow_compile::execute_flow::{closure#3}
FN:200,flowc::flow_compile::execute_flow::{closure#0}
FN:125,flowc::flow_compile::dump::{closure#2}
FN:148,flowc::flow_compile::find_executable_path
FNDA:0,flowc::flow_compile::execute_flow::{closure#1}
FNDA:0,flowc::flow_compile::execute_flow
FNDA:0,flowc::flow_compile::dump::{closure#1}
FNDA:1,flowc::flow_compile::check_root
FNDA:0,flowc::flow_compile::execute_flow::{closure#2}
FNDA:0,flowc::flow_compile::execute_flow::{closure#2}
FNDA:0,flowc::flow_compile::compile_and_execute_flow::{closure#2}
FNDA:0,flowc::flow_compile::execute_flow
FNDA:0,flowc::flow_compile::dump::{closure#2}
FNDA:0,flowc::flow_compile::execute_flow::{closure#0}
FNDA:0,flowc::flow_compile::get_executable_name
FNDA:0,flowc::flow_compile::compile_and_execute_flow
FNDA:0,flowc::flow_compile::dump::{closure#0}
FNDA:0,flowc::flow_compile::find_executable_path::{closure#0}
FNDA:0,flowc::flow_compile::execute_flow::{closure#3}
FNDA:0,flowc::flow_compile::dump
FNDA:0,flowc::flow_compile::check_root
FNDA:0,flowc::flow_compile::find_executable_path
FNDA:0,flowc::flow_compile::compile_and_execute_flow::{closure#3}
FNDA:0,flowc::flow_compile::compile_and_execute_flow::{closure#3}
FNDA:0,flowc::flow_compile::compile_and_execute_flow::{closure#2}
FNDA:1,flowc::flow_compile::dump
FNDA:0,flowc::flow_compile::find_executable_path::{closure#0}
FNDA:0,flowc::flow_compile::execute_flow::{closure#1}
FNDA:0,flowc::flow_compile::get_executable_name
FNDA:0,flowc::flow_compile::dump::{closure#1}
FNDA:0,flowc::flow_compile::dump::{closure#0}
FNDA:1,flowc::flow_compile::compile_and_execute_flow
FNDA:0,flowc::flow_compile::execute_flow::{closure#3}
FNDA:0,flowc::flow_compile::execute_flow::{closure#0}
FNDA:0,flowc::flow_compile::dump::{closure#2}
FNDA:0,flowc::flow_compile::find_executable_path
FNF:32
FNH:3
BRF:0
BRH:0
DA:29,15
DA:30,15
DA:31,15
DA:32,15
DA:33,0
DA:34,0
DA:35,0
DA:36,0
DA:38,0
DA:39,15
DA:41,15
DA:42,0
DA:43,0
DA:44,0
DA:45,0
DA:47,0
DA:48,15
DA:50,15
DA:51,15
DA:56,15
DA:57,15
DA:58,15
DA:59,15
DA:60,15
DA:62,15
DA:63,15
DA:64,15
DA:65,15
DA:67,15
DA:68,15
DA:69,15
DA:70,15
DA:71,15
DA:72,15
DA:74,15
DA:75,15
DA:76,15
DA:78,15
DA:79,0
DA:80,0
DA:81,0
DA:82,15
DA:83,15
DA:84,15
DA:85,15
DA:86,15
DA:87,15
DA:88,15
DA:89,15
DA:90,15
DA:91,15
DA:92,15
DA:94,15
DA:95,15
DA:96,0
DA:97,0
DA:98,0
DA:99,0
DA:101,0
DA:103,15
DA:105,15
DA:106,15
DA:107,15
DA:108,15
DA:109,15
DA:110,15
DA:111,15
DA:112,15
DA:113,15
DA:114,15
DA:115,15
DA:116,15
DA:117,15
DA:118,15
DA:119,15
DA:121,15
DA:122,0
DA:123,0
DA:124,0
DA:125,0
DA:126,15
DA:127,0
DA:129,15
DA:130,15
DA:133,0
DA:134,0
DA:135,0
DA:148,0
DA:150,0
DA:151,0
DA:152,0
DA:153,0
DA:154,0
DA:155,0
DA:156,0
DA:157,0
DA:158,0
DA:159,0
DA:160,0
DA:161,0
DA:162,0
DA:163,0
DA:164,0
DA:165,0
DA:166,0
DA:167,0
DA:169,0
DA:178,0
DA:179,0
DA:181,0
DA:182,0
DA:183,0
DA:184,0
DA:185,0
DA:186,0
DA:187,0
DA:189,0
DA:190,0
DA:191,0
DA:192,0
DA:193,0
DA:194,0
DA:195,0
DA:196,0
DA:197,0
DA:198,0
DA:200,0
DA:202,0
DA:203,0
DA:205,0
DA:206,0
DA:207,0
DA:208,0
DA:209,0
DA:210,0
DA:211,0
DA:213,0
DA:214,0
DA:215,0
DA:217,0
DA:218,0
DA:219,0
DA:221,0
DA:222,0
DA:223,0
DA:224,0
DA:225,0
DA:226,0
DA:227,0
DA:229,0
DA:230,0
DA:231,0
DA:233,0
DA:235,0
DA:237,0
LF:155
LH:61
end_of_record
SF:flowstdlib/data/enumerate/enumerate.rs
FN:60,flowstdlib::data::enumerate::test::enumerate_empty_array
FN:60,flowstdlib::data::enumerate::test::enumerate_empty_array::{closure#0}
FN:8,<flowstdlib::data::enumerate::Enumerate as core::fmt::Debug>::fmt
FN:33,flowstdlib::data::enumerate::test::enumerate::{closure#0}
FN:12,<flowstdlib::data::enumerate::Enumerate as flowcore::Implementation>::run
FN:8,<flowstdlib::data::enumerate::Enumerate as core::fmt::Debug>::fmt
FN:33,flowstdlib::data::enumerate::test::enumerate
FN:8,<flowstdlib::data::enumerate::Enumerate as core::fmt::Debug>::fmt
FN:12,<flowstdlib::data::enumerate::Enumerate as flowcore::Implementation>::run
FN:12,<flowstdlib::data::enumerate::Enumerate as flowcore::Implementation>::run
FNDA:1,flowstdlib::data::enumerate::test::enumerate_empty_array
FNDA:1,flowstdlib::data::enumerate::test::enumerate_empty_array::{closure#0}
FNDA:0,<flowstdlib::data::enumerate::Enumerate as core::fmt::Debug>::fmt
FNDA:1,flowstdlib::data::enumerate::test::enumerate::{closure#0}
FNDA:1,<flowstdlib::data::enumerate::Enumerate as flowcore::Implementation>::run
FNDA:0,<flowstdlib::data::enumerate::Enumerate as core::fmt::Debug>::fmt
FNDA:1,flowstdlib::data::enumerate::test::enumerate
FNDA:0,<flowstdlib::data::enumerate::Enumerate as core::fmt::Debug>::fmt
FNDA:1,<flowstdlib::data::enumerate::Enumerate as flowcore::Implementation>::run
FNDA:0,<flowstdlib::data::enumerate::Enumerate as flowcore::Implementation>::run
FNF:10
FNH:6
BRF:0
BRH:0
DA:8,0
DA:12,32
DA:13,32
DA:15,32
DA:16,602
DA:17,602
DA:18,602
DA:19,0
DA:21,32
DA:22,32
DA:33,1
DA:34,1
DA:35,1
DA:36,1
DA:37,1
DA:38,1
DA:39,1
DA:40,1
DA:41,1
DA:42,1
DA:43,1
DA:44,1
DA:45,1
DA:46,1
DA:47,1
DA:48,1
DA:49,1
DA:50,1
DA:51,1
DA:52,1
DA:53,1
DA:54,1
DA:55,1
DA:56,1
DA:57,1
DA:60,1
DA:61,1
DA:62,1
DA:63,1
DA:64,1
DA:65,1
DA:66,1
DA:67,1
DA:68,1
DA:69,1
DA:70,1
LF:46
LH:44
end_of_record
SF:flowstdlib/data/count/count.rs
FN:14,<flowstdlib::data::count::Count as flowcore::Implementation>::run
FN:14,<flowstdlib::data::count::Count as flowcore::Implementation>::run
FN:10,<flowstdlib::data::count::Count as core::fmt::Debug>::fmt
FN:14,<flowstdlib::data::count::Count as flowcore::Implementation>::run
FN:38,flowstdlib::data::count::test::count_returns_value
FN:38,flowstdlib::data::count::test::count_returns_value::{closure#0}
FN:10,<flowstdlib::data::count::Count as core::fmt::Debug>::fmt
FN:10,<flowstdlib::data::count::Count as core::fmt::Debug>::fmt
FNDA:0,<flowstdlib::data::count::Count as flowcore::Implementation>::run
FNDA:1,<flowstdlib::data::count::Count as flowcore::Implementation>::run
FNDA:0,<flowstdlib::data::count::Count as core::fmt::Debug>::fmt
FNDA:0,<flowstdlib::data::count::Count as flowcore::Implementation>::run
FNDA:1,flowstdlib::data::count::test::count_returns_value
FNDA:1,flowstdlib::data::count::test::count_returns_value::{closure#0}
FNDA:0,<flowstdlib::data::count::Count as core::fmt::Debug>::fmt
FNDA:0,<flowstdlib::data::count::Count as core::fmt::Debug>::fmt
FNF:8
FNH:3
BRF:0
BRH:0
DA:10,0
DA:14,1
DA:15,1
DA:16,1
DA:18,1
DA:19,1
DA:20,1
DA:21,1
DA:23,1
DA:24,1
DA:25,1
DA:26,1
DA:38,1
DA:39,1
DA:40,1
DA:41,1
DA:42,1
DA:43,1
DA:44,1
DA:45,1
DA:46,1
DA:47,1
DA:48,1
DA:49,1
LF:24
LH:23
end_of_record
SF:flowr/src/lib/runtime.rs
FN:8,<<<flowrlib::runtime::Event as serde::de::Deserialize>::deserialize::__Visitor as serde::de::Visitor>::visit_enum::__Visitor as serde::de::Visitor>::visit_seq::<serde_json::de::SeqAccess<serde_json::read::StrRead>>
FN:8,<<flowrlib::runtime::Event as serde::de::Deserialize>::deserialize::__FieldVisitor as serde::de::Visitor>::visit_str::<serde_json::error::Error>
FN:8,<<flowrlib::runtime::Event as serde::de::Deserialize>::deserialize::__Visitor as serde::de::Visitor>::visit_enum::<serde_json::de::VariantAccess<serde_json::read::StrRead>>
FN:46,<<flowrlib::runtime::Response as serde::de::Deserialize>::deserialize::__Field as serde::de::Deserialize>::deserialize::<&mut serde_json::de::Deserializer<serde_json::read::StrRead>>
FN:46,<flowrlib::runtime::Response as core::cmp::PartialEq>::ne
FN:8,<<flowrlib::runtime::Event as serde::de::Deserialize>::deserialize::__Visitor as serde::de::Visitor>::expecting
FN:8,<flowrlib::runtime::Event as serde::de::Deserialize>::deserialize::<&mut serde_json::de::Deserializer<serde_json::read::StrRead>>
FN:46,<flowrlib::runtime::Response as serde::de::Deserialize>::deserialize::<&mut serde_json::de::Deserializer<serde_json::read::StrRead>>
FN:8,<<<flowrlib::runtime::Event as serde::de::Deserialize>::deserialize::__Visitor as serde::de::Visitor>::visit_enum::__Visitor as serde::de::Visitor>::expecting
FN:46,<<flowrlib::runtime::Response as serde::de::Deserialize>::deserialize::__FieldVisitor as serde::de::Visitor>::visit_u64::<_>
FN:46,<<flowrlib::runtime::Response as serde::de::Deserialize>::deserialize::__FieldVisitor as serde::de::Visitor>::expecting
FN:8,<<flowrlib::runtime::Event as serde::de::Deserialize>::deserialize::__Field as serde::de::Deserialize>::deserialize::<&mut serde_json::de::Deserializer<serde_json::read::StrRead>>
FN:8,<<flowrlib::runtime::Event as serde::de::Deserialize>::deserialize::__Visitor as serde::de::Visitor>::expecting
FN:46,<<flowrlib::runtime::Response as serde::de::Deserialize>::deserialize::__FieldVisitor as serde::de::Visitor>::expecting
FN:8,<<flowrlib::runtime::Event as serde::de::Deserialize>::deserialize::__Visitor as serde::de::Visitor>::visit_enum::<serde_json::de::UnitVariantAccess<serde_json::read::StrRead>>
FN:8,<<<flowrlib::runtime::Event as serde::de::Deserialize>::deserialize::__Visitor as serde::de::Visitor>::visit_enum::__Visitor as serde::de::Visitor>::expecting
FN:46,<<flowrlib::runtime::Response as serde::de::Deserialize>::deserialize::__FieldVisitor as serde::de::Visitor>::visit_str::<serde_json::error::Error>
FN:8,<<flowrlib::runtime::Event as serde::de::Deserialize>::deserialize::__FieldVisitor as serde::de::Visitor>::visit_bytes::<_>
FN:46,<<flowrlib::runtime::Response as serde::de::Deserialize>::deserialize::__Visitor as serde::de::Visitor>::visit_enum::<serde_json::de::VariantAccess<serde_json::read::StrRead>>
FN:8,<<flowrlib::runtime::Event as serde::de::Deserialize>::deserialize::__FieldVisitor as serde::de::Visitor>::expecting
FN:46,<<flowrlib::runtime::Response as serde::de::Deserialize>::deserialize::__Visitor as serde::de::Visitor>::expecting
FN:8,<<flowrlib::runtime::Event as serde::de::Deserialize>::deserialize::__FieldVisitor as serde::de::Visitor>::visit_u64::<_>
FN:46,<flowrlib::runtime::Response as core::cmp::PartialEq>::eq
FN:46,<<flowrlib::runtime::Response as serde::de::Deserialize>::deserialize::__Visitor as serde::de::Visitor>::visit_enum::<serde_json::de::UnitVariantAccess<serde_json::read::StrRead>>
FN:8,<flowrlib::runtime::Event as serde::de::Deserialize>::deserialize::<&mut serde_json::de::Deserializer<serde_json::read::StrRead>>
FN:46,<<flowrlib::runtime::Response as serde::de::Deserialize>::deserialize::__Field as serde::de::Deserialize>::deserialize::<&mut serde_json::de::Deserializer<serde_json::read::StrRead>>
FN:46,<flowrlib::runtime::Response as core::cmp::PartialEq>::eq
FN:8,<<flowrlib::runtime::Event as serde::de::Deserialize>::deserialize::__Field as serde::de::Deserialize>::deserialize::<&mut serde_json::de::Deserializer<serde_json::read::StrRead>>
FN:8,<<flowrlib::runtime::Event as serde::de::Deserialize>::deserialize::__FieldVisitor as serde::de::Visitor>::visit_u64::<_>
FN:46,<flowrlib::runtime::Response as core::cmp::PartialEq>::eq
FN:46,<flowrlib::runtime::Response as core::cmp::PartialEq>::ne
FN:8,<<<flowrlib::runtime::Event as serde::de::Deserialize>::deserialize::__Visitor as serde::de::Visitor>::visit_enum::__Visitor as serde::de::Visitor>::expecting
FN:46,<flowrlib::runtime::Response as serde::de::Deserialize>::deserialize::<&mut serde_json::de::Deserializer<serde_json::read::StrRead>>
FN:8,<<flowrlib::runtime::Event as serde::de::Deserialize>::deserialize::__FieldVisitor as serde::de::Visitor>::visit_bytes::<_>
FN:46,<flowrlib::runtime::Response as core::cmp::PartialEq>::ne
FN:46,<flowrlib::runtime::Response as serde::ser::Serialize>::serialize::<&mut serde_json::ser::Serializer<&mut alloc::vec::Vec<u8>>>
FN:46,<<flowrlib::runtime::Response as serde::de::Deserialize>::deserialize::__Visitor as serde::de::Visitor>::expecting
FN:8,<<<flowrlib::runtime::Event as serde::de::Deserialize>::deserialize::__Visitor as serde::de::Visitor>::visit_enum::__Visitor as serde::de::Visitor>::expecting
FN:46,<<flowrlib::runtime::Response as serde::de::Deserialize>::deserialize::__FieldVisitor as serde::de::Visitor>::visit_bytes::<_>
FN:8,<<flowrlib::runtime::Event as serde::de::Deserialize>::deserialize::__FieldVisitor as serde::de::Visitor>::expecting
FN:46,<<flowrlib::runtime::Response as serde::de::Deserialize>::deserialize::__FieldVisitor as serde::de::Visitor>::visit_u64::<_>
FN:46,<<flowrlib::runtime::Response as serde::de::Deserialize>::deserialize::__FieldVisitor as serde::de::Visitor>::visit_bytes::<_>
FN:46,<flowrlib::runtime::Response as core::cmp::PartialEq>::eq
FN:8,<flowrlib::runtime::Event as serde::ser::Serialize>::serialize::<&mut serde_json::ser::Serializer<&mut alloc::vec::Vec<u8>>>
FNDA:1,<<<flowrlib::runtime::Event as serde::de::Deserialize>::deserialize::__Visitor as serde::de::Visitor>::visit_enum::__Visitor as serde::de::Visitor>::visit_seq::<serde_json::de::SeqAccess<serde_json::read::StrRead>>
FNDA:1,<<flowrlib::runtime::Event as serde::de::Deserialize>::deserialize::__FieldVisitor as serde::de::Visitor>::visit_str::<serde_json::error::Error>
FNDA:1,<<flowrlib::runtime::Event as serde::de::Deserialize>::deserialize::__Visitor as serde::de::Visitor>::visit_enum::<serde_json::de::VariantAccess<serde_json::read::StrRead>>
FNDA:1,<<flowrlib::runtime::Response as serde::de::Deserialize>::deserialize::__Field as serde::de::Deserialize>::deserialize::<&mut serde_json::de::Deserializer<serde_json::read::StrRead>>
FNDA:1,<flowrlib::runtime::Response as core::cmp::PartialEq>::ne
FNDA:0,<<flowrlib::runtime::Event as serde::de::Deserialize>::deserialize::__Visitor as serde::de::Visitor>::expecting
FNDA:0,<flowrlib::runtime::Event as serde::de::Deserialize>::deserialize::<&mut serde_json::de::Deserializer<serde_json::read::StrRead>>
FNDA:1,<flowrlib::runtime::Response as serde::de::Deserialize>::deserialize::<&mut serde_json::de::Deserializer<serde_json::read::StrRead>>
FNDA:0,<<<flowrlib::runtime::Event as serde::de::Deserialize>::deserialize::__Visitor as serde::de::Visitor>::visit_enum::__Visitor as serde::de::Visitor>::expecting
FNDA:0,<<flowrlib::runtime::Response as serde::de::Deserialize>::deserialize::__FieldVisitor as serde::de::Visitor>::visit_u64::<_>
FNDA:0,<<flowrlib::runtime::Response as serde::de::Deserialize>::deserialize::__FieldVisitor as serde::de::Visitor>::expecting
FNDA:0,<<flowrlib::runtime::Event as serde::de::Deserialize>::deserialize::__Field as serde::de::Deserialize>::deserialize::<&mut serde_json::de::Deserializer<serde_json::read::StrRead>>
FNDA:0,<<flowrlib::runtime::Event as serde::de::Deserialize>::deserialize::__Visitor as serde::de::Visitor>::expecting
FNDA:0,<<flowrlib::runtime::Response as serde::de::Deserialize>::deserialize::__FieldVisitor as serde::de::Visitor>::expecting
FNDA:1,<<flowrlib::runtime::Event as serde::de::Deserialize>::deserialize::__Visitor as serde::de::Visitor>::visit_enum::<serde_json::de::UnitVariantAccess<serde_json::read::StrRead>>
FNDA:0,<<<flowrlib::runtime::Event as serde::de::Deserialize>::deserialize::__Visitor as serde::de::Visitor>::visit_enum::__Visitor as serde::de::Visitor>::expecting
FNDA:1,<<flowrlib::runtime::Response as serde::de::Deserialize>::deserialize::__FieldVisitor as serde::de::Visitor>::visit_str::<serde_json::error::Error>
FNDA:0,<<flowrlib::runtime::Event as serde::de::Deserialize>::deserialize::__FieldVisitor as serde::de::Visitor>::visit_bytes::<_>
FNDA:1,<<flowrlib::runtime::Response as serde::de::Deserialize>::deserialize::__Visitor as serde::de::Visitor>::visit_enum::<serde_json::de::VariantAccess<serde_json::read::StrRead>>
FNDA:0,<<flowrlib::runtime::Event as serde::de::Deserialize>::deserialize::__FieldVisitor as serde::de::Visitor>::expecting
FNDA:0,<<flowrlib::runtime::Response as serde::de::Deserialize>::deserialize::__Visitor as serde::de::Visitor>::expecting
FNDA:0,<<flowrlib::runtime::Event as serde::de::Deserialize>::deserialize::__FieldVisitor as serde::de::Visitor>::visit_u64::<_>
FNDA:0,<flowrlib::runtime::Response as core::cmp::PartialEq>::eq
FNDA:1,<<flowrlib::runtime::Response as serde::de::Deserialize>::deserialize::__Visitor as serde::de::Visitor>::visit_enum::<serde_json::de::UnitVariantAccess<serde_json::read::StrRead>>
FNDA:1,<flowrlib::runtime::Event as serde::de::Deserialize>::deserialize::<&mut serde_json::de::Deserializer<serde_json::read::StrRead>>
FNDA:0,<<flowrlib::runtime::Response as serde::de::Deserialize>::deserialize::__Field as serde::de::Deserialize>::deserialize::<&mut serde_json::de::Deserializer<serde_json::read::StrRead>>
FNDA:0,<flowrlib::runtime::Response as core::cmp::PartialEq>::eq
FNDA:1,<<flowrlib::runtime::Event as serde::de::Deserialize>::deserialize::__Field as serde::de::Deserialize>::deserialize::<&mut serde_json::de::Deserializer<serde_json::read::StrRead>>
FNDA:0,<<flowrlib::runtime::Event as serde::de::Deserialize>::deserialize::__FieldVisitor as serde::de::Visitor>::visit_u64::<_>
FNDA:1,<flowrlib::runtime::Response as core::cmp::PartialEq>::eq
FNDA:0,<flowrlib::runtime::Response as core::cmp::PartialEq>::ne
FNDA:0,<<<flowrlib::runtime::Event as serde::de::Deserialize>::deserialize::__Visitor as serde::de::Visitor>::visit_enum::__Visitor as serde::de::Visitor>::expecting
FNDA:0,<flowrlib::runtime::Response as serde::de::Deserialize>::deserialize::<&mut serde_json::de::Deserializer<serde_json::read::StrRead>>
FNDA:0,<<flowrlib::runtime::Event as serde::de::Deserialize>::deserialize::__FieldVisitor as serde::de::Visitor>::visit_bytes::<_>
FNDA:0,<flowrlib::runtime::Response as core::cmp::PartialEq>::ne
FNDA:1,<flowrlib::runtime::Response as serde::ser::Serialize>::serialize::<&mut serde_json::ser::Serializer<&mut alloc::vec::Vec<u8>>>
FNDA:0,<<flowrlib::runtime::Response as serde::de::Deserialize>::deserialize::__Visitor as serde::de::Visitor>::expecting
FNDA:0,<<<flowrlib::runtime::Event as serde::de::Deserialize>::deserialize::__Visitor as serde::de::Visitor>::visit_enum::__Visitor as serde::de::Visitor>::expecting
FNDA:0,<<flowrlib::runtime::Response as serde::de::Deserialize>::deserialize::__FieldVisitor as serde::de::Visitor>::visit_bytes::<_>
FNDA:0,<<flowrlib::runtime::Event as serde::de::Deserialize>::deserialize::__FieldVisitor as serde::de::Visitor>::expecting
FNDA:0,<<flowrlib::runtime::Response as serde::de::Deserialize>::deserialize::__FieldVisitor as serde::de::Visitor>::visit_u64::<_>
FNDA:0,<<flowrlib::runtime::Response as serde::de::Deserialize>::deserialize::__FieldVisitor as serde::de::Visitor>::visit_bytes::<_>
FNDA:1,<flowrlib::runtime::Response as core::cmp::PartialEq>::eq
FNDA:1,<flowrlib::runtime::Event as serde::ser::Serialize>::serialize::<&mut serde_json::ser::Serializer<&mut alloc::vec::Vec<u8>>>
FNF:44
FNH:16
BRF:0
BRH:0
DA:8,3348
DA:46,2753
LF:2
LH:2
end_of_record
SF:flowc/src/lib/model/io.rs
FN:161,<alloc::vec::Vec<flowclib::model::io::IO> as flowclib::compiler::loader::Validate>::validate
FN:208,<alloc::vec::Vec<flowclib::model::io::IO> as flowclib::model::io::Find>::find_by_name
FN:199,<alloc::vec::Vec<flowclib::model::io::IO> as flowclib::model::io::Find>::find
FN:375,flowclib::model::io::test::deserialize_extra_field_fails
FN:20,<flowclib::model::io::IOType as core::cmp::PartialEq>::eq
FN:280,flowclib::model::io::test::deserialize_empty_string
FN:28,<<flowclib::model::io::IO as serde::de::Deserialize>::deserialize::__Visitor as serde::de::Visitor>::visit_map::<&mut serde::de::value::MapDeserializer<core::iter::adapters::map::Map<core::slice::iter::Iter<(serde::__private::de::content::Content, serde::__private::de::content::Content)>, serde::__private::de::content::visit_content_map_ref<<flowclib::model::io::IO as serde::de::Deserialize>::deserialize::__Visitor, toml::de::Error>::{closure#0}>, toml::de::Error>>
FN:180,<alloc::vec::Vec<flowclib::model::io::IO> as flowclib::model::route::SetIORoutes>::set_io_routes_from_parent
FN:76,<flowclib::model::io::IO>::set_route_from_parent
FN:20,<<flowclib::model::io::IOType as serde::de::Deserialize>::deserialize::__Visitor as serde::de::Visitor>::visit_enum::<_>
FN:224,<alloc::vec::Vec<flowclib::model::io::IO> as flowclib::model::io::Find>::find_by_route
FN:28,<<flowclib::model::io::IO as serde::de::Deserialize>::deserialize::__Visitor as serde::de::Visitor>::visit_map::<toml::de::MapVisitor>
FN:28,<flowclib::model::io::IO as serde::de::Deserialize>::deserialize::<serde::__private::de::content::ContentRefDeserializer<serde_yaml::error::Error>>
FN:407,flowclib::model::io::test::non_unique_io_names_wont_validate
FN:208,<alloc::vec::Vec<flowclib::model::io::IO> as flowclib::model::io::Find>::find_by_name
FN:28,<<flowclib::model::io::IO as serde::de::Deserialize>::deserialize::__Visitor as serde::de::Visitor>::visit_map::<&mut serde::de::value::MapDeserializer<core::iter::adapters::map::Map<core::slice::iter::Iter<(serde::__private::de::content::Content, serde::__private::de::content::Content)>, serde::__private::de::content::visit_content_map_ref<<flowclib::model::io::IO as serde::de::Deserialize>::deserialize::__Visitor, toml::de::Error>::{closure#0}>, toml::de::Error>>
FN:28,<flowclib::model::io::IO as serde::de::Deserialize>::deserialize::<serde::__private::de::content::ContentRefDeserializer<serde_yaml::error::Error>>
FN:20,<flowclib::model::io::IOType as core::clone::Clone>::clone
FN:254,<flowclib::model::io::IO>::set_initial_values
FN:101,<flowclib::model::io::IO as core::default::Default>::default
FN:128,<flowclib::model::io::IO as flowclib::model::datatype::HasDataType>::datatype
FN:101,<flowclib::model::io::IO as core::default::Default>::default
FN:20,<<flowclib::model::io::IOType as serde::de::Deserialize>::deserialize::__FieldVisitor as serde::de::Visitor>::expecting
FN:88,<flowclib::model::io::IO>::get_initializer
FN:63,<flowclib::model::io::IO>::set_flow_io
FN:20,<<flowclib::model::io::IOType as serde::de::Deserialize>::deserialize::__Visitor as serde::de::Visitor>::visit_enum::<_>
FN:20,<<flowclib::model::io::IOType as serde::de::Deserialize>::deserialize::__Visitor as serde::de::Visitor>::expecting
FN:59,<flowclib::model::io::IO>::io_type
FN:128,<flowclib::model::io::IO as flowclib::model::datatype::HasDataType>::datatype
FN:20,<<flowclib::model::io::IOType as serde::de::Deserialize>::deserialize::__FieldVisitor as serde::de::Visitor>::visit_u64::<_>
FN:138,<flowclib::model::io::IO as flowclib::model::route::HasRoute>::route_mut
FN:28,<<flowclib::model::io::IO as serde::de::Deserialize>::deserialize::__FieldVisitor as serde::de::Visitor>::visit_str::<toml::de::Error>
FN:20,<flowclib::model::io::IOType as serde::de::Deserialize>::deserialize::<_>
FN:20,<<flowclib::model::io::IOType as serde::de::Deserialize>::deserialize::__Visitor as serde::de::Visitor>::expecting
FN:84,<flowclib::model::io::IO>::set_datatype
FN:28,<flowclib::model::io::IO as core::fmt::Debug>::fmt
FN:387,flowclib::model::io::test::unique_io_names_validate::{closure#0}
FN:67,<flowclib::model::io::IO>::datatype
FN:113,<flowclib::model::io::IO as core::fmt::Display>::fmt
FN:20,<<flowclib::model::io::IOType as serde::de::Deserialize>::deserialize::__FieldVisitor as serde::de::Visitor>::visit_bytes::<_>
FN:28,<<flowclib::model::io::IO as serde::de::Deserialize>::deserialize::__FieldVisitor as serde::de::Visitor>::visit_str::<toml::de::Error>
FN:147,flowclib::model::io::default_io_type
FN:20,<<flowclib::model::io::IOType as serde::de::Deserialize>::deserialize::__FieldVisitor as serde::de::Visitor>::expecting
FN:152,<flowclib::model::io::IO as flowclib::compiler::loader::Validate>::validate
FN:28,<flowclib::model::io::IO as core::fmt::Debug>::fmt
FN:361,flowclib::model::io::test::deserialize_valid_json_type
FN:304,flowclib::model::io::test::deserialize_invalid_type::{closure#0}
FN:47,<flowclib::model::io::IO>::new::<&str, flowclib::model::route::Route>
FN:134,<flowclib::model::io::IO as flowclib::model::route::HasRoute>::route
FN:20,<flowclib::model::io::IOType as core::clone::Clone>::clone
FN:20,<<flowclib::model::io::IOType as serde::de::Deserialize>::deserialize::__FieldVisitor as serde::de::Visitor>::visit_str::<_>
FN:407,flowclib::model::io::test::non_unique_io_names_wont_validate::{closure#0}
FN:28,<flowclib::model::io::IO as serde::de::Deserialize>::deserialize::<&mut toml::de::Deserializer>
FN:346,flowclib::model::io::test::methods_work
FN:20,<<flowclib::model::io::IOType as serde::de::Deserialize>::deserialize::__Visitor as serde::de::Visitor>::expecting
FN:28,<flowclib::model::io::IO as serde::de::Deserialize>::deserialize::<serde::__private::de::content::ContentRefDeserializer<serde_json::error::Error>>
FN:28,<flowclib::model::io::IO as serde::de::Deserialize>::deserialize::<serde::__private::de::content::ContentRefDeserializer<serde_json::error::Error>>
FN:291,flowclib::model::io::test::deserialize_valid_type::{closure#0}
FN:224,<alloc::vec::Vec<flowclib::model::io::IO> as flowclib::model::io::Find>::find_by_route
FN:20,<flowclib::model::io::IOType as serde::de::Deserialize>::deserialize::<_>
FN:28,<<flowclib::model::io::IO as serde::de::Deserialize>::deserialize::__Field as serde::de::Deserialize>::deserialize::<serde::__private::de::content::ContentRefDeserializer<serde_yaml::error::Error>>
FN:28,<flowclib::model::io::IO as serde::de::Deserialize>::deserialize::<serde::__private::de::content::ContentRefDeserializer<toml::de::Error>>
FN:113,<flowclib::model::io::IO as core::fmt::Display>::fmt
FN:304,flowclib::model::io::test::deserialize_invalid_type
FN:47,<flowclib::model::io::IO>::new::<&str, &str>
FN:346,flowclib::model::io::test::methods_work::{closure#0}
FN:28,<flowclib::model::io::IO as core::clone::Clone>::clone
FN:20,<<flowclib::model::io::IOType as serde::de::Deserialize>::deserialize::__Field as serde::de::Deserialize>::deserialize::<_>
FN:28,<flowclib::model::io::IO as serde::de::Deserialize>::deserialize::<toml::de::MapVisitor>
FN:20,<flowclib::model::io::IOType as serde::ser::Serialize>::serialize::<_>
FN:332,flowclib::model::io::test::deserialize_valid_string_type
FN:143,flowclib::model::io::default_type
FN:28,<<flowclib::model::io::IO as serde::de::Deserialize>::deserialize::__Field as serde::de::Deserialize>::deserialize::<serde::__private::de::content::ContentRefDeserializer<toml::de::Error>>
FN:20,<<flowclib::model::io::IOType as serde::de::Deserialize>::deserialize::__FieldVisitor as serde::de::Visitor>::visit_str::<_>
FN:28,<flowclib::model::io::IO as core::clone::Clone>::clone
FN:71,<flowclib::model::io::IO>::set_route
FN:71,<flowclib::model::io::IO>::set_route
FN:361,flowclib::model::io::test::deserialize_valid_json_type::{closure#0}
FN:59,<flowclib::model::io::IO>::io_type
FN:92,<flowclib::model::io::IO>::set_initializer
FN:147,flowclib::model::io::default_io_type
FN:28,<<flowclib::model::io::IO as serde::de::Deserialize>::deserialize::__Field as serde::de::Deserialize>::deserialize::<serde::__private::de::content::ContentRefDeserializer<serde_yaml::error::Error>>
FN:55,<flowclib::model::io::IO>::flow_io
FN:92,<flowclib::model::io::IO>::set_initializer
FN:254,<flowclib::model::io::IO>::set_initial_values
FN:224,<alloc::vec::Vec<flowclib::model::io::IO> as flowclib::model::io::Find>::find_by_route
FN:180,<alloc::vec::Vec<flowclib::model::io::IO> as flowclib::model::route::SetIORoutes>::set_io_routes_from_parent
FN:55,<flowclib::model::io::IO>::flow_io
FN:119,<flowclib::model::io::IO as flowclib::model::name::HasName>::name
FN:20,<<flowclib::model::io::IOType as serde::de::Deserialize>::deserialize::__Field as serde::de::Deserialize>::deserialize::<_>
FN:28,<<flowclib::model::io::IO as serde::de::Deserialize>::deserialize::__Visitor as serde::de::Visitor>::expecting
FN:20,<flowclib::model::io::IOType as serde::de::Deserialize>::deserialize::<_>
FN:28,<<flowclib::model::io::IO as serde::de::Deserialize>::deserialize::__FieldVisitor as serde::de::Visitor>::expecting
FN:76,<flowclib::model::io::IO>::set_route_from_parent
FN:28,<<flowclib::model::io::IO as serde::de::Deserialize>::deserialize::__Field as serde::de::Deserialize>::deserialize::<toml::de::DatetimeFieldDeserializer>
FN:28,<flowclib::model::io::IO as serde::de::Deserialize>::deserialize::<serde::__private::de::content::ContentRefDeserializer<toml::de::Error>>
FN:20,<<flowclib::model::io::IOType as serde::de::Deserialize>::deserialize::__FieldVisitor as serde::de::Visitor>::visit_bytes::<_>
FN:421,flowclib::model::io::test::multiple_inputs_empty_name_not_allowed
FN:63,<flowclib::model::io::IO>::set_flow_io
FN:47,<flowclib::model::io::IO>::new::<&str, flowclib::model::route::Route>
FN:119,<flowclib::model::io::IO as flowclib::model::name::HasName>::name
FN:63,<flowclib::model::io::IO>::set_flow_io
FN:67,<flowclib::model::io::IO>::datatype
FN:152,<flowclib::model::io::IO as flowclib::compiler::loader::Validate>::validate
FN:20,<<flowclib::model::io::IOType as serde::de::Deserialize>::deserialize::__FieldVisitor as serde::de::Visitor>::visit_u64::<_>
FN:375,flowclib::model::io::test::deserialize_extra_field_fails::{closure#0}
FN:122,<flowclib::model::io::IO as flowclib::model::name::HasName>::alias
FN:28,<<flowclib::model::io::IO as serde::de::Deserialize>::deserialize::__Field as serde::de::Deserialize>::deserialize::<toml::de::StrDeserializer>
FN:28,<<flowclib::model::io::IO as serde::de::Deserialize>::deserialize::__FieldVisitor as serde::de::Visitor>::expecting
FN:20,<<flowclib::model::io::IOType as serde::de::Deserialize>::deserialize::__Field as serde::de::Deserialize>::deserialize::<_>
FN:101,<flowclib::model::io::IO as core::default::Default>::default
FN:143,flowclib::model::io::default_type
FN:28,<<flowclib::model::io::IO as serde::de::Deserialize>::deserialize::__Field as serde::de::Deserialize>::deserialize::<serde::__private::de::content::ContentRefDeserializer<serde_json::error::Error>>
FN:143,flowclib::model::io::default_type
FN:28,<<flowclib::model::io::IO as serde::de::Deserialize>::deserialize::__FieldVisitor as serde::de::Visitor>::expecting
FN:122,<flowclib::model::io::IO as flowclib::model::name::HasName>::alias
FN:152,<flowclib::model::io::IO as flowclib::compiler::loader::Validate>::validate
FN:84,<flowclib::model::io::IO>::set_datatype
FN:28,<<flowclib::model::io::IO as serde::de::Deserialize>::deserialize::__Visitor as serde::de::Visitor>::visit_map::<&mut serde::de::value::MapDeserializer<core::iter::adapters::map::Map<core::slice::iter::Iter<(serde::__private::de::content::Content, serde::__private::de::content::Content)>, serde::__private::de::content::visit_content_map_ref<<flowclib::model::io::IO as serde::de::Deserialize>::deserialize::__Visitor, toml::de::Error>::{closure#0}>, toml::de::Error>>
FN:199,<alloc::vec::Vec<flowclib::model::io::IO> as flowclib::model::io::Find>::find
FN:84,<flowclib::model::io::IO>::set_datatype
FN:88,<flowclib::model::io::IO>::get_initializer
FN:28,<<flowclib::model::io::IO as serde::de::Deserialize>::deserialize::__Field as serde::de::Deserialize>::deserialize::<serde::__private::de::content::ContentRefDeserializer<toml::de::Error>>
FN:28,<<flowclib::model::io::IO as serde::de::Deserialize>::deserialize::__Visitor as serde::de::Visitor>::expecting
FN:199,<alloc::vec::Vec<flowclib::model::io::IO> as flowclib::model::io::Find>::find
FN:28,<flowclib::model::io::IO as core::clone::Clone>::clone
FN:161,<alloc::vec::Vec<flowclib::model::io::IO> as flowclib::compiler::loader::Validate>::validate
FN:20,<<flowclib::model::io::IOType as serde::de::Deserialize>::deserialize::__FieldVisitor as serde::de::Visitor>::visit_str::<_>
FN:134,<flowclib::model::io::IO as flowclib::model::route::HasRoute>::route
FN:122,<flowclib::model::io::IO as flowclib::model::name::HasName>::alias
FN:332,flowclib::model::io::test::deserialize_valid_string_type::{closure#0}
FN:20,<flowclib::model::io::IOType as serde::ser::Serialize>::serialize::<_>
FN:20,<<flowclib::model::io::IOType as serde::de::Deserialize>::deserialize::__FieldVisitor as serde::de::Visitor>::visit_u64::<_>
FN:20,<<flowclib::model::io::IOType as serde::de::Deserialize>::deserialize::__FieldVisitor as serde::de::Visitor>::expecting
FN:161,<alloc::vec::Vec<flowclib::model::io::IO> as flowclib::compiler::loader::Validate>::validate
FN:59,<flowclib::model::io::IO>::io_type
FN:28,<<flowclib::model::io::IO as serde::de::Deserialize>::deserialize::__Visitor as serde::de::Visitor>::expecting
FN:291,flowclib::model::io::test::deserialize_valid_type
FN:88,<flowclib::model::io::IO>::get_initializer
FN:113,<flowclib::model::io::IO as core::fmt::Display>::fmt
FN:134,<flowclib::model::io::IO as flowclib::model::route::HasRoute>::route
FN:280,flowclib::model::io::test::deserialize_empty_string::{closure#0}
FN:20,<flowclib::model::io::IOType as serde::ser::Serialize>::serialize::<_>
FN:119,<flowclib::model::io::IO as flowclib::model::name::HasName>::name
FN:138,<flowclib::model::io::IO as flowclib::model::route::HasRoute>::route_mut
FN:28,<flowclib::model::io::IO as serde::ser::Serialize>::serialize::<_>
FN:28,<flowclib::model::io::IO as serde::de::Deserialize>::deserialize::<serde::__private::de::content::ContentRefDeserializer<serde_json::error::Error>>
FN:20,<flowclib::model::io::IOType as core::clone::Clone>::clone
FN:254,<flowclib::model::io::IO>::set_initial_values
FN:28,<flowclib::model::io::IO as serde::de::Deserialize>::deserialize::<serde::__private::de::content::ContentRefDeserializer<toml::de::Error>>
FN:28,<<flowclib::model::io::IO as serde::de::Deserialize>::deserialize::__FieldVisitor as serde::de::Visitor>::visit_str::<toml::de::Error>
FN:28,<<flowclib::model::io::IO as serde::de::Deserialize>::deserialize::__Field as serde::de::Deserialize>::deserialize::<serde::__private::de::content::ContentRefDeserializer<serde_json::error::Error>>
FN:20,<<flowclib::model::io::IOType as serde::de::Deserialize>::deserialize::__FieldVisitor as serde::de::Visitor>::visit_bytes::<_>
FN:67,<flowclib::model::io::IO>::datatype
FN:20,<flowclib::model::io::IOType as core::cmp::PartialEq>::eq
FN:28,<flowclib::model::io::IO as serde::de::Deserialize>::deserialize::<serde::__private::de::content::ContentRefDeserializer<serde_yaml::error::Error>>
FN:28,<flowclib::model::io::IO as serde::ser::Serialize>::serialize::<_>
FN:28,<flowclib::model::io::IO as core::fmt::Debug>::fmt
FN:317,flowclib::model::io::test::deserialize_name
FN:421,flowclib::model::io::test::multiple_inputs_empty_name_not_allowed::{closure#0}
FN:138,<flowclib::model::io::IO as flowclib::model::route::HasRoute>::route_mut
FN:20,<<flowclib::model::io::IOType as serde::de::Deserialize>::deserialize::__Visitor as serde::de::Visitor>::visit_enum::<_>
FN:387,flowclib::model::io::test::unique_io_names_validate
FN:71,<flowclib::model::io::IO>::set_route
FN:76,<flowclib::model::io::IO>::set_route_from_parent
FN:208,<alloc::vec::Vec<flowclib::model::io::IO> as flowclib::model::io::Find>::find_by_name
FN:28,<<flowclib::model::io::IO as serde::de::Deserialize>::deserialize::__Field as serde::de::Deserialize>::deserialize::<serde::__private::de::content::ContentRefDeserializer<toml::de::Error>>
FN:28,<flowclib::model::io::IO as serde::ser::Serialize>::serialize::<_>
FN:180,<alloc::vec::Vec<flowclib::model::io::IO> as flowclib::model::route::SetIORoutes>::set_io_routes_from_parent
FN:55,<flowclib::model::io::IO>::flow_io
FN:28,<flowclib::model::io::IO as serde::de::Deserialize>::deserialize::<toml::de::ValueDeserializer>
FN:20,<flowclib::model::io::IOType as core::cmp::PartialEq>::eq
FN:147,flowclib::model::io::default_io_type
FN:28,<<flowclib::model::io::IO as serde::de::Deserialize>::deserialize::__Field as serde::de::Deserialize>::deserialize::<serde::de::value::BorrowedStrDeserializer<toml::de::Error>>
FN:317,flowclib::model::io::test::deserialize_name::{closure#0}
FN:47,<flowclib::model::io::IO>::new::<&str, flowclib::model::route::Route>
FN:28,<<flowclib::model::io::IO as serde::de::Deserialize>::deserialize::__Field as serde::de::Deserialize>::deserialize::<serde::__private::de::content::ContentRefDeserializer<serde_yaml::error::Error>>
FN:92,<flowclib::model::io::IO>::set_initializer
FN:128,<flowclib::model::io::IO as flowclib::model::datatype::HasDataType>::datatype
FN:28,<<flowclib::model::io::IO as serde::de::Deserialize>::deserialize::__Field as serde::de::Deserialize>::deserialize::<serde::__private::de::content::ContentRefDeserializer<serde_json::error::Error>>
FNDA:1,<alloc::vec::Vec<flowclib::model::io::IO> as flowclib::compiler::loader::Validate>::validate
FNDA:0,<alloc::vec::Vec<flowclib::model::io::IO> as flowclib::model::io::Find>::find_by_name
FNDA:0,<alloc::vec::Vec<flowclib::model::io::IO> as flowclib::model::io::Find>::find
FNDA:1,flowclib::model::io::test::deserialize_extra_field_fails
FNDA:1,<flowclib::model::io::IOType as core::cmp::PartialEq>::eq
FNDA:1,flowclib::model::io::test::deserialize_empty_string
FNDA:1,<<flowclib::model::io::IO as serde::de::Deserialize>::deserialize::__Visitor as serde::de::Visitor>::visit_map::<&mut serde::de::value::MapDeserializer<core::iter::adapters::map::Map<core::slice::iter::Iter<(serde::__private::de::content::Content, serde::__private::de::content::Content)>, serde::__private::de::content::visit_content_map_ref<<flowclib::model::io::IO as serde::de::Deserialize>::deserialize::__Visitor, toml::de::Error>::{closure#0}>, toml::de::Error>>
FNDA:1,<alloc::vec::Vec<flowclib::model::io::IO> as flowclib::model::route::SetIORoutes>::set_io_routes_from_parent
FNDA:1,<flowclib::model::io::IO>::set_route_from_parent
FNDA:0,<<flowclib::model::io::IOType as serde::de::Deserialize>::deserialize::__Visitor as serde::de::Visitor>::visit_enum::<_>
FNDA:1,<alloc::vec::Vec<flowclib::model::io::IO> as flowclib::model::io::Find>::find_by_route
FNDA:1,<<flowclib::model::io::IO as serde::de::Deserialize>::deserialize::__Visitor as serde::de::Visitor>::visit_map::<toml::de::MapVisitor>
FNDA:0,<flowclib::model::io::IO as serde::de::Deserialize>::deserialize::<serde::__private::de::content::ContentRefDeserializer<serde_yaml::error::Error>>
FNDA:1,flowclib::model::io::test::non_unique_io_names_wont_validate
FNDA:1,<alloc::vec::Vec<flowclib::model::io::IO> as flowclib::model::io::Find>::find_by_name
FNDA:1,<<flowclib::model::io::IO as serde::de::Deserialize>::deserialize::__Visitor as serde::de::Visitor>::visit_map::<&mut serde::de::value::MapDeserializer<core::iter::adapters::map::Map<core::slice::iter::Iter<(serde::__private::de::content::Content, serde::__private::de::content::Content)>, serde::__private::de::content::visit_content_map_ref<<flowclib::model::io::IO as serde::de::Deserialize>::deserialize::__Visitor, toml::de::Error>::{closure#0}>, toml::de::Error>>
FNDA:0,<flowclib::model::io::IO as serde::de::Deserialize>::deserialize::<serde::__private::de::content::ContentRefDeserializer<serde_yaml::error::Error>>
FNDA:1,<flowclib::model::io::IOType as core::clone::Clone>::clone
FNDA:0,<flowclib::model::io::IO>::set_initial_values
FNDA:1,<flowclib::model::io::IO as core::default::Default>::default
FNDA:0,<flowclib::model::io::IO as flowclib::model::datatype::HasDataType>::datatype
FNDA:1,<flowclib::model::io::IO as core::default::Default>::default
FNDA:0,<<flowclib::model::io::IOType as serde::de::Deserialize>::deserialize::__FieldVisitor as serde::de::Visitor>::expecting
FNDA:1,<flowclib::model::io::IO>::get_initializer
FNDA:0,<flowclib::model::io::IO>::set_flow_io
FNDA:0,<<flowclib::model::io::IOType as serde::de::Deserialize>::deserialize::__Visitor as serde::de::Visitor>::visit_enum::<_>
FNDA:0,<<flowclib::model::io::IOType as serde::de::Deserialize>::deserialize::__Visitor as serde::de::Visitor>::expecting
FNDA:1,<flowclib::model::io::IO>::io_type
FNDA:0,<flowclib::model::io::IO as flowclib::model::datatype::HasDataType>::datatype
FNDA:0,<<flowclib::model::io::IOType as serde::de::Deserialize>::deserialize::__FieldVisitor as serde::de::Visitor>::visit_u64::<_>
FNDA:1,<flowclib::model::io::IO as flowclib::model::route::HasRoute>::route_mut
FNDA:1,<<flowclib::model::io::IO as serde::de::Deserialize>::deserialize::__FieldVisitor as serde::de::Visitor>::visit_str::<toml::de::Error>
FNDA:0,<flowclib::model::io::IOType as serde::de::Deserialize>::deserialize::<_>
FNDA:0,<<flowclib::model::io::IOType as serde::de::Deserialize>::deserialize::__Visitor as serde::de::Visitor>::expecting
FNDA:1,<flowclib::model::io::IO>::set_datatype
FNDA:0,<flowclib::model::io::IO as core::fmt::Debug>::fmt
FNDA:1,flowclib::model::io::test::unique_io_names_validate::{closure#0}
FNDA:1,<flowclib::model::io::IO>::datatype
FNDA:0,<flowclib::model::io::IO as core::fmt::Display>::fmt
FNDA:0,<<flowclib::model::io::IOType as serde::de::Deserialize>::deserialize::__FieldVisitor as serde::de::Visitor>::visit_bytes::<_>
FNDA:1,<<flowclib::model::io::IO as serde::de::Deserialize>::deserialize::__FieldVisitor as serde::de::Visitor>::visit_str::<toml::de::Error>
FNDA:1,flowclib::model::io::default_io_type
FNDA:0,<<flowclib::model::io::IOType as serde::de::Deserialize>::deserialize::__FieldVisitor as serde::de::Visitor>::expecting
FNDA:1,<flowclib::model::io::IO as flowclib::compiler::loader::Validate>::validate
FNDA:0,<flowclib::model::io::IO as core::fmt::Debug>::fmt
FNDA:1,flowclib::model::io::test::deserialize_valid_json_type
FNDA:1,flowclib::model::io::test::deserialize_invalid_type::{closure#0}
FNDA:1,<flowclib::model::io::IO>::new::<&str, flowclib::model::route::Route>
FNDA:1,<flowclib::model::io::IO as flowclib::model::route::HasRoute>::route
FNDA:1,<flowclib::model::io::IOType as core::clone::Clone>::clone
FNDA:0,<<flowclib::model::io::IOType as serde::de::Deserialize>::deserialize::__FieldVisitor as serde::de::Visitor>::visit_str::<_>
FNDA:1,flowclib::model::io::test::non_unique_io_names_wont_validate::{closure#0}
FNDA:1,<flowclib::model::io::IO as serde::de::Deserialize>::deserialize::<&mut toml::de::Deserializer>
FNDA:1,flowclib::model::io::test::methods_work
FNDA:0,<<flowclib::model::io::IOType as serde::de::Deserialize>::deserialize::__Visitor as serde::de::Visitor>::expecting
FNDA:0,<flowclib::model::io::IO as serde::de::Deserialize>::deserialize::<serde::__private::de::content::ContentRefDeserializer<serde_json::error::Error>>
FNDA:0,<flowclib::model::io::IO as serde::de::Deserialize>::deserialize::<serde::__private::de::content::ContentRefDeserializer<serde_json::error::Error>>
FNDA:1,flowclib::model::io::test::deserialize_valid_type::{closure#0}
FNDA:1,<alloc::vec::Vec<flowclib::model::io::IO> as flowclib::model::io::Find>::find_by_route
FNDA:0,<flowclib::model::io::IOType as serde::de::Deserialize>::deserialize::<_>
FNDA:0,<<flowclib::model::io::IO as serde::de::Deserialize>::deserialize::__Field as serde::de::Deserialize>::deserialize::<serde::__private::de::content::ContentRefDeserializer<serde_yaml::error::Error>>
FNDA:1,<flowclib::model::io::IO as serde::de::Deserialize>::deserialize::<serde::__private::de::content::ContentRefDeserializer<toml::de::Error>>
FNDA:0,<flowclib::model::io::IO as core::fmt::Display>::fmt
FNDA:1,flowclib::model::io::test::deserialize_invalid_type
FNDA:1,<flowclib::model::io::IO>::new::<&str, &str>
FNDA:1,flowclib::model::io::test::methods_work::{closure#0}
FNDA:1,<flowclib::model::io::IO as core::clone::Clone>::clone
FNDA:0,<<flowclib::model::io::IOType as serde::de::Deserialize>::deserialize::__Field as serde::de::Deserialize>::deserialize::<_>
FNDA:1,<flowclib::model::io::IO as serde::de::Deserialize>::deserialize::<toml::de::MapVisitor>
FNDA:0,<flowclib::model::io::IOType as serde::ser::Serialize>::serialize::<_>
FNDA:1,flowclib::model::io::test::deserialize_valid_string_type
FNDA:1,flowclib::model::io::default_type
FNDA:1,<<flowclib::model::io::IO as serde::de::Deserialize>::deserialize::__Field as serde::de::Deserialize>::deserialize::<serde::__private::de::content::ContentRefDeserializer<toml::de::Error>>
FNDA:0,<<flowclib::model::io::IOType as serde::de::Deserialize>::deserialize::__FieldVisitor as serde::de::Visitor>::visit_str::<_>
FNDA:1,<flowclib::model::io::IO as core::clone::Clone>::clone
FNDA:1,<flowclib::model::io::IO>::set_route
FNDA:1,<flowclib::model::io::IO>::set_route
FNDA:1,flowclib::model::io::test::deserialize_valid_json_type::{closure#0}
FNDA:1,<flowclib::model::io::IO>::io_type
FNDA:1,<flowclib::model::io::IO>::set_initializer
FNDA:1,flowclib::model::io::default_io_type
FNDA:0,<<flowclib::model::io::IO as serde::de::Deserialize>::deserialize::__Field as serde::de::Deserialize>::deserialize::<serde::__private::de::content::ContentRefDeserializer<serde_yaml::error::Error>>
FNDA:0,<flowclib::model::io::IO>::flow_io
FNDA:1,<flowclib::model::io::IO>::set_initializer
FNDA:1,<flowclib::model::io::IO>::set_initial_values
FNDA:1,<alloc::vec::Vec<flowclib::model::io::IO> as flowclib::model::io::Find>::find_by_route
FNDA:1,<alloc::vec::Vec<flowclib::model::io::IO> as flowclib::model::route::SetIORoutes>::set_io_routes_from_parent
FNDA:1,<flowclib::model::io::IO>::flow_io
FNDA:1,<flowclib::model::io::IO as flowclib::model::name::HasName>::name
FNDA:0,<<flowclib::model::io::IOType as serde::de::Deserialize>::deserialize::__Field as serde::de::Deserialize>::deserialize::<_>
FNDA:0,<<flowclib::model::io::IO as serde::de::Deserialize>::deserialize::__Visitor as serde::de::Visitor>::expecting
FNDA:0,<flowclib::model::io::IOType as serde::de::Deserialize>::deserialize::<_>
FNDA:0,<<flowclib::model::io::IO as serde::de::Deserialize>::deserialize::__FieldVisitor as serde::de::Visitor>::expecting
FNDA:1,<flowclib::model::io::IO>::set_route_from_parent
FNDA:0,<<flowclib::model::io::IO as serde::de::Deserialize>::deserialize::__Field as serde::de::Deserialize>::deserialize::<toml::de::DatetimeFieldDeserializer>
FNDA:1,<flowclib::model::io::IO as serde::de::Deserialize>::deserialize::<serde::__private::de::content::ContentRefDeserializer<toml::de::Error>>
FNDA:0,<<flowclib::model::io::IOType as serde::de::Deserialize>::deserialize::__FieldVisitor as serde::de::Visitor>::visit_bytes::<_>
FNDA:1,flowclib::model::io::test::multiple_inputs_empty_name_not_allowed
FNDA:0,<flowclib::model::io::IO>::set_flow_io
FNDA:0,<flowclib::model::io::IO>::new::<&str, flowclib::model::route::Route>
FNDA:1,<flowclib::model::io::IO as flowclib::model::name::HasName>::name
FNDA:1,<flowclib::model::io::IO>::set_flow_io
FNDA:1,<flowclib::model::io::IO>::datatype
FNDA:1,<flowclib::model::io::IO as flowclib::compiler::loader::Validate>::validate
FNDA:0,<<flowclib::model::io::IOType as serde::de::Deserialize>::deserialize::__FieldVisitor as serde::de::Visitor>::visit_u64::<_>
FNDA:1,flowclib::model::io::test::deserialize_extra_field_fails::{closure#0}
FNDA:0,<flowclib::model::io::IO as flowclib::model::name::HasName>::alias
FNDA:1,<<flowclib::model::io::IO as serde::de::Deserialize>::deserialize::__Field as serde::de::Deserialize>::deserialize::<toml::de::StrDeserializer>
FNDA:0,<<flowclib::model::io::IO as serde::de::Deserialize>::deserialize::__FieldVisitor as serde::de::Visitor>::expecting
FNDA:0,<<flowclib::model::io::IOType as serde::de::Deserialize>::deserialize::__Field as serde::de::Deserialize>::deserialize::<_>
FNDA:1,<flowclib::model::io::IO as core::default::Default>::default
FNDA:1,flowclib::model::io::default_type
FNDA:0,<<flowclib::model::io::IO as serde::de::Deserialize>::deserialize::__Field as serde::de::Deserialize>::deserialize::<serde::__private::de::content::ContentRefDeserializer<serde_json::error::Error>>
FNDA:1,flowclib::model::io::default_type
FNDA:0,<<flowclib::model::io::IO as serde::de::Deserialize>::deserialize::__FieldVisitor as serde::de::Visitor>::expecting
FNDA:1,<flowclib::model::io::IO as flowclib::model::name::HasName>::alias
FNDA:1,<flowclib::model::io::IO as flowclib::compiler::loader::Validate>::validate
FNDA:1,<flowclib::model::io::IO>::set_datatype
FNDA:1,<<flowclib::model::io::IO as serde::de::Deserialize>::deserialize::__Visitor as serde::de::Visitor>::visit_map::<&mut serde::de::value::MapDeserializer<core::iter::adapters::map::Map<core::slice::iter::Iter<(serde::__private::de::content::Content, serde::__private::de::content::Content)>, serde::__private::de::content::visit_content_map_ref<<flowclib::model::io::IO as serde::de::Deserialize>::deserialize::__Visitor, toml::de::Error>::{closure#0}>, toml::de::Error>>
FNDA:1,<alloc::vec::Vec<flowclib::model::io::IO> as flowclib::model::io::Find>::find
FNDA:1,<flowclib::model::io::IO>::set_datatype
FNDA:1,<flowclib::model::io::IO>::get_initializer
FNDA:1,<<flowclib::model::io::IO as serde::de::Deserialize>::deserialize::__Field as serde::de::Deserialize>::deserialize::<serde::__private::de::content::ContentRefDeserializer<toml::de::Error>>
FNDA:0,<<flowclib::model::io::IO as serde::de::Deserialize>::deserialize::__Visitor as serde::de::Visitor>::expecting
FNDA:1,<alloc::vec::Vec<flowclib::model::io::IO> as flowclib::model::io::Find>::find
FNDA:1,<flowclib::model::io::IO as core::clone::Clone>::clone
FNDA:0,<alloc::vec::Vec<flowclib::model::io::IO> as flowclib::compiler::loader::Validate>::validate
FNDA:0,<<flowclib::model::io::IOType as serde::de::Deserialize>::deserialize::__FieldVisitor as serde::de::Visitor>::visit_str::<_>
FNDA:1,<flowclib::model::io::IO as flowclib::model::route::HasRoute>::route
FNDA:0,<flowclib::model::io::IO as flowclib::model::name::HasName>::alias
FNDA:1,flowclib::model::io::test::deserialize_valid_string_type::{closure#0}
FNDA:0,<flowclib::model::io::IOType as serde::ser::Serialize>::serialize::<_>
FNDA:0,<<flowclib::model::io::IOType as serde::de::Deserialize>::deserialize::__FieldVisitor as serde::de::Visitor>::visit_u64::<_>
FNDA:0,<<flowclib::model::io::IOType as serde::de::Deserialize>::deserialize::__FieldVisitor as serde::de::Visitor>::expecting
FNDA:0,<alloc::vec::Vec<flowclib::model::io::IO> as flowclib::compiler::loader::Validate>::validate
FNDA:1,<flowclib::model::io::IO>::io_type
FNDA:0,<<flowclib::model::io::IO as serde::de::Deserialize>::deserialize::__Visitor as serde::de::Visitor>::expecting
FNDA:1,flowclib::model::io::test::deserialize_valid_type
FNDA:1,<flowclib::model::io::IO>::get_initializer
FNDA:0,<flowclib::model::io::IO as core::fmt::Display>::fmt
FNDA:1,<flowclib::model::io::IO as flowclib::model::route::HasRoute>::route
FNDA:1,flowclib::model::io::test::deserialize_empty_string::{closure#0}
FNDA:0,<flowclib::model::io::IOType as serde::ser::Serialize>::serialize::<_>
FNDA:1,<flowclib::model::io::IO as flowclib::model::name::HasName>::name
FNDA:1,<flowclib::model::io::IO as flowclib::model::route::HasRoute>::route_mut
FNDA:0,<flowclib::model::io::IO as serde::ser::Serialize>::serialize::<_>
FNDA:0,<flowclib::model::io::IO as serde::de::Deserialize>::deserialize::<serde::__private::de::content::ContentRefDeserializer<serde_json::error::Error>>
FNDA:1,<flowclib::model::io::IOType as core::clone::Clone>::clone
FNDA:1,<flowclib::model::io::IO>::set_initial_values
FNDA:1,<flowclib::model::io::IO as serde::de::Deserialize>::deserialize::<serde::__private::de::content::ContentRefDeserializer<toml::de::Error>>
FNDA:1,<<flowclib::model::io::IO as serde::de::Deserialize>::deserialize::__FieldVisitor as serde::de::Visitor>::visit_str::<toml::de::Error>
FNDA:0,<<flowclib::model::io::IO as serde::de::Deserialize>::deserialize::__Field as serde::de::Deserialize>::deserialize::<serde::__private::de::content::ContentRefDeserializer<serde_json::error::Error>>
FNDA:0,<<flowclib::model::io::IOType as serde::de::Deserialize>::deserialize::__FieldVisitor as serde::de::Visitor>::visit_bytes::<_>
FNDA:1,<flowclib::model::io::IO>::datatype
FNDA:1,<flowclib::model::io::IOType as core::cmp::PartialEq>::eq
FNDA:0,<flowclib::model::io::IO as serde::de::Deserialize>::deserialize::<serde::__private::de::content::ContentRefDeserializer<serde_yaml::error::Error>>
FNDA:0,<flowclib::model::io::IO as serde::ser::Serialize>::serialize::<_>
FNDA:0,<flowclib::model::io::IO as core::fmt::Debug>::fmt
FNDA:1,flowclib::model::io::test::deserialize_name
FNDA:1,flowclib::model::io::test::multiple_inputs_empty_name_not_allowed::{closure#0}
FNDA:0,<flowclib::model::io::IO as flowclib::model::route::HasRoute>::route_mut
FNDA:0,<<flowclib::model::io::IOType as serde::de::Deserialize>::deserialize::__Visitor as serde::de::Visitor>::visit_enum::<_>
FNDA:1,flowclib::model::io::test::unique_io_names_validate
FNDA:1,<flowclib::model::io::IO>::set_route
FNDA:1,<flowclib::model::io::IO>::set_route_from_parent
FNDA:1,<alloc::vec::Vec<flowclib::model::io::IO> as flowclib::model::io::Find>::find_by_name
FNDA:1,<<flowclib::model::io::IO as serde::de::Deserialize>::deserialize::__Field as serde::de::Deserialize>::deserialize::<serde::__private::de::content::ContentRefDeserializer<toml::de::Error>>
FNDA:0,<flowclib::model::io::IO as serde::ser::Serialize>::serialize::<_>
FNDA:1,<alloc::vec::Vec<flowclib::model::io::IO> as flowclib::model::route::SetIORoutes>::set_io_routes_from_parent
FNDA:1,<flowclib::model::io::IO>::flow_io
FNDA:0,<flowclib::model::io::IO as serde::de::Deserialize>::deserialize::<toml::de::ValueDeserializer>
FNDA:1,<flowclib::model::io::IOType as core::cmp::PartialEq>::eq
FNDA:1,flowclib::model::io::default_io_type
FNDA:0,<<flowclib::model::io::IO as serde::de::Deserialize>::deserialize::__Field as serde::de::Deserialize>::deserialize::<serde::de::value::BorrowedStrDeserializer<toml::de::Error>>
FNDA:1,flowclib::model::io::test::deserialize_name::{closure#0}
FNDA:0,<flowclib::model::io::IO>::new::<&str, flowclib::model::route::Route>
FNDA:0,<<flowclib::model::io::IO as serde::de::Deserialize>::deserialize::__Field as serde::de::Deserialize>::deserialize::<serde::__private::de::content::ContentRefDeserializer<serde_yaml::error::Error>>
FNDA:1,<flowclib::model::io::IO>::set_initializer
FNDA:0,<flowclib::model::io::IO as flowclib::model::datatype::HasDataType>::datatype
FNDA:0,<<flowclib::model::io::IO as serde::de::Deserialize>::deserialize::__Field as serde::de::Deserialize>::deserialize::<serde::__private::de::content::ContentRefDeserializer<serde_json::error::Error>>
FNF:180
FNH:107
BRF:0
BRH:0
DA:20,10693
DA:28,12287
DA:47,55
DA:48,55
DA:49,55
DA:50,55
DA:51,55
DA:52,55
DA:53,55
DA:55,794
DA:56,794
DA:57,794
DA:59,1385
DA:60,1385
DA:61,1385
DA:63,19
DA:64,19
DA:65,19
DA:67,2559
DA:68,2559
DA:69,2559
DA:71,2920
DA:72,2920
DA:73,2920
DA:74,2920
DA:76,2677
DA:77,2677
DA:78,552
DA:79,2125
DA:80,2125
DA:81,2125
DA:82,2677
DA:84,127
DA:85,127
DA:86,127
DA:88,2569
DA:89,2569
DA:90,2569
DA:92,1709
DA:93,1709
DA:94,1709
DA:95,88
DA:96,1622
DA:97,1709
DA:101,1779
DA:102,1779
DA:103,1779
DA:104,1779
DA:105,1779
DA:106,1779
DA:107,1779
DA:108,1779
DA:109,1779
DA:113,0
DA:114,0
DA:115,0
DA:119,8340
DA:120,8340
DA:121,8340
DA:122,12
DA:123,12
DA:124,12
DA:128,0
DA:129,0
DA:130,0
DA:134,16509
DA:135,16509
DA:136,16509
DA:138,172
DA:139,172
DA:140,172
DA:143,1817
DA:144,1817
DA:145,1817
DA:147,2691
DA:148,2691
DA:149,2691
DA:152,2690
DA:153,2690
DA:154,2690
DA:161,3
DA:162,3
DA:163,6
DA:164,6
DA:166,6
DA:167,1
DA:168,5
DA:169,5
DA:170,5
DA:171,1
DA:172,4
DA:175,1
DA:176,3
DA:180,2112
DA:181,2677
DA:182,2677
DA:184,2112
DA:199,1508
DA:200,2716
DA:201,2716
DA:202,308
DA:203,2408
DA:205,1200
DA:206,1508
DA:208,438
DA:209,438
DA:210,438
DA:211,438
DA:212,438
DA:213,734
DA:214,734
DA:215,438
DA:216,438
DA:217,296
DA:219,0
DA:220,438
DA:224,1269
DA:225,1269
DA:226,1269
DA:227,1269
DA:228,1269
DA:229,2116
DA:230,2116
DA:231,2116
DA:232,134
DA:233,134
DA:235,127
DA:236,127
DA:237,127
DA:238,127
DA:239,127
DA:240,127
DA:241,127
DA:242,1989
DA:243,1989
DA:244,1989
DA:245,1142
DA:246,1142
DA:247,847
DA:249,0
DA:250,1269
DA:254,1054
DA:255,208
DA:257,561
DA:258,561
DA:259,385
DA:260,208
DA:261,208
DA:262,353
DA:265,1054
DA:280,1
DA:281,1
DA:282,1
DA:283,1
DA:284,1
DA:285,1
DA:286,1
DA:287,1
DA:288,1
DA:291,1
DA:292,1
DA:293,1
DA:294,1
DA:295,1
DA:296,1
DA:297,1
DA:298,1
DA:299,1
DA:300,1
DA:301,1
DA:304,1
DA:305,1
DA:306,1
DA:307,1
DA:308,1
DA:309,1
DA:310,1
DA:311,1
DA:312,1
DA:313,1
DA:314,1
DA:317,1
DA:318,1
DA:319,1
DA:320,1
DA:321,1
DA:322,1
DA:323,1
DA:324,1
DA:325,1
DA:326,1
DA:327,1
DA:328,1
DA:329,1
DA:332,1
DA:333,1
DA:334,1
DA:335,1
DA:336,1
DA:337,1
DA:338,1
DA:339,1
DA:340,1
DA:341,1
DA:342,1
DA:343,1
DA:346,1
DA:347,1
DA:348,1
DA:349,1
DA:350,1
DA:351,1
DA:352,1
DA:353,1
DA:354,1
DA:355,1
DA:356,1
DA:357,1
DA:358,1
DA:361,1
DA:362,1
DA:363,1
DA:364,1
DA:365,1
DA:366,1
DA:367,1
DA:368,1
DA:369,1
DA:370,1
DA:371,1
DA:372,1
DA:375,1
DA:376,1
DA:377,1
DA:378,1
DA:379,1
DA:380,1
DA:381,1
DA:382,1
DA:383,1
DA:384,1
DA:387,1
DA:388,1
DA:389,1
DA:390,1
DA:391,1
DA:392,1
DA:393,1
DA:394,1
DA:395,1
DA:396,1
DA:397,1
DA:398,1
DA:399,1
DA:400,1
DA:401,1
DA:402,1
DA:403,1
DA:404,1
DA:407,1
DA:408,1
DA:409,1
DA:410,1
DA:411,1
DA:412,1
DA:413,1
DA:414,1
DA:415,1
DA:416,1
DA:417,1
DA:418,1
DA:421,1
DA:422,1
DA:423,1
DA:424,1
DA:425,1
DA:426,1
DA:427,1
DA:428,1
DA:429,1
DA:430,1
DA:431,1
DA:432,1
DA:433,1
DA:434,1
DA:435,1
DA:436,1
DA:437,1
DA:438,1
LF:289
LH:281
end_of_record
SF:flowr/src/lib/wasm.rs
FN:130,flowrlib::wasm::load
FN:62,<flowrlib::wasm::WasmExecutor as flowcore::Implementation>::run
FN:153,flowrlib::wasm::load::{closure#4}
FN:22,<flowrlib::wasm::WasmExecutor as core::fmt::Debug>::fmt
FN:30,<flowrlib::wasm::WasmExecutor>::new
FN:134,flowrlib::wasm::load::{closure#1}
FN:133,flowrlib::wasm::load::{closure#0}
FN:165,flowrlib::wasm::check_required_functions
FN:22,<flowrlib::wasm::WasmExecutor as core::fmt::Debug>::fmt
FN:155,flowrlib::wasm::load::{closure#5}
FN:30,<flowrlib::wasm::WasmExecutor>::new
FN:130,flowrlib::wasm::load
FN:46,flowrlib::wasm::send_byte_array
FN:155,flowrlib::wasm::load::{closure#5}
FN:148,flowrlib::wasm::load::{closure#3}
FN:133,flowrlib::wasm::load::{closure#0}
FN:140,flowrlib::wasm::load::{closure#2}
FN:153,flowrlib::wasm::load::{closure#4}
FN:165,flowrlib::wasm::check_required_functions
FN:62,<flowrlib::wasm::WasmExecutor as flowcore::Implementation>::run
FN:140,flowrlib::wasm::load::{closure#2}
FN:148,flowrlib::wasm::load::{closure#3}
FN:134,flowrlib::wasm::load::{closure#1}
FNDA:0,flowrlib::wasm::load
FNDA:1,<flowrlib::wasm::WasmExecutor as flowcore::Implementation>::run
FNDA:0,flowrlib::wasm::load::{closure#4}
FNDA:0,<flowrlib::wasm::WasmExecutor as core::fmt::Debug>::fmt
FNDA:0,<flowrlib::wasm::WasmExecutor>::new
FNDA:0,flowrlib::wasm::load::{closure#1}
FNDA:0,flowrlib::wasm::load::{closure#0}
FNDA:0,flowrlib::wasm::check_required_functions
FNDA:0,<flowrlib::wasm::WasmExecutor as core::fmt::Debug>::fmt
FNDA:0,flowrlib::wasm::load::{closure#5}
FNDA:1,<flowrlib::wasm::WasmExecutor>::new
FNDA:1,flowrlib::wasm::load
FNDA:1,flowrlib::wasm::send_byte_array
FNDA:0,flowrlib::wasm::load::{closure#5}
FNDA:0,flowrlib::wasm::load::{closure#3}
FNDA:0,flowrlib::wasm::load::{closure#0}
FNDA:0,flowrlib::wasm::load::{closure#2}
FNDA:0,flowrlib::wasm::load::{closure#4}
FNDA:1,flowrlib::wasm::check_required_functions
FNDA:0,<flowrlib::wasm::WasmExecutor as flowcore::Implementation>::run
FNDA:0,flowrlib::wasm::load::{closure#2}
FNDA:0,flowrlib::wasm::load::{closure#3}
FNDA:0,flowrlib::wasm::load::{closure#1}
FNF:23
FNH:5
BRF:0
BRH:0
DA:22,0
DA:30,10
DA:31,10
DA:32,10
DA:33,10
DA:34,10
DA:35,10
DA:36,10
DA:46,1216
DA:47,1216
DA:48,1216
DA:49,1216
DA:50,1216
DA:51,1216
DA:52,1216
DA:53,1216
DA:54,0
DA:56,0
DA:58,1216
DA:62,1216
DA:64,1216
DA:66,1216
DA:67,1216
DA:68,1216
DA:69,1216
DA:70,1216
DA:71,1216
DA:72,1216
DA:73,1216
DA:74,1216
DA:75,1216
DA:76,1216
DA:77,1216
DA:78,1216
DA:79,1216
DA:80,1216
DA:81,1216
DA:82,0
DA:83,0
DA:84,0
DA:86,0
DA:88,1216
DA:89,1216
DA:90,1216
DA:91,1216
DA:92,1216
DA:94,1216
DA:96,0
DA:101,0
DA:102,0
DA:106,0
DA:107,0
DA:108,0
DA:110,0
DA:111,0
DA:113,0
DA:114,0
DA:115,0
DA:116,0
DA:118,0
DA:119,0
DA:122,0
DA:123,0
DA:125,0
DA:126,1216
DA:130,10
DA:131,10
DA:132,10
DA:133,10
DA:134,10
DA:135,0
DA:136,0
DA:137,0
DA:138,0
DA:139,10
DA:140,10
DA:141,0
DA:142,0
DA:143,0
DA:144,0
DA:145,10
DA:147,10
DA:148,10
DA:149,10
DA:151,10
DA:152,10
DA:153,10
DA:154,10
DA:155,10
DA:156,10
DA:157,10
DA:158,10
DA:160,10
DA:162,10
DA:163,10
DA:165,10
DA:166,10
DA:167,10
DA:168,10
DA:169,10
DA:170,10
DA:171,10
DA:172,10
DA:173,10
DA:174,10
DA:175,10
DA:177,30
DA:178,20
DA:179,20
DA:180,20
DA:181,20
DA:182,20
DA:183,20
DA:184,20
DA:185,0
DA:186,0
DA:187,0
DA:188,0
DA:189,0
DA:190,20
DA:192,0
DA:196,10
DA:197,10
LF:123
LH:85
end_of_record
SF:flowr/src/lib/debugger.rs
FN:101,<flowrlib::debugger::Debugger>::job_completed
FN:308,<flowrlib::debugger::Debugger>::add_breakpoint
FN:220,<flowrlib::debugger::Debugger>::flow_done
FN:36,<flowrlib::debugger::BlockerNode as core::clone::Clone>::clone
FN:156,<flowrlib::debugger::Debugger>::check_prior_to_send
FN:220,<flowrlib::debugger::Debugger>::flow_done
FN:114,<flowrlib::debugger::Debugger>::check_prior_to_job
FN:45,<flowrlib::debugger::BlockerNode>::new
FN:156,<flowrlib::debugger::Debugger>::check_prior_to_send
FN:210,<flowrlib::debugger::Debugger>::panic
FN:612,<flowrlib::debugger::Debugger>::print_function
FN:210,<flowrlib::debugger::Debugger>::panic
FN:138,<flowrlib::debugger::Debugger>::check_on_block_creation
FN:114,<flowrlib::debugger::Debugger>::check_prior_to_job
FN:467,<flowrlib::debugger::Debugger>::print
FN:197,<flowrlib::debugger::Debugger>::error
FN:29,<flowrlib::debugger::BlockType as core::clone::Clone>::clone
FN:81,<flowrlib::debugger::Debugger>::check_for_entry
FN:622,<flowrlib::debugger::Debugger>::print_all_processes
FN:532,<flowrlib::debugger::Debugger>::find_blockers::{closure#1}
FN:56,<flowrlib::debugger::BlockerNode as core::fmt::Display>::fmt
FN:578,<flowrlib::debugger::Debugger>::display_set
FN:362,<flowrlib::debugger::Debugger>::delete_breakpoint
FN:210,<flowrlib::debugger::Debugger>::panic
FN:114,<flowrlib::debugger::Debugger>::check_prior_to_job
FN:77,<flowrlib::debugger::Debugger>::start
FN:91,<flowrlib::debugger::Debugger>::enter
FN:308,<flowrlib::debugger::Debugger>::add_breakpoint
FN:453,<flowrlib::debugger::Debugger>::inspect
FN:501,<flowrlib::debugger::Debugger>::step
FN:138,<flowrlib::debugger::Debugger>::check_on_block_creation
FN:501,<flowrlib::debugger::Debugger>::step
FN:467,<flowrlib::debugger::Debugger>::print
FN:65,<flowrlib::debugger::Debugger>::new
FN:91,<flowrlib::debugger::Debugger>::enter
FN:578,<flowrlib::debugger::Debugger>::display_set
FN:56,<flowrlib::debugger::BlockerNode as core::fmt::Display>::fmt
FN:578,<flowrlib::debugger::Debugger>::display_set
FN:29,<flowrlib::debugger::BlockType as core::fmt::Debug>::fmt
FN:36,<flowrlib::debugger::BlockerNode as core::fmt::Debug>::fmt
FN:56,<flowrlib::debugger::BlockerNode as core::fmt::Display>::fmt
FN:622,<flowrlib::debugger::Debugger>::print_all_processes
FN:101,<flowrlib::debugger::Debugger>::job_completed
FN:612,<flowrlib::debugger::Debugger>::print_function
FN:81,<flowrlib::debugger::Debugger>::check_for_entry
FN:501,<flowrlib::debugger::Debugger>::step
FN:45,<flowrlib::debugger::BlockerNode>::new
FN:622,<flowrlib::debugger::Debugger>::print_all_processes
FN:547,<flowrlib::debugger::Debugger>::traverse_blocker_tree
FN:65,<flowrlib::debugger::Debugger>::new
FN:45,<flowrlib::debugger::BlockerNode>::new
FN:453,<flowrlib::debugger::Debugger>::inspect
FN:522,<flowrlib::debugger::Debugger>::find_blockers
FN:236,<flowrlib::debugger::Debugger>::wait_for_command
FN:156,<flowrlib::debugger::Debugger>::check_prior_to_send
FN:81,<flowrlib::debugger::Debugger>::check_for_entry
FN:587,<flowrlib::debugger::Debugger>::deadlock_inspection
FN:491,<flowrlib::debugger::Debugger>::reset
FN:91,<flowrlib::debugger::Debugger>::enter
FN:36,<flowrlib::debugger::BlockerNode as core::fmt::Debug>::fmt
FN:526,<flowrlib::debugger::Debugger>::find_blockers::{closure#0}
FN:467,<flowrlib::debugger::Debugger>::print
FN:522,<flowrlib::debugger::Debugger>::find_blockers
FN:522,<flowrlib::debugger::Debugger>::find_blockers
FN:236,<flowrlib::debugger::Debugger>::wait_for_command
FN:362,<flowrlib::debugger::Debugger>::delete_breakpoint
FN:587,<flowrlib::debugger::Debugger>::deadlock_inspection
FN:101,<flowrlib::debugger::Debugger>::job_completed
FN:77,<flowrlib::debugger::Debugger>::start
FN:362,<flowrlib::debugger::Debugger>::delete_breakpoint
FN:526,<flowrlib::debugger::Debugger>::find_blockers::{closure#0}
FN:404,<flowrlib::debugger::Debugger>::list_breakpoints
FN:65,<flowrlib::debugger::Debugger>::new
FN:547,<flowrlib::debugger::Debugger>::traverse_blocker_tree
FN:612,<flowrlib::debugger::Debugger>::print_function
FN:491,<flowrlib::debugger::Debugger>::reset
FN:453,<flowrlib::debugger::Debugger>::inspect
FN:587,<flowrlib::debugger::Debugger>::deadlock_inspection
FN:236,<flowrlib::debugger::Debugger>::wait_for_command
FN:197,<flowrlib::debugger::Debugger>::error
FN:29,<flowrlib::debugger::BlockType as core::clone::Clone>::clone
FN:547,<flowrlib::debugger::Debugger>::traverse_blocker_tree
FN:532,<flowrlib::debugger::Debugger>::find_blockers::{closure#1}
FN:197,<flowrlib::debugger::Debugger>::error
FN:404,<flowrlib::debugger::Debugger>::list_breakpoints
FN:404,<flowrlib::debugger::Debugger>::list_breakpoints
FN:526,<flowrlib::debugger::Debugger>::find_blockers::{closure#0}
FN:29,<flowrlib::debugger::BlockType as core::fmt::Debug>::fmt
FN:532,<flowrlib::debugger::Debugger>::find_blockers::{closure#1}
FN:138,<flowrlib::debugger::Debugger>::check_on_block_creation
FN:77,<flowrlib::debugger::Debugger>::start
FN:220,<flowrlib::debugger::Debugger>::flow_done
FN:36,<flowrlib::debugger::BlockerNode as core::fmt::Debug>::fmt
FN:29,<flowrlib::debugger::BlockType as core::fmt::Debug>::fmt
FN:29,<flowrlib::debugger::BlockType as core::clone::Clone>::clone
FN:491,<flowrlib::debugger::Debugger>::reset
FN:36,<flowrlib::debugger::BlockerNode as core::clone::Clone>::clone
FN:36,<flowrlib::debugger::BlockerNode as core::clone::Clone>::clone
FN:308,<flowrlib::debugger::Debugger>::add_breakpoint
FNDA:0,<flowrlib::debugger::Debugger>::job_completed
FNDA:0,<flowrlib::debugger::Debugger>::add_breakpoint
FNDA:0,<flowrlib::debugger::Debugger>::flow_done
FNDA:0,<flowrlib::debugger::BlockerNode as core::clone::Clone>::clone
FNDA:0,<flowrlib::debugger::Debugger>::check_prior_to_send
FNDA:0,<flowrlib::debugger::Debugger>::flow_done
FNDA:0,<flowrlib::debugger::Debugger>::check_prior_to_job
FNDA:0,<flowrlib::debugger::BlockerNode>::new
FNDA:1,<flowrlib::debugger::Debugger>::check_prior_to_send
FNDA:0,<flowrlib::debugger::Debugger>::panic
FNDA:0,<flowrlib::debugger::Debugger>::print_function
FNDA:0,<flowrlib::debugger::Debugger>::panic
FNDA:1,<flowrlib::debugger::Debugger>::check_on_block_creation
FNDA:1,<flowrlib::debugger::Debugger>::check_prior_to_job
FNDA:0,<flowrlib::debugger::Debugger>::print
FNDA:0,<flowrlib::debugger::Debugger>::error
FNDA:0,<flowrlib::debugger::BlockType as core::clone::Clone>::clone
FNDA:0,<flowrlib::debugger::Debugger>::check_for_entry
FNDA:0,<flowrlib::debugger::Debugger>::print_all_processes
FNDA:0,<flowrlib::debugger::Debugger>::find_blockers::{closure#1}
FNDA:0,<flowrlib::debugger::BlockerNode as core::fmt::Display>::fmt
FNDA:0,<flowrlib::debugger::Debugger>::display_set
FNDA:0,<flowrlib::debugger::Debugger>::delete_breakpoint
FNDA:0,<flowrlib::debugger::Debugger>::panic
FNDA:0,<flowrlib::debugger::Debugger>::check_prior_to_job
FNDA:1,<flowrlib::debugger::Debugger>::start
FNDA:0,<flowrlib::debugger::Debugger>::enter
FNDA:0,<flowrlib::debugger::Debugger>::add_breakpoint
FNDA:0,<flowrlib::debugger::Debugger>::inspect
FNDA:0,<flowrlib::debugger::Debugger>::step
FNDA:0,<flowrlib::debugger::Debugger>::check_on_block_creation
FNDA:0,<flowrlib::debugger::Debugger>::step
FNDA:0,<flowrlib::debugger::Debugger>::print
FNDA:0,<flowrlib::debugger::Debugger>::new
FNDA:0,<flowrlib::debugger::Debugger>::enter
FNDA:0,<flowrlib::debugger::Debugger>::display_set
FNDA:0,<flowrlib::debugger::BlockerNode as core::fmt::Display>::fmt
FNDA:0,<flowrlib::debugger::Debugger>::display_set
FNDA:0,<flowrlib::debugger::BlockType as core::fmt::Debug>::fmt
FNDA:0,<flowrlib::debugger::BlockerNode as core::fmt::Debug>::fmt
FNDA:0,<flowrlib::debugger::BlockerNode as core::fmt::Display>::fmt
FNDA:0,<flowrlib::debugger::Debugger>::print_all_processes
FNDA:0,<flowrlib::debugger::Debugger>::job_completed
FNDA:0,<flowrlib::debugger::Debugger>::print_function
FNDA:0,<flowrlib::debugger::Debugger>::check_for_entry
FNDA:0,<flowrlib::debugger::Debugger>::step
FNDA:0,<flowrlib::debugger::BlockerNode>::new
FNDA:0,<flowrlib::debugger::Debugger>::print_all_processes
FNDA:0,<flowrlib::debugger::Debugger>::traverse_blocker_tree
FNDA:1,<flowrlib::debugger::Debugger>::new
FNDA:0,<flowrlib::debugger::BlockerNode>::new
FNDA:0,<flowrlib::debugger::Debugger>::inspect
FNDA:0,<flowrlib::debugger::Debugger>::find_blockers
FNDA:0,<flowrlib::debugger::Debugger>::wait_for_command
FNDA:1,<flowrlib::debugger::Debugger>::check_prior_to_send
FNDA:1,<flowrlib::debugger::Debugger>::check_for_entry
FNDA:0,<flowrlib::debugger::Debugger>::deadlock_inspection
FNDA:0,<flowrlib::debugger::Debugger>::reset
FNDA:0,<flowrlib::debugger::Debugger>::enter
FNDA:0,<flowrlib::debugger::BlockerNode as core::fmt::Debug>::fmt
FNDA:0,<flowrlib::debugger::Debugger>::find_blockers::{closure#0}
FNDA:0,<flowrlib::debugger::Debugger>::print
FNDA:0,<flowrlib::debugger::Debugger>::find_blockers
FNDA:0,<flowrlib::debugger::Debugger>::find_blockers
FNDA:0,<flowrlib::debugger::Debugger>::wait_for_command
FNDA:0,<flowrlib::debugger::Debugger>::delete_breakpoint
FNDA:0,<flowrlib::debugger::Debugger>::deadlock_inspection
FNDA:0,<flowrlib::debugger::Debugger>::job_completed
FNDA:0,<flowrlib::debugger::Debugger>::start
FNDA:0,<flowrlib::debugger::Debugger>::delete_breakpoint
FNDA:0,<flowrlib::debugger::Debugger>::find_blockers::{closure#0}
FNDA:0,<flowrlib::debugger::Debugger>::list_breakpoints
FNDA:1,<flowrlib::debugger::Debugger>::new
FNDA:0,<flowrlib::debugger::Debugger>::traverse_blocker_tree
FNDA:0,<flowrlib::debugger::Debugger>::print_function
FNDA:0,<flowrlib::debugger::Debugger>::reset
FNDA:0,<flowrlib::debugger::Debugger>::inspect
FNDA:0,<flowrlib::debugger::Debugger>::deadlock_inspection
FNDA:0,<flowrlib::debugger::Debugger>::wait_for_command
FNDA:0,<flowrlib::debugger::Debugger>::error
FNDA:0,<flowrlib::debugger::BlockType as core::clone::Clone>::clone
FNDA:0,<flowrlib::debugger::Debugger>::traverse_blocker_tree
FNDA:0,<flowrlib::debugger::Debugger>::find_blockers::{closure#1}
FNDA:0,<flowrlib::debugger::Debugger>::error
FNDA:0,<flowrlib::debugger::Debugger>::list_breakpoints
FNDA:0,<flowrlib::debugger::Debugger>::list_breakpoints
FNDA:0,<flowrlib::debugger::Debugger>::find_blockers::{closure#0}
FNDA:0,<flowrlib::debugger::BlockType as core::fmt::Debug>::fmt
FNDA:0,<flowrlib::debugger::Debugger>::find_blockers::{closure#1}
FNDA:1,<flowrlib::debugger::Debugger>::check_on_block_creation
FNDA:0,<flowrlib::debugger::Debugger>::start
FNDA:0,<flowrlib::debugger::Debugger>::flow_done
FNDA:0,<flowrlib::debugger::BlockerNode as core::fmt::Debug>::fmt
FNDA:0,<flowrlib::debugger::BlockType as core::fmt::Debug>::fmt
FNDA:0,<flowrlib::debugger::BlockType as core::clone::Clone>::clone
FNDA:0,<flowrlib::debugger::Debugger>::reset
FNDA:0,<flowrlib::debugger::BlockerNode as core::clone::Clone>::clone
FNDA:0,<flowrlib::debugger::BlockerNode as core::clone::Clone>::clone
FNDA:0,<flowrlib::debugger::Debugger>::add_breakpoint
FNF:99
FNH:9
BRF:0
BRH:0
DA:29,0
DA:36,0
DA:45,0
DA:46,0
DA:47,0
DA:48,0
DA:49,0
DA:50,0
DA:51,0
DA:52,0
DA:56,0
DA:57,0
DA:58,0
DA:59,0
DA:61,0
DA:65,56
DA:66,56
DA:67,56
DA:68,56
DA:69,56
DA:70,56
DA:71,56
DA:72,56
DA:73,56
DA:74,56
DA:75,56
DA:77,42
DA:78,42
DA:79,42
DA:81,6868
DA:82,6868
DA:83,0
DA:84,0
DA:85,6868
DA:86,6868
DA:91,0
DA:92,0
DA:93,0
DA:94,0
DA:101,0
DA:102,0
DA:103,0
DA:104,0
DA:105,0
DA:106,0
DA:107,0
DA:108,0
DA:114,6868
DA:115,6868
DA:116,6868
DA:117,6868
DA:118,6868
DA:119,6868
DA:120,6868
DA:121,0
DA:122,0
DA:123,0
DA:124,0
DA:125,0
DA:126,6868
DA:127,6868
DA:128,6868
DA:129,6868
DA:138,6838
DA:139,6838
DA:140,6838
DA:141,6838
DA:142,0
DA:143,0
DA:144,0
DA:145,0
DA:146,0
DA:147,6838
DA:148,6838
DA:156,10788
DA:157,10788
DA:158,10788
DA:159,10788
DA:160,10788
DA:161,10788
DA:162,10788
DA:163,10788
DA:164,10788
DA:165,10788
DA:166,10788
DA:167,10788
DA:168,10788
DA:169,10788
DA:170,10788
DA:171,0
DA:172,0
DA:173,0
DA:174,0
DA:175,0
DA:176,0
DA:177,0
DA:178,0
DA:179,0
DA:180,0
DA:181,0
DA:182,0
DA:183,0
DA:184,0
DA:185,0
DA:186,10788
DA:187,10788
DA:197,0
DA:198,0
DA:199,0
DA:200,0
DA:210,0
DA:211,0
DA:212,0
DA:213,0
DA:214,0
DA:215,0
DA:220,0
DA:221,0
DA:222,0
DA:223,0
DA:224,0
DA:236,0
DA:238,0
DA:239,0
DA:240,0
DA:241,0
DA:243,0
DA:244,0
DA:245,0
DA:246,0
DA:247,0
DA:248,0
DA:249,0
DA:250,0
DA:251,0
DA:252,0
DA:253,0
DA:254,0
DA:255,0
DA:256,0
DA:257,0
DA:258,0
DA:259,0
DA:260,0
DA:261,0
DA:262,0
DA:263,0
DA:264,0
DA:265,0
DA:266,0
DA:267,0
DA:268,0
DA:269,0
DA:271,0
DA:272,0
DA:277,0
DA:278,0
DA:279,0
DA:282,0
DA:283,0
DA:284,0
DA:285,0
DA:287,0
DA:288,0
DA:291,0
DA:292,0
DA:293,0
DA:295,0
DA:296,0
DA:297,0
DA:298,0
DA:301,0
DA:308,0
DA:309,0
DA:310,0
DA:311,0
DA:312,0
DA:313,0
DA:314,0
DA:315,0
DA:316,0
DA:317,0
DA:318,0
DA:319,0
DA:320,0
DA:321,0
DA:322,0
DA:323,0
DA:324,0
DA:325,0
DA:327,0
DA:328,0
DA:329,0
DA:330,0
DA:331,0
DA:332,0
DA:333,0
DA:334,0
DA:335,0
DA:336,0
DA:337,0
DA:338,0
DA:339,0
DA:340,0
DA:341,0
DA:342,0
DA:343,0
DA:344,0
DA:345,0
DA:346,0
DA:347,0
DA:348,0
DA:349,0
DA:350,0
DA:351,0
DA:352,0
DA:353,0
DA:356,0
DA:357,0
DA:362,0
DA:363,0
DA:364,0
DA:365,0
DA:366,0
DA:367,0
DA:368,0
DA:369,0
DA:370,0
DA:371,0
DA:372,0
DA:373,0
DA:374,0
DA:375,0
DA:377,0
DA:378,0
DA:379,0
DA:380,0
DA:381,0
DA:382,0
DA:383,0
DA:384,0
DA:385,0
DA:386,0
DA:387,0
DA:388,0
DA:389,0
DA:390,0
DA:391,0
DA:392,0
DA:393,0
DA:394,0
DA:395,0
DA:398,0
DA:399,0
DA:404,0
DA:405,0
DA:406,0
DA:407,0
DA:408,0
DA:409,0
DA:410,0
DA:411,0
DA:412,0
DA:413,0
DA:414,0
DA:416,0
DA:417,0
DA:418,0
DA:419,0
DA:420,0
DA:421,0
DA:422,0
DA:424,0
DA:425,0
DA:426,0
DA:427,0
DA:428,0
DA:429,0
DA:430,0
DA:432,0
DA:433,0
DA:434,0
DA:435,0
DA:436,0
DA:437,0
DA:438,0
DA:440,0
DA:441,0
DA:442,0
DA:443,0
DA:444,0
DA:446,0
DA:447,0
DA:453,0
DA:454,0
DA:455,0
DA:456,0
DA:457,0
DA:458,0
DA:459,0
DA:460,0
DA:461,0
DA:467,0
DA:468,0
DA:469,0
DA:470,0
DA:471,0
DA:472,0
DA:473,0
DA:474,0
DA:475,0
DA:476,0
DA:477,0
DA:478,0
DA:479,0
DA:480,0
DA:481,0
DA:482,0
DA:485,0
DA:486,0
DA:491,0
DA:492,0
DA:493,0
DA:494,0
DA:495,0
DA:501,0
DA:502,0
DA:503,0
DA:504,0
DA:505,0
DA:506,0
DA:507,0
DA:508,0
DA:509,0
DA:510,0
DA:511,0
DA:512,0
DA:513,0
DA:515,0
DA:522,0
DA:523,0
DA:524,0
DA:525,0
DA:526,0
DA:527,0
DA:528,0
DA:529,0
DA:530,0
DA:531,0
DA:532,0
DA:533,0
DA:534,0
DA:535,0
DA:536,0
DA:537,0
DA:538,0
DA:547,0
DA:548,0
DA:549,0
DA:550,0
DA:551,0
DA:552,0
DA:553,0
DA:554,0
DA:555,0
DA:557,0
DA:558,0
DA:559,0
DA:560,0
DA:561,0
DA:562,0
DA:563,0
DA:564,0
DA:565,0
DA:566,0
DA:568,0
DA:569,0
DA:570,0
DA:571,0
DA:575,0
DA:576,0
DA:578,0
DA:579,0
DA:580,0
DA:581,0
DA:582,0
DA:583,0
DA:584,0
DA:585,0
DA:587,0
DA:588,0
DA:590,0
DA:592,0
DA:593,0
DA:594,0
DA:595,0
DA:596,0
DA:597,0
DA:598,0
DA:599,0
DA:600,0
DA:601,0
DA:602,0
DA:603,0
DA:604,0
DA:605,0
DA:606,0
DA:609,0
DA:610,0
DA:612,0
DA:613,0
DA:614,0
DA:615,0
DA:616,0
DA:617,0
DA:618,0
DA:619,0
DA:620,0
DA:622,0
DA:623,0
DA:625,0
DA:626,0
DA:627,0
DA:629,0
DA:630,0
LF:425
LH:52
end_of_record
SF:flowstdlib/data/remove/remove.rs
FN:8,<flowstdlib::data::remove::Remove as core::fmt::Debug>::fmt
FN:58,flowstdlib::data::remove::test::not_remove_3::{closure#0}
FN:69,flowstdlib::data::remove::test::try_to_remove_from_empty_array
FN:58,flowstdlib::data::remove::test::not_remove_3
FN:19,<flowstdlib::data::remove::Remove as flowcore::Implementation>::run::{closure#0}
FN:12,<flowstdlib::data::remove::Remove as flowcore::Implementation>::run
FN:80,flowstdlib::data::remove::test::try_to_remove_non_existent_entry::{closure#0}
FN:80,flowstdlib::data::remove::test::try_to_remove_non_existent_entry
FN:47,flowstdlib::data::remove::test::remove_repeated_entry::{closure#0}
FN:69,flowstdlib::data::remove::test::try_to_remove_from_empty_array::{closure#0}
FN:8,<flowstdlib::data::remove::Remove as core::fmt::Debug>::fmt
FN:12,<flowstdlib::data::remove::Remove as flowcore::Implementation>::run
FN:12,<flowstdlib::data::remove::Remove as flowcore::Implementation>::run
FN:36,flowstdlib::data::remove::test::remove_1::{closure#0}
FN:19,<flowstdlib::data::remove::Remove as flowcore::Implementation>::run::{closure#0}
FN:36,flowstdlib::data::remove::test::remove_1
FN:47,flowstdlib::data::remove::test::remove_repeated_entry
FN:19,<flowstdlib::data::remove::Remove as flowcore::Implementation>::run::{closure#0}
FN:8,<flowstdlib::data::remove::Remove as core::fmt::Debug>::fmt
FNDA:0,<flowstdlib::data::remove::Remove as core::fmt::Debug>::fmt
FNDA:1,flowstdlib::data::remove::test::not_remove_3::{closure#0}
FNDA:1,flowstdlib::data::remove::test::try_to_remove_from_empty_array
FNDA:1,flowstdlib::data::remove::test::not_remove_3
FNDA:0,<flowstdlib::data::remove::Remove as flowcore::Implementation>::run::{closure#0}
FNDA:1,<flowstdlib::data::remove::Remove as flowcore::Implementation>::run
FNDA:1,flowstdlib::data::remove::test::try_to_remove_non_existent_entry::{closure#0}
FNDA:1,flowstdlib::data::remove::test::try_to_remove_non_existent_entry
FNDA:1,flowstdlib::data::remove::test::remove_repeated_entry::{closure#0}
FNDA:1,flowstdlib::data::remove::test::try_to_remove_from_empty_array::{closure#0}
FNDA:0,<flowstdlib::data::remove::Remove as core::fmt::Debug>::fmt
FNDA:0,<flowstdlib::data::remove::Remove as flowcore::Implementation>::run
[...]
DA:1388,1
DA:1389,1
DA:1390,1
DA:1391,1
DA:1392,1
DA:1393,1
DA:1394,1
DA:1395,1
DA:1396,1
DA:1397,1
DA:1398,1
DA:1399,1
DA:1400,1
DA:1401,1
DA:1402,1
DA:1403,1
DA:1404,1
DA:1420,2
DA:1421,2
DA:1422,2
DA:1423,2
DA:1424,2
DA:1425,2
DA:1426,2
DA:1427,2
DA:1428,2
DA:1429,2
DA:1430,2
DA:1431,2
DA:1432,2
DA:1436,1
DA:1437,1
DA:1438,1
DA:1439,1
DA:1440,1
DA:1441,1
DA:1442,1
DA:1443,1
DA:1444,1
DA:1445,1
DA:1446,1
DA:1447,1
DA:1448,1
DA:1449,1
DA:1450,1
DA:1451,1
DA:1452,1
DA:1453,1
DA:1454,1
DA:1455,1
DA:1456,1
DA:1457,1
DA:1458,1
DA:1459,1
DA:1460,1
DA:1461,1
DA:1462,1
DA:1463,1
DA:1464,1
DA:1465,1
DA:1466,1
DA:1467,1
DA:1468,1
DA:1469,1
DA:1470,1
DA:1471,1
DA:1472,1
DA:1473,1
DA:1474,1
DA:1475,1
DA:1476,1
DA:1477,1
DA:1478,1
DA:1479,1
DA:1480,1
DA:1481,1
DA:1482,1
DA:1483,1
DA:1484,1
DA:1485,1
DA:1486,1
DA:1487,1
DA:1490,1
DA:1491,1
DA:1492,1
DA:1493,1
DA:1494,1
DA:1495,1
DA:1496,1
DA:1497,1
DA:1498,1
DA:1499,1
DA:1500,1
DA:1527,1
DA:1528,1
DA:1529,1
DA:1530,1
DA:1531,1
DA:1532,1
DA:1533,1
DA:1534,1
DA:1535,1
DA:1536,1
DA:1537,1
DA:1538,1
DA:1539,1
DA:1540,1
DA:1541,1
DA:1542,1
DA:1543,1
DA:1544,1
DA:1545,1
DA:1546,1
DA:1547,1
DA:1548,1
DA:1549,1
DA:1552,1
DA:1553,1
DA:1554,1
DA:1555,1
DA:1556,1
DA:1557,1
DA:1558,1
DA:1559,1
DA:1560,1
DA:1561,1
DA:1562,1
DA:1563,1
DA:1564,1
DA:1565,1
DA:1566,1
DA:1567,1
DA:1568,1
DA:1569,1
DA:1570,1
DA:1571,1
DA:1572,1
DA:1573,1
DA:1574,1
DA:1575,1
DA:1576,1
DA:1577,1
DA:1578,1
DA:1579,1
DA:1580,1
DA:1581,1
DA:1582,1
DA:1583,1
DA:1586,1
DA:1587,1
DA:1588,1
DA:1589,1
DA:1590,1
DA:1591,1
DA:1592,1
DA:1593,1
DA:1594,1
DA:1595,1
DA:1596,1
DA:1597,1
DA:1598,1
DA:1599,1
DA:1600,1
DA:1601,1
DA:1602,1
DA:1603,1
DA:1606,1
DA:1607,1
DA:1608,1
DA:1609,1
DA:1610,1
DA:1611,1
DA:1612,1
DA:1613,1
DA:1614,1
DA:1615,1
DA:1616,1
DA:1617,1
DA:1618,1
DA:1619,1
DA:1620,1
DA:1621,1
DA:1622,1
DA:1631,1
DA:1632,1
DA:1633,1
DA:1634,1
DA:1635,1
DA:1636,1
DA:1637,1
DA:1638,1
DA:1639,1
DA:1640,1
DA:1641,1
DA:1642,1
DA:1643,1
DA:1644,1
DA:1645,1
DA:1646,1
DA:1647,1
DA:1648,1
DA:1649,1
DA:1650,1
DA:1651,1
DA:1652,1
DA:1653,1
DA:1654,1
DA:1655,1
DA:1656,1
DA:1657,1
DA:1658,1
DA:1660,3
DA:1661,3
DA:1662,3
DA:1663,3
DA:1664,3
DA:1665,3
DA:1666,3
DA:1667,3
DA:1668,3
DA:1669,3
DA:1670,3
DA:1671,3
DA:1672,3
DA:1673,3
DA:1676,1
DA:1677,1
DA:1678,1
DA:1679,1
DA:1680,1
DA:1681,1
DA:1682,1
DA:1683,1
DA:1684,1
DA:1685,1
DA:1686,1
DA:1687,1
DA:1688,1
DA:1689,1
DA:1690,1
DA:1691,1
DA:1692,1
DA:1695,1
DA:1696,1
DA:1697,1
DA:1698,1
DA:1699,1
DA:1700,1
DA:1701,1
DA:1702,1
DA:1703,1
DA:1704,1
DA:1705,1
DA:1706,1
DA:1707,1
DA:1708,1
DA:1709,1
DA:1710,1
DA:1711,1
DA:1712,1
DA:1713,1
DA:1714,1
DA:1715,1
DA:1716,1
DA:1717,1
DA:1718,1
DA:1721,1
DA:1722,1
DA:1723,1
DA:1724,1
DA:1725,1
DA:1726,1
DA:1727,1
DA:1728,1
DA:1729,1
DA:1730,1
DA:1731,1
DA:1732,1
DA:1733,1
DA:1734,1
DA:1735,1
DA:1736,1
DA:1737,1
DA:1738,1
DA:1739,1
DA:1742,1
DA:1743,1
DA:1744,1
DA:1745,1
DA:1746,1
DA:1747,1
DA:1748,1
DA:1749,1
DA:1750,1
DA:1751,1
DA:1752,1
DA:1753,1
DA:1754,1
DA:1755,1
DA:1756,1
DA:1757,1
DA:1758,1
DA:1759,1
DA:1760,1
DA:1761,1
DA:1762,1
DA:1763,1
DA:1764,1
DA:1765,1
DA:1766,1
DA:1767,1
DA:1768,1
DA:1769,1
DA:1770,1
DA:1771,1
DA:1772,1
DA:1773,1
DA:1774,1
DA:1775,1
DA:1776,1
DA:1777,1
DA:1778,1
DA:1779,1
DA:1780,1
DA:1781,1
DA:1782,1
DA:1783,1
DA:1784,1
DA:1785,1
DA:1786,1
DA:1787,1
DA:1788,1
DA:1789,1
DA:1790,1
DA:1793,1
DA:1794,1
DA:1795,1
DA:1796,1
DA:1797,1
DA:1798,1
DA:1799,1
DA:1800,1
DA:1801,1
DA:1802,1
DA:1803,1
DA:1804,1
DA:1805,1
DA:1806,1
DA:1807,1
DA:1808,1
DA:1809,1
DA:1810,1
DA:1811,1
DA:1812,1
DA:1813,1
DA:1814,1
DA:1815,1
DA:1816,1
DA:1817,1
DA:1818,1
DA:1819,1
DA:1820,1
DA:1821,1
DA:1822,1
DA:1823,1
DA:1824,1
DA:1825,1
DA:1826,1
DA:1827,1
DA:1828,1
DA:1829,1
DA:1830,1
DA:1831,1
DA:1832,1
DA:1833,1
DA:1834,1
DA:1835,1
DA:1836,1
DA:1837,1
DA:1838,1
DA:1839,1
DA:1840,1
DA:1841,1
DA:1842,1
DA:1843,1
DA:1844,1
DA:1845,1
DA:1846,1
DA:1847,1
DA:1848,1
DA:1849,1
DA:1850,1
DA:1851,1
DA:1852,1
DA:1853,1
DA:1854,1
DA:1855,1
DA:1858,1
DA:1859,1
DA:1860,1
DA:1861,1
DA:1862,1
DA:1863,1
DA:1864,1
DA:1865,1
DA:1866,1
DA:1867,1
DA:1868,1
DA:1869,1
DA:1870,1
DA:1871,1
DA:1872,1
DA:1873,1
DA:1874,1
DA:1875,1
DA:1876,1
DA:1877,1
DA:1878,1
DA:1879,1
DA:1880,1
DA:1881,1
DA:1882,1
DA:1883,1
DA:1884,1
DA:1885,1
DA:1886,1
DA:1887,1
DA:1888,1
DA:1890,2
DA:1891,2
DA:1892,2
DA:1893,2
DA:1894,2
DA:1895,2
DA:1896,2
DA:1897,2
DA:1898,2
DA:1899,2
DA:1900,2
DA:1901,2
DA:1904,1
DA:1905,1
DA:1906,1
DA:1907,1
DA:1908,1
DA:1909,1
DA:1910,1
DA:1911,1
DA:1912,1
DA:1913,1
DA:1914,1
DA:1915,1
DA:1916,1
DA:1917,1
DA:1918,1
DA:1919,1
DA:1920,1
DA:1921,1
DA:1922,1
DA:1923,1
DA:1924,1
DA:1925,1
DA:1926,1
DA:1927,1
DA:1928,1
DA:1929,1
DA:1930,1
DA:1931,1
DA:1932,1
DA:1933,1
DA:1934,1
DA:1935,1
DA:1936,1
DA:1937,1
DA:1938,1
DA:1939,1
DA:1940,1
DA:1941,1
DA:1942,1
DA:1943,1
DA:1944,1
DA:1945,1
DA:1946,1
DA:1947,1
DA:1948,1
DA:1949,1
DA:1950,1
DA:1951,1
DA:1952,1
DA:1953,1
DA:1954,1
DA:1955,1
DA:1959,1
DA:1960,1
DA:1961,1
DA:1962,1
DA:1963,1
DA:1964,1
DA:1965,1
DA:1966,1
DA:1967,1
DA:1968,1
DA:1969,1
DA:1970,1
DA:1971,1
DA:1972,1
DA:1973,1
DA:1974,1
DA:1975,1
DA:1976,1
DA:1977,1
DA:1978,1
DA:1979,1
DA:1980,1
DA:1981,1
DA:1982,1
DA:1983,1
DA:1984,1
DA:1985,1
DA:1986,1
DA:1987,1
DA:1988,1
DA:1989,1
DA:1990,1
DA:1991,1
DA:1992,1
DA:1993,1
DA:1994,1
DA:1995,1
DA:1996,1
DA:1997,1
DA:1998,1
DA:1999,1
DA:2003,1
DA:2004,1
DA:2005,1
DA:2006,1
DA:2007,1
DA:2008,1
DA:2009,1
DA:2010,1
DA:2011,1
DA:2012,1
DA:2013,1
DA:2014,1
DA:2015,1
DA:2016,1
DA:2017,1
DA:2018,1
DA:2019,1
DA:2020,1
DA:2021,1
DA:2022,1
DA:2023,1
DA:2024,1
DA:2025,1
DA:2026,1
DA:2027,1
DA:2028,1
DA:2029,1
DA:2030,1
DA:2031,1
DA:2032,1
DA:2033,1
DA:2034,1
DA:2035,1
DA:2036,1
DA:2037,1
DA:2038,1
DA:2039,1
DA:2040,1
DA:2041,1
DA:2042,1
DA:2043,1
DA:2044,1
DA:2045,1
DA:2046,1
DA:2047,1
DA:2048,1
DA:2049,1
DA:2050,1
DA:2051,1
DA:2052,1
DA:2053,1
DA:2054,1
DA:2055,1
DA:2056,1
DA:2057,1
DA:2058,1
DA:2059,1
DA:2060,1
DA:2061,1
DA:2062,1
DA:2063,1
DA:2064,1
DA:2065,1
DA:2066,1
DA:2067,1
DA:2068,1
DA:2071,1
DA:2072,1
DA:2073,1
DA:2074,1
DA:2075,1
DA:2076,1
DA:2077,1
DA:2078,1
DA:2079,1
DA:2080,1
DA:2081,1
DA:2082,1
DA:2083,1
DA:2084,1
DA:2085,1
DA:2086,1
DA:2087,1
DA:2088,1
DA:2089,1
DA:2090,1
DA:2091,1
DA:2092,1
DA:2093,1
DA:2094,1
DA:2095,1
DA:2096,1
DA:2097,1
DA:2098,1
DA:2099,1
DA:2100,1
DA:2101,1
DA:2102,1
DA:2103,1
DA:2104,1
DA:2105,1
DA:2106,1
DA:2107,1
DA:2108,1
DA:2109,1
DA:2110,1
DA:2111,1
DA:2112,1
DA:2113,1
DA:2114,1
DA:2115,1
DA:2116,1
DA:2117,1
DA:2118,1
DA:2119,1
DA:2120,1
DA:2121,1
DA:2122,1
DA:2123,1
DA:2124,1
DA:2125,1
DA:2126,1
DA:2133,1
DA:2134,1
DA:2135,1
DA:2136,1
DA:2137,1
DA:2138,1
DA:2139,1
DA:2140,1
DA:2141,1
DA:2142,1
DA:2143,1
DA:2144,1
DA:2145,1
DA:2146,1
DA:2147,1
DA:2148,1
DA:2149,1
DA:2150,1
DA:2151,1
DA:2152,1
DA:2153,1
DA:2154,1
DA:2155,1
DA:2156,1
DA:2157,1
DA:2158,1
DA:2159,1
DA:2160,1
DA:2161,1
DA:2162,1
DA:2163,1
DA:2164,1
DA:2165,1
DA:2166,1
DA:2167,1
DA:2168,1
DA:2169,1
DA:2170,1
DA:2171,1
DA:2172,1
DA:2173,1
DA:2174,1
DA:2175,1
DA:2176,1
DA:2177,1
DA:2178,1
DA:2179,1
DA:2180,1
DA:2181,1
DA:2182,1
DA:2183,1
DA:2184,1
DA:2185,1
DA:2186,1
DA:2187,1
DA:2188,1
DA:2189,1
DA:2190,1
DA:2191,1
DA:2192,1
DA:2193,1
DA:2194,1
DA:2195,1
DA:2196,1
DA:2197,1
DA:2198,1
DA:2199,1
DA:2200,1
DA:2208,1
DA:2209,1
DA:2210,1
DA:2211,1
DA:2212,1
DA:2213,1
DA:2214,1
DA:2215,1
DA:2216,1
DA:2217,1
DA:2218,1
DA:2219,1
DA:2220,1
DA:2221,1
DA:2222,1
DA:2223,1
DA:2224,1
DA:2225,1
DA:2226,1
DA:2227,1
DA:2228,1
DA:2229,1
DA:2230,1
DA:2231,1
DA:2232,1
DA:2233,1
DA:2234,1
DA:2235,1
DA:2236,1
DA:2237,1
DA:2238,1
DA:2239,1
DA:2240,1
DA:2241,1
DA:2242,1
DA:2243,1
DA:2244,1
DA:2245,1
DA:2246,1
DA:2247,1
DA:2248,1
DA:2249,1
DA:2250,1
DA:2251,1
DA:2252,1
DA:2253,1
DA:2254,1
DA:2255,1
DA:2256,1
DA:2257,1
DA:2258,1
DA:2259,1
DA:2260,1
DA:2261,1
DA:2262,1
DA:2263,1
DA:2264,1
DA:2265,1
DA:2266,1
DA:2267,1
DA:2268,1
DA:2269,1
DA:2270,1
DA:2271,1
DA:2272,1
DA:2273,1
DA:2274,1
DA:2275,1
DA:2276,1
DA:2277,1
DA:2278,1
DA:2279,1
DA:2280,1
DA:2281,1
DA:2282,1
DA:2283,1
DA:2284,1
DA:2285,1
DA:2286,1
DA:2287,1
DA:2288,1
DA:2289,1
DA:2290,1
DA:2291,1
DA:2292,1
DA:2293,1
DA:2294,1
DA:2295,1
DA:2296,1
DA:2297,1
DA:2298,1
DA:2299,1
DA:2300,1
DA:2301,1
DA:2302,1
DA:2303,1
DA:2304,1
DA:2305,1
DA:2306,1
DA:2307,1
DA:2308,1
DA:2309,1
DA:2310,1
DA:2311,1
DA:2312,1
DA:2313,1
DA:2314,1
DA:2315,1
DA:2316,1
DA:2317,1
DA:2318,1
DA:2319,1
DA:2320,1
DA:2321,1
DA:2322,1
DA:2323,1
DA:2324,1
DA:2325,1
DA:2326,1
DA:2327,1
DA:2328,1
DA:2329,1
DA:2330,1
DA:2354,9
DA:2355,9
DA:2356,9
DA:2357,9
DA:2358,9
DA:2359,9
DA:2360,9
DA:2361,9
DA:2362,9
DA:2363,9
DA:2364,9
DA:2365,9
DA:2366,9
DA:2367,9
DA:2368,9
DA:2369,9
DA:2370,9
DA:2371,9
DA:2372,9
DA:2373,9
DA:2374,9
DA:2375,9
DA:2376,9
DA:2377,9
DA:2378,9
DA:2379,9
DA:2380,9
DA:2381,9
DA:2382,9
DA:2383,9
DA:2384,9
DA:2385,9
DA:2386,9
DA:2387,9
DA:2388,9
DA:2389,9
DA:2390,9
DA:2391,9
DA:2392,9
DA:2393,9
DA:2394,9
DA:2395,9
DA:2396,9
DA:2397,9
DA:2398,9
DA:2399,9
DA:2400,9
DA:2401,9
DA:2402,9
DA:2403,9
DA:2404,9
DA:2405,9
DA:2406,9
DA:2407,9
DA:2408,9
DA:2409,9
DA:2410,9
DA:2411,9
DA:2412,9
DA:2413,9
DA:2414,9
DA:2417,1
DA:2418,1
DA:2419,1
DA:2420,1
DA:2421,1
DA:2422,1
DA:2423,1
DA:2424,1
DA:2425,1
DA:2426,1
DA:2427,1
DA:2428,1
DA:2429,1
DA:2430,1
DA:2431,1
DA:2432,1
DA:2433,1
DA:2434,1
DA:2435,1
DA:2436,1
DA:2437,1
DA:2438,1
DA:2439,1
DA:2440,1
DA:2441,1
DA:2444,1
DA:2445,1
DA:2446,1
DA:2447,1
DA:2448,1
DA:2449,1
DA:2450,1
DA:2451,1
DA:2452,1
DA:2453,1
DA:2454,1
DA:2457,1
DA:2458,1
DA:2459,1
DA:2460,1
DA:2461,1
DA:2462,1
DA:2463,1
DA:2464,1
DA:2465,1
DA:2466,1
DA:2467,1
DA:2470,1
DA:2471,1
DA:2472,1
DA:2473,1
DA:2474,1
DA:2475,1
DA:2476,1
DA:2477,1
DA:2478,1
DA:2479,1
DA:2480,1
DA:2481,1
DA:2482,1
DA:2483,1
DA:2484,1
DA:2485,1
DA:2486,1
DA:2489,1
DA:2490,1
DA:2491,1
DA:2492,1
DA:2493,1
DA:2494,1
DA:2495,1
DA:2496,1
DA:2497,1
DA:2498,1
DA:2499,1
DA:2500,1
DA:2501,1
DA:2502,1
DA:2503,1
DA:2504,1
DA:2505,1
DA:2508,1
DA:2509,1
DA:2510,1
DA:2511,1
DA:2512,1
DA:2513,1
DA:2514,1
DA:2515,1
DA:2516,1
DA:2517,1
DA:2518,1
DA:2519,1
DA:2520,1
DA:2521,1
DA:2522,1
DA:2523,1
DA:2524,1
DA:2525,1
DA:2526,1
DA:2527,1
DA:2528,1
DA:2529,1
DA:2530,1
DA:2531,1
DA:2532,1
DA:2533,1
DA:2534,1
DA:2535,1
DA:2536,1
DA:2539,1
DA:2540,1
DA:2541,1
DA:2542,1
DA:2543,1
DA:2544,1
DA:2545,1
DA:2546,1
DA:2547,1
DA:2548,1
DA:2549,1
DA:2550,1
DA:2551,1
DA:2552,1
DA:2553,1
DA:2554,1
DA:2555,1
DA:2556,1
DA:2557,1
DA:2558,1
DA:2559,1
DA:2560,1
DA:2561,1
DA:2562,1
DA:2563,1
DA:2564,1
DA:2565,1
DA:2566,1
DA:2567,1
DA:2568,1
DA:2569,1
DA:2570,1
DA:2571,1
DA:2572,1
DA:2573,1
DA:2574,1
DA:2575,1
DA:2578,1
DA:2579,1
DA:2580,1
DA:2581,1
DA:2582,1
DA:2583,1
DA:2584,1
DA:2585,1
DA:2586,1
DA:2587,1
DA:2588,1
DA:2589,1
DA:2590,1
DA:2591,1
DA:2592,1
DA:2593,1
DA:2594,1
DA:2595,1
DA:2596,1
DA:2597,1
DA:2598,1
DA:2599,1
DA:2600,1
DA:2601,1
DA:2602,1
DA:2603,1
DA:2604,1
DA:2605,1
DA:2606,1
DA:2607,1
DA:2608,1
DA:2609,1
DA:2610,1
DA:2611,1
DA:2612,1
DA:2613,1
DA:2614,1
DA:2615,1
DA:2616,1
DA:2617,1
DA:2618,1
DA:2619,1
DA:2620,1
DA:2621,1
DA:2624,1
DA:2625,1
DA:2626,1
DA:2627,1
DA:2628,1
DA:2629,1
DA:2630,1
DA:2631,1
DA:2632,1
DA:2633,1
DA:2634,1
DA:2635,1
DA:2636,1
DA:2637,1
DA:2638,1
DA:2639,1
DA:2640,1
DA:2641,1
DA:2642,1
DA:2643,1
DA:2650,1
DA:2651,1
DA:2652,1
DA:2653,1
DA:2654,1
DA:2655,1
DA:2656,1
DA:2657,1
DA:2658,1
DA:2659,1
DA:2660,1
DA:2661,1
DA:2662,1
DA:2663,1
DA:2664,1
DA:2665,1
DA:2666,1
DA:2667,1
DA:2668,1
DA:2669,1
DA:2670,1
DA:2671,1
DA:2672,1
DA:2673,1
DA:2674,1
DA:2675,1
DA:2676,1
DA:2677,1
DA:2678,1
DA:2679,1
DA:2680,1
DA:2681,1
DA:2682,1
DA:2683,1
DA:2684,1
DA:2685,1
DA:2686,1
DA:2687,1
DA:2688,1
DA:2689,1
DA:2690,1
DA:2691,1
DA:2692,1
DA:2693,1
DA:2694,1
DA:2695,1
DA:2700,2
DA:2701,2
DA:2702,2
DA:2703,2
DA:2706,2
DA:2707,2
DA:2708,2
DA:2709,2
DA:2722,1
DA:2723,1
DA:2724,1
DA:2725,1
DA:2728,1
DA:2729,1
DA:2730,1
DA:2731,1
DA:2734,1
DA:2735,1
DA:2736,1
DA:2737,1
DA:2740,1
DA:2741,1
DA:2742,1
DA:2743,1
DA:2745,12
DA:2746,12
DA:2747,12
DA:2748,12
DA:2749,12
DA:2750,12
DA:2751,12
DA:2752,12
DA:2753,12
DA:2754,12
DA:2755,12
DA:2756,12
DA:2757,12
DA:2758,12
DA:2768,1
DA:2769,1
DA:2770,1
DA:2771,1
DA:2772,1
DA:2773,1
DA:2774,1
DA:2775,1
DA:2776,1
DA:2777,1
DA:2778,1
DA:2779,1
DA:2780,1
DA:2781,1
DA:2782,1
DA:2783,1
DA:2784,1
DA:2785,1
DA:2786,1
DA:2787,1
DA:2788,1
DA:2789,1
DA:2790,1
DA:2791,1
DA:2792,1
DA:2793,1
DA:2794,1
DA:2795,1
DA:2796,1
DA:2797,1
DA:2798,1
DA:2799,1
DA:2800,1
DA:2801,1
DA:2802,1
DA:2803,1
DA:2804,1
DA:2805,1
DA:2806,1
DA:2807,1
DA:2808,1
DA:2809,1
DA:2810,1
DA:2811,1
DA:2812,1
DA:2813,1
DA:2814,1
DA:2815,1
DA:2816,1
DA:2817,1
DA:2818,1
DA:2819,1
DA:2820,1
DA:2821,1
DA:2822,1
DA:2823,1
DA:2824,1
DA:2825,1
DA:2826,1
DA:2827,1
DA:2828,1
DA:2829,1
DA:2830,1
DA:2831,1
DA:2832,1
DA:2833,1
DA:2834,1
DA:2835,1
DA:2836,1
DA:2837,1
DA:2838,1
DA:2839,1
DA:2840,1
DA:2841,1
DA:2842,1
DA:2843,1
DA:2844,1
DA:2845,1
DA:2846,1
DA:2847,1
DA:2848,1
DA:2849,1
DA:2850,1
DA:2851,1
DA:2852,1
DA:2853,1
DA:2854,1
DA:2855,1
DA:2856,12
DA:2857,12
DA:2858,12
DA:2859,12
DA:2860,12
DA:2861,12
DA:2862,12
DA:2863,12
DA:2864,12
DA:2865,12
DA:2866,12
DA:2867,12
DA:2868,12
DA:2869,12
DA:2870,12
DA:2871,12
DA:2872,12
DA:2873,12
DA:2874,12
DA:2875,12
DA:2876,12
DA:2877,12
DA:2878,12
DA:2879,12
DA:2880,12
DA:2881,12
DA:2882,1
DA:2883,1
LF:2122
LH:1982
end_of_record
SF:flowstdlib/lib_path.rs
FN:42,flowstdlib::lib_path::test::flow_pib_path_parent::{closure#0}
FN:6,flowstdlib::lib_path::check_flow_lib_path
FN:6,build_script_build::lib_path::check_flow_lib_path
FN:36,flowstdlib::lib_path::test::flow_pib_path::{closure#0}
FN:6,build_script_build::lib_path::check_flow_lib_path
FN:53,flowstdlib::lib_path::test::no_flow_pib_path::{closure#0}
FN:42,flowstdlib::lib_path::test::flow_pib_path_parent
FN:53,flowstdlib::lib_path::test::no_flow_pib_path
FN:36,flowstdlib::lib_path::test::flow_pib_path
FNDA:1,flowstdlib::lib_path::test::flow_pib_path_parent::{closure#0}
FNDA:1,flowstdlib::lib_path::check_flow_lib_path
FNDA:1,build_script_build::lib_path::check_flow_lib_path
FNDA:1,flowstdlib::lib_path::test::flow_pib_path::{closure#0}
FNDA:1,build_script_build::lib_path::check_flow_lib_path
FNDA:1,flowstdlib::lib_path::test::no_flow_pib_path::{closure#0}
FNDA:1,flowstdlib::lib_path::test::flow_pib_path_parent
FNDA:1,flowstdlib::lib_path::test::no_flow_pib_path
FNDA:1,flowstdlib::lib_path::test::flow_pib_path
FNF:9
FNH:9
BRF:0
BRH:0
DA:6,7
DA:7,7
DA:8,7
DA:9,1
DA:10,1
DA:11,1
DA:12,6
DA:13,6
DA:14,6
DA:15,1
DA:16,1
DA:17,1
DA:18,5
DA:19,5
DA:20,5
DA:21,5
DA:22,5
DA:23,5
DA:26,0
DA:27,7
DA:36,2
DA:37,2
DA:38,2
DA:39,2
DA:42,2
DA:43,2
DA:44,2
DA:45,2
DA:46,2
DA:47,2
DA:48,2
DA:49,2
DA:50,2
DA:53,2
DA:54,2
DA:55,2
DA:56,2
LF:37
LH:36
end_of_record
SF:flowc/src/lib/compiler/loader.rs
FN:192,flowclib::compiler::loader::config_flow
FN:192,flowclib::compiler::loader::config_flow
FN:171,flowclib::compiler::loader::load_metadata
FN:132,flowclib::compiler::loader::load_process::{closure#2}
FN:96,flowclib::compiler::loader::load_process
FN:211,flowclib::compiler::loader::load_process_refs
FN:132,flowclib::compiler::loader::load_process::{closure#2}
FN:240,flowclib::compiler::loader::load_process_refs::{closure#1}
FN:77,flowclib::compiler::loader::load
FN:211,flowclib::compiler::loader::load_process_refs
FN:183,flowclib::compiler::loader::load_metadata::{closure#2}
FN:77,flowclib::compiler::loader::load
FN:253,flowclib::compiler::loader::config_function
FN:132,flowclib::compiler::loader::load_process::{closure#2}
FN:221,flowclib::compiler::loader::load_process_refs::{closure#0}
FN:171,flowclib::compiler::loader::load_metadata
FN:211,flowclib::compiler::loader::load_process_refs
FN:221,flowclib::compiler::loader::load_process_refs::{closure#0}
FN:183,flowclib::compiler::loader::load_metadata::{closure#2}
FN:240,flowclib::compiler::loader::load_process_refs::{closure#1}
FN:171,flowclib::compiler::loader::load_metadata
FN:253,flowclib::compiler::loader::config_function
FN:240,flowclib::compiler::loader::load_process_refs::{closure#1}
FN:183,flowclib::compiler::loader::load_metadata::{closure#2}
FN:253,flowclib::compiler::loader::config_function
FN:96,flowclib::compiler::loader::load_process
FN:276,flowclib::compiler::loader::test::deserialize_library::{closure#0}
FN:276,flowclib::compiler::loader::test::deserialize_library
FN:192,flowclib::compiler::loader::config_flow
FN:96,flowclib::compiler::loader::load_process
FN:77,flowclib::compiler::loader::load
FN:221,flowclib::compiler::loader::load_process_refs::{closure#0}
FNDA:1,flowclib::compiler::loader::config_flow
FNDA:0,flowclib::compiler::loader::config_flow
FNDA:1,flowclib::compiler::loader::load_metadata
FNDA:0,flowclib::compiler::loader::load_process::{closure#2}
FNDA:1,flowclib::compiler::loader::load_process
FNDA:1,flowclib::compiler::loader::load_process_refs
FNDA:0,flowclib::compiler::loader::load_process::{closure#2}
FNDA:0,flowclib::compiler::loader::load_process_refs::{closure#1}
FNDA:1,flowclib::compiler::loader::load
FNDA:1,flowclib::compiler::loader::load_process_refs
FNDA:0,flowclib::compiler::loader::load_metadata::{closure#2}
FNDA:0,flowclib::compiler::loader::load
FNDA:1,flowclib::compiler::loader::config_function
FNDA:0,flowclib::compiler::loader::load_process::{closure#2}
FNDA:0,flowclib::compiler::loader::load_process_refs::{closure#0}
FNDA:0,flowclib::compiler::loader::load_metadata
FNDA:0,flowclib::compiler::loader::load_process_refs
FNDA:0,flowclib::compiler::loader::load_process_refs::{closure#0}
FNDA:0,flowclib::compiler::loader::load_metadata::{closure#2}
FNDA:0,flowclib::compiler::loader::load_process_refs::{closure#1}
FNDA:1,flowclib::compiler::loader::load_metadata
FNDA:1,flowclib::compiler::loader::config_function
FNDA:0,flowclib::compiler::loader::load_process_refs::{closure#1}
FNDA:0,flowclib::compiler::loader::load_metadata::{closure#2}
FNDA:0,flowclib::compiler::loader::config_function
FNDA:0,flowclib::compiler::loader::load_process
FNDA:1,flowclib::compiler::loader::test::deserialize_library::{closure#0}
FNDA:1,flowclib::compiler::loader::test::deserialize_library
FNDA:1,flowclib::compiler::loader::config_flow
FNDA:1,flowclib::compiler::loader::load_process
FNDA:1,flowclib::compiler::loader::load
FNDA:0,flowclib::compiler::loader::load_process_refs::{closure#0}
FNF:32
FNH:14
BRF:0
BRH:0
DA:77,654
DA:78,654
DA:79,654
DA:80,654
DA:81,654
DA:82,654
DA:83,654
DA:84,654
DA:85,654
DA:86,654
DA:87,654
DA:88,654
DA:89,654
DA:90,654
DA:91,654
DA:92,654
DA:93,654
DA:96,1283
DA:97,1283
DA:98,1283
DA:99,1283
DA:100,1283
DA:101,1283
DA:102,1283
DA:103,1283
DA:104,1283
DA:105,1283
DA:106,1283
DA:108,1283
DA:109,1283
DA:110,1283
DA:111,1271
DA:114,1271
DA:116,1271
DA:117,1271
DA:118,1271
DA:120,1271
DA:121,1271
DA:122,484
DA:123,787
DA:125,1271
DA:126,0
DA:127,0
DA:128,0
DA:130,1271
DA:131,1271
DA:132,1271
DA:133,1271
DA:134,1271
DA:135,1271
DA:137,1054
DA:138,1054
DA:139,294
DA:140,294
DA:141,294
DA:142,294
DA:143,294
DA:144,294
DA:145,294
DA:146,294
DA:147,294
DA:148,294
DA:149,294
DA:150,294
DA:152,760
DA:153,760
DA:154,760
DA:155,760
DA:156,760
DA:157,760
DA:158,760
DA:159,760
DA:160,760
DA:161,760
DA:165,1048
DA:166,1283
DA:171,13
DA:172,13
DA:173,13
DA:174,13
DA:175,13
DA:177,13
DA:178,13
DA:179,13
DA:180,13
DA:182,13
DA:183,13
DA:184,13
DA:186,13
DA:187,13
DA:192,294
DA:193,294
DA:194,294
DA:195,294
DA:196,294
DA:197,294
DA:198,294
DA:199,294
DA:200,294
DA:201,294
DA:202,294
DA:203,294
DA:204,294
DA:205,294
DA:206,294
DA:211,294
DA:212,294
DA:213,294
DA:214,294
DA:215,294
DA:216,294
DA:217,629
DA:218,629
DA:219,629
DA:220,629
DA:221,629
DA:222,629
DA:223,629
DA:224,629
DA:225,629
DA:226,629
DA:227,629
DA:228,629
DA:229,629
DA:230,629
DA:231,629
DA:232,629
DA:236,629
DA:237,550
DA:238,532
DA:239,532
DA:240,532
DA:242,18
DA:243,79
DA:245,629
DA:246,629
DA:249,294
DA:250,294
DA:253,760
DA:254,760
DA:255,760
DA:256,760
DA:257,760
DA:258,760
DA:259,760
DA:260,760
DA:261,760
DA:262,760
DA:263,760
DA:264,760
DA:265,760
DA:266,760
DA:267,760
DA:268,760
DA:269,760
DA:276,2
DA:277,2
DA:278,2
DA:279,2
DA:280,2
DA:281,2
LF:161
LH:158
end_of_record
