TN:
SF:flowstdlib/data/ordered_split/ordered_split.rs
FN:31,flowstdlib::data::ordered_split::test::simple::{closure#0}
FN:8,<flowstdlib::data::ordered_split::OrderedSplit as core::fmt::Debug>::fmt
FN:12,<flowstdlib::data::ordered_split::OrderedSplit as flowcore::Implementation>::run
FN:8,<flowstdlib::data::ordered_split::OrderedSplit as core::fmt::Debug>::fmt
FN:8,<flowstdlib::data::ordered_split::OrderedSplit as core::fmt::Debug>::fmt
FN:31,flowstdlib::data::ordered_split::test::simple
FN:12,<flowstdlib::data::ordered_split::OrderedSplit as flowcore::Implementation>::run
FN:12,<flowstdlib::data::ordered_split::OrderedSplit as flowcore::Implementation>::run
FNDA:1,flowstdlib::data::ordered_split::test::simple::{closure#0}
FNDA:0,<flowstdlib::data::ordered_split::OrderedSplit as core::fmt::Debug>::fmt
FNDA:0,<flowstdlib::data::ordered_split::OrderedSplit as flowcore::Implementation>::run
FNDA:0,<flowstdlib::data::ordered_split::OrderedSplit as core::fmt::Debug>::fmt
FNDA:0,<flowstdlib::data::ordered_split::OrderedSplit as core::fmt::Debug>::fmt
FNDA:1,flowstdlib::data::ordered_split::test::simple
FNDA:1,<flowstdlib::data::ordered_split::OrderedSplit as flowcore::Implementation>::run
FNDA:1,<flowstdlib::data::ordered_split::OrderedSplit as flowcore::Implementation>::run
FNF:8
FNH:4
BRF:0
BRH:0
DA:8,0
DA:12,7
DA:13,7
DA:14,0
DA:16,7
DA:17,7
DA:18,7
DA:19,7
DA:21,7
DA:31,1
DA:32,1
DA:33,1
DA:34,1
DA:35,1
DA:36,1
DA:37,1
DA:38,1
DA:39,1
DA:40,1
DA:41,1
DA:42,1
LF:21
LH:19
end_of_record
SF:flowc/src/flow_compile.rs
FN:73,flowc::flow_compile::compile_and_execute_flow::{closure#3}
FN:124,flowc::flow_compile::find_executable_path::{closure#0}
FN:54,flowc::flow_compile::compile_and_execute_flow
FN:75,flowc::flow_compile::compile_and_execute_flow::{closure#4}
FN:174,flowc::flow_compile::execute_flow::{closure#0}
FN:124,flowc::flow_compile::find_executable_path::{closure#0}
FN:153,flowc::flow_compile::execute_flow
FN:93,flowc::flow_compile::compile_and_execute_flow::{closure#6}
FN:185,flowc::flow_compile::execute_flow::{closure#1}
FN:174,flowc::flow_compile::execute_flow::{closure#0}
FN:188,flowc::flow_compile::execute_flow::{closure#2}
FN:26,flowc::flow_compile::check_root
FN:77,flowc::flow_compile::compile_and_execute_flow::{closure#5}
FN:188,flowc::flow_compile::execute_flow::{closure#2}
FN:67,flowc::flow_compile::compile_and_execute_flow::{closure#2}
FN:122,flowc::flow_compile::find_executable_path
FN:67,flowc::flow_compile::compile_and_execute_flow::{closure#2}
FN:93,flowc::flow_compile::compile_and_execute_flow::{closure#6}
FN:193,flowc::flow_compile::execute_flow::{closure#3}
FN:185,flowc::flow_compile::execute_flow::{closure#1}
FN:75,flowc::flow_compile::compile_and_execute_flow::{closure#4}
FN:153,flowc::flow_compile::execute_flow
FN:107,flowc::flow_compile::get_executable_name
FN:54,flowc::flow_compile::compile_and_execute_flow
FN:107,flowc::flow_compile::get_executable_name
FN:122,flowc::flow_compile::find_executable_path
FN:26,flowc::flow_compile::check_root
FN:73,flowc::flow_compile::compile_and_execute_flow::{closure#3}
FN:77,flowc::flow_compile::compile_and_execute_flow::{closure#5}
FN:193,flowc::flow_compile::execute_flow::{closure#3}
FNDA:0,flowc::flow_compile::compile_and_execute_flow::{closure#3}
FNDA:0,flowc::flow_compile::find_executable_path::{closure#0}
FNDA:0,flowc::flow_compile::compile_and_execute_flow
FNDA:0,flowc::flow_compile::compile_and_execute_flow::{closure#4}
FNDA:0,flowc::flow_compile::execute_flow::{closure#0}
FNDA:0,flowc::flow_compile::find_executable_path::{closure#0}
FNDA:0,flowc::flow_compile::execute_flow
FNDA:0,flowc::flow_compile::compile_and_execute_flow::{closure#6}
FNDA:0,flowc::flow_compile::execute_flow::{closure#1}
FNDA:0,flowc::flow_compile::execute_flow::{closure#0}
FNDA:0,flowc::flow_compile::execute_flow::{closure#2}
FNDA:1,flowc::flow_compile::check_root
FNDA:0,flowc::flow_compile::compile_and_execute_flow::{closure#5}
FNDA:0,flowc::flow_compile::execute_flow::{closure#2}
FNDA:0,flowc::flow_compile::compile_and_execute_flow::{closure#2}
FNDA:0,flowc::flow_compile::find_executable_path
FNDA:0,flowc::flow_compile::compile_and_execute_flow::{closure#2}
FNDA:0,flowc::flow_compile::compile_and_execute_flow::{closure#6}
FNDA:0,flowc::flow_compile::execute_flow::{closure#3}
FNDA:0,flowc::flow_compile::execute_flow::{closure#1}
FNDA:0,flowc::flow_compile::compile_and_execute_flow::{closure#4}
FNDA:0,flowc::flow_compile::execute_flow
FNDA:0,flowc::flow_compile::get_executable_name
FNDA:0,flowc::flow_compile::compile_and_execute_flow
FNDA:0,flowc::flow_compile::get_executable_name
FNDA:0,flowc::flow_compile::find_executable_path
FNDA:0,flowc::flow_compile::check_root
FNDA:0,flowc::flow_compile::compile_and_execute_flow::{closure#3}
FNDA:0,flowc::flow_compile::compile_and_execute_flow::{closure#5}
FNDA:0,flowc::flow_compile::execute_flow::{closure#3}
FNF:30
FNH:1
BRF:0
BRH:0
DA:26,30
DA:27,30
DA:28,30
DA:29,30
DA:31,0
DA:32,0
DA:33,0
DA:35,0
DA:36,30
DA:38,30
DA:40,0
DA:41,0
DA:42,0
DA:44,0
DA:45,30
DA:47,30
DA:48,30
DA:54,0
DA:55,30
DA:56,30
DA:58,30
DA:59,30
DA:60,30
DA:61,30
DA:63,30
DA:64,30
DA:65,30
DA:66,30
DA:67,30
DA:69,30
DA:70,30
DA:71,30
DA:72,30
DA:73,30
DA:74,30
DA:75,30
DA:76,30
DA:77,30
DA:78,0
DA:80,30
DA:81,0
DA:82,0
DA:83,0
DA:84,30
DA:86,0
DA:87,30
DA:88,30
DA:89,30
DA:90,30
DA:91,30
DA:92,30
DA:93,30
DA:95,30
DA:96,30
DA:97,0
DA:99,0
DA:100,0
DA:102,0
DA:104,30
DA:107,0
DA:108,0
DA:109,0
DA:122,0
DA:124,0
DA:125,0
DA:126,0
DA:127,0
DA:128,0
DA:129,0
DA:130,0
DA:131,0
DA:132,0
DA:133,0
DA:134,0
DA:135,0
DA:136,0
DA:137,0
DA:138,0
DA:139,0
DA:140,0
DA:141,0
DA:143,0
DA:153,0
DA:155,0
DA:156,0
DA:157,0
DA:158,0
DA:159,0
DA:160,0
DA:161,0
DA:163,0
DA:164,0
DA:165,0
DA:166,0
DA:167,0
DA:168,0
DA:169,0
DA:170,0
DA:171,0
DA:172,0
DA:174,0
DA:176,0
DA:177,0
DA:179,0
DA:180,0
DA:182,0
DA:183,0
DA:184,0
DA:185,0
DA:188,0
DA:189,0
DA:191,0
DA:192,0
DA:193,0
DA:195,0
DA:196,0
DA:197,0
DA:198,0
DA:200,0
DA:201,0
DA:204,0
DA:205,0
DA:207,0
DA:209,0
DA:211,0
LF:125
LH:41
end_of_record
SF:flowstdlib/data/enumerate/enumerate.rs
FN:8,<flowstdlib::data::enumerate::Enumerate as core::fmt::Debug>::fmt
FN:32,flowstdlib::data::enumerate::test::enumerate
FN:59,flowstdlib::data::enumerate::test::enumerate_empty_array::{closure#0}
FN:12,<flowstdlib::data::enumerate::Enumerate as flowcore::Implementation>::run
FN:8,<flowstdlib::data::enumerate::Enumerate as core::fmt::Debug>::fmt
FN:12,<flowstdlib::data::enumerate::Enumerate as flowcore::Implementation>::run
FN:12,<flowstdlib::data::enumerate::Enumerate as flowcore::Implementation>::run
FN:8,<flowstdlib::data::enumerate::Enumerate as core::fmt::Debug>::fmt
FN:59,flowstdlib::data::enumerate::test::enumerate_empty_array
FN:32,flowstdlib::data::enumerate::test::enumerate::{closure#0}
FNDA:0,<flowstdlib::data::enumerate::Enumerate as core::fmt::Debug>::fmt
FNDA:1,flowstdlib::data::enumerate::test::enumerate
FNDA:1,flowstdlib::data::enumerate::test::enumerate_empty_array::{closure#0}
FNDA:1,<flowstdlib::data::enumerate::Enumerate as flowcore::Implementation>::run
FNDA:0,<flowstdlib::data::enumerate::Enumerate as core::fmt::Debug>::fmt
FNDA:1,<flowstdlib::data::enumerate::Enumerate as flowcore::Implementation>::run
FNDA:0,<flowstdlib::data::enumerate::Enumerate as flowcore::Implementation>::run
FNDA:0,<flowstdlib::data::enumerate::Enumerate as core::fmt::Debug>::fmt
FNDA:1,flowstdlib::data::enumerate::test::enumerate_empty_array
FNDA:1,flowstdlib::data::enumerate::test::enumerate::{closure#0}
FNF:10
FNH:6
BRF:0
BRH:0
DA:8,0
DA:12,32
DA:13,32
DA:14,32
DA:16,602
DA:17,602
DA:18,602
DA:20,32
DA:21,32
DA:32,1
DA:33,1
DA:34,1
DA:35,1
DA:36,1
DA:37,1
DA:38,1
DA:39,1
DA:40,1
DA:41,1
DA:42,1
DA:43,1
DA:44,1
DA:45,1
DA:46,1
DA:47,1
DA:48,1
DA:49,1
DA:50,1
DA:51,1
DA:52,1
DA:53,1
DA:54,1
DA:55,1
DA:56,1
DA:59,1
DA:60,1
DA:61,1
DA:62,1
DA:63,1
DA:64,1
DA:65,1
DA:66,1
DA:67,1
DA:68,1
DA:69,1
LF:45
LH:44
end_of_record
SF:flowstdlib/data/count/count.rs
FN:39,flowstdlib::data::count::test::count_returns_value::{closure#0}
FN:10,<flowstdlib::data::count::Count as core::fmt::Debug>::fmt
FN:10,<flowstdlib::data::count::Count as core::fmt::Debug>::fmt
FN:10,<flowstdlib::data::count::Count as core::fmt::Debug>::fmt
FN:14,<flowstdlib::data::count::Count as flowcore::Implementation>::run
FN:39,flowstdlib::data::count::test::count_returns_value
FN:14,<flowstdlib::data::count::Count as flowcore::Implementation>::run
FN:14,<flowstdlib::data::count::Count as flowcore::Implementation>::run
FNDA:1,flowstdlib::data::count::test::count_returns_value::{closure#0}
FNDA:0,<flowstdlib::data::count::Count as core::fmt::Debug>::fmt
FNDA:0,<flowstdlib::data::count::Count as core::fmt::Debug>::fmt
FNDA:0,<flowstdlib::data::count::Count as core::fmt::Debug>::fmt
FNDA:0,<flowstdlib::data::count::Count as flowcore::Implementation>::run
FNDA:1,flowstdlib::data::count::test::count_returns_value
FNDA:0,<flowstdlib::data::count::Count as flowcore::Implementation>::run
FNDA:1,<flowstdlib::data::count::Count as flowcore::Implementation>::run
FNF:8
FNH:3
BRF:0
BRH:0
DA:10,0
DA:14,1
DA:15,1
DA:16,1
DA:17,1
DA:18,1
DA:19,1
DA:20,1
DA:21,1
DA:22,1
DA:23,1
DA:24,1
DA:25,1
DA:26,1
DA:27,1
DA:39,1
DA:40,1
DA:41,1
DA:42,1
DA:43,1
DA:44,1
DA:45,1
DA:46,1
DA:47,1
DA:48,1
DA:49,1
DA:50,1
LF:27
LH:26
end_of_record
SF:flowr/src/lib/runtime.rs
FN:46,<<flowrlib::runtime::Response as serde::de::Deserialize>::deserialize::__Visitor as serde::de::Visitor>::expecting
FN:46,<flowrlib::runtime::Response as serde::ser::Serialize>::serialize::<&mut serde_json::ser::Serializer<&mut alloc::vec::Vec<u8>>>
FN:46,<<flowrlib::runtime::Response as serde::de::Deserialize>::deserialize::__Visitor as serde::de::Visitor>::visit_enum::<serde_json::de::VariantAccess<serde_json::read::StrRead>>
FN:8,<<<flowrlib::runtime::Event as serde::de::Deserialize>::deserialize::__Visitor as serde::de::Visitor>::visit_enum::__Visitor as serde::de::Visitor>::expecting
FN:46,<flowrlib::runtime::Response as serde::de::Deserialize>::deserialize::<&mut serde_json::de::Deserializer<serde_json::read::StrRead>>
FN:46,<<flowrlib::runtime::Response as serde::de::Deserialize>::deserialize::__Field as serde::de::Deserialize>::deserialize::<&mut serde_json::de::Deserializer<serde_json::read::StrRead>>
FN:46,<flowrlib::runtime::Response as core::cmp::PartialEq>::ne
FN:46,<<flowrlib::runtime::Response as serde::de::Deserialize>::deserialize::__FieldVisitor as serde::de::Visitor>::visit_bytes::<_>
FN:46,<<flowrlib::runtime::Response as serde::de::Deserialize>::deserialize::__Visitor as serde::de::Visitor>::visit_enum::<serde_json::de::UnitVariantAccess<serde_json::read::StrRead>>
FN:8,<<flowrlib::runtime::Event as serde::de::Deserialize>::deserialize::__FieldVisitor as serde::de::Visitor>::visit_bytes::<_>
FN:8,<<flowrlib::runtime::Event as serde::de::Deserialize>::deserialize::__Field as serde::de::Deserialize>::deserialize::<&mut serde_json::de::Deserializer<serde_json::read::StrRead>>
FN:46,<<flowrlib::runtime::Response as serde::de::Deserialize>::deserialize::__Field as serde::de::Deserialize>::deserialize::<&mut serde_json::de::Deserializer<serde_json::read::StrRead>>
FN:8,<<<flowrlib::runtime::Event as serde::de::Deserialize>::deserialize::__Visitor as serde::de::Visitor>::visit_enum::__Visitor as serde::de::Visitor>::expecting
FN:8,<<flowrlib::runtime::Event as serde::de::Deserialize>::deserialize::__FieldVisitor as serde::de::Visitor>::expecting
FN:46,<<flowrlib::runtime::Response as serde::de::Deserialize>::deserialize::__FieldVisitor as serde::de::Visitor>::visit_u64::<_>
FN:46,<<flowrlib::runtime::Response as serde::de::Deserialize>::deserialize::__FieldVisitor as serde::de::Visitor>::expecting
FN:46,<flowrlib::runtime::Response as core::cmp::PartialEq>::eq
FN:8,<flowrlib::runtime::Event as serde::de::Deserialize>::deserialize::<&mut serde_json::de::Deserializer<serde_json::read::StrRead>>
FN:8,<<flowrlib::runtime::Event as serde::de::Deserialize>::deserialize::__FieldVisitor as serde::de::Visitor>::visit_u64::<_>
FN:8,<<flowrlib::runtime::Event as serde::de::Deserialize>::deserialize::__Visitor as serde::de::Visitor>::expecting
FN:46,<flowrlib::runtime::Response as core::cmp::PartialEq>::eq
FN:46,<<flowrlib::runtime::Response as serde::de::Deserialize>::deserialize::__FieldVisitor as serde::de::Visitor>::visit_bytes::<_>
FN:8,<<flowrlib::runtime::Event as serde::de::Deserialize>::deserialize::__FieldVisitor as serde::de::Visitor>::visit_str::<serde_json::error::Error>
FN:46,<flowrlib::runtime::Response as core::cmp::PartialEq>::eq
FN:46,<flowrlib::runtime::Response as serde::de::Deserialize>::deserialize::<&mut serde_json::de::Deserializer<serde_json::read::StrRead>>
FN:8,<<flowrlib::runtime::Event as serde::de::Deserialize>::deserialize::__FieldVisitor as serde::de::Visitor>::visit_bytes::<_>
FN:8,<<<flowrlib::runtime::Event as serde::de::Deserialize>::deserialize::__Visitor as serde::de::Visitor>::visit_enum::__Visitor as serde::de::Visitor>::visit_seq::<serde_json::de::SeqAccess<serde_json::read::StrRead>>
FN:8,<<flowrlib::runtime::Event as serde::de::Deserialize>::deserialize::__FieldVisitor as serde::de::Visitor>::visit_u64::<_>
FN:8,<<flowrlib::runtime::Event as serde::de::Deserialize>::deserialize::__Visitor as serde::de::Visitor>::visit_enum::<serde_json::de::VariantAccess<serde_json::read::StrRead>>
FN:46,<<flowrlib::runtime::Response as serde::de::Deserialize>::deserialize::__FieldVisitor as serde::de::Visitor>::visit_str::<serde_json::error::Error>
FN:8,<<<flowrlib::runtime::Event as serde::de::Deserialize>::deserialize::__Visitor as serde::de::Visitor>::visit_enum::__Visitor as serde::de::Visitor>::expecting
FN:46,<flowrlib::runtime::Response as core::cmp::PartialEq>::ne
FN:46,<<flowrlib::runtime::Response as serde::de::Deserialize>::deserialize::__FieldVisitor as serde::de::Visitor>::expecting
FN:8,<<flowrlib::runtime::Event as serde::de::Deserialize>::deserialize::__Field as serde::de::Deserialize>::deserialize::<&mut serde_json::de::Deserializer<serde_json::read::StrRead>>
FN:46,<flowrlib::runtime::Response as core::cmp::PartialEq>::eq
FN:8,<<flowrlib::runtime::Event as serde::de::Deserialize>::deserialize::__Visitor as serde::de::Visitor>::visit_enum::<serde_json::de::UnitVariantAccess<serde_json::read::StrRead>>
FN:46,<flowrlib::runtime::Response as core::cmp::PartialEq>::ne
FN:8,<<flowrlib::runtime::Event as serde::de::Deserialize>::deserialize::__Visitor as serde::de::Visitor>::expecting
FN:8,<<<flowrlib::runtime::Event as serde::de::Deserialize>::deserialize::__Visitor as serde::de::Visitor>::visit_enum::__Visitor as serde::de::Visitor>::expecting
FN:8,<<flowrlib::runtime::Event as serde::de::Deserialize>::deserialize::__FieldVisitor as serde::de::Visitor>::expecting
FN:46,<<flowrlib::runtime::Response as serde::de::Deserialize>::deserialize::__Visitor as serde::de::Visitor>::expecting
FN:46,<<flowrlib::runtime::Response as serde::de::Deserialize>::deserialize::__FieldVisitor as serde::de::Visitor>::visit_u64::<_>
FN:8,<flowrlib::runtime::Event as serde::de::Deserialize>::deserialize::<&mut serde_json::de::Deserializer<serde_json::read::StrRead>>
FN:8,<flowrlib::runtime::Event as serde::ser::Serialize>::serialize::<&mut serde_json::ser::Serializer<&mut alloc::vec::Vec<u8>>>
FNDA:0,<<flowrlib::runtime::Response as serde::de::Deserialize>::deserialize::__Visitor as serde::de::Visitor>::expecting
FNDA:1,<flowrlib::runtime::Response as serde::ser::Serialize>::serialize::<&mut serde_json::ser::Serializer<&mut alloc::vec::Vec<u8>>>
FNDA:1,<<flowrlib::runtime::Response as serde::de::Deserialize>::deserialize::__Visitor as serde::de::Visitor>::visit_enum::<serde_json::de::VariantAccess<serde_json::read::StrRead>>
FNDA:0,<<<flowrlib::runtime::Event as serde::de::Deserialize>::deserialize::__Visitor as serde::de::Visitor>::visit_enum::__Visitor as serde::de::Visitor>::expecting
FNDA:1,<flowrlib::runtime::Response as serde::de::Deserialize>::deserialize::<&mut serde_json::de::Deserializer<serde_json::read::StrRead>>
FNDA:0,<<flowrlib::runtime::Response as serde::de::Deserialize>::deserialize::__Field as serde::de::Deserialize>::deserialize::<&mut serde_json::de::Deserializer<serde_json::read::StrRead>>
FNDA:1,<flowrlib::runtime::Response as core::cmp::PartialEq>::ne
FNDA:0,<<flowrlib::runtime::Response as serde::de::Deserialize>::deserialize::__FieldVisitor as serde::de::Visitor>::visit_bytes::<_>
FNDA:1,<<flowrlib::runtime::Response as serde::de::Deserialize>::deserialize::__Visitor as serde::de::Visitor>::visit_enum::<serde_json::de::UnitVariantAccess<serde_json::read::StrRead>>
FNDA:0,<<flowrlib::runtime::Event as serde::de::Deserialize>::deserialize::__FieldVisitor as serde::de::Visitor>::visit_bytes::<_>
FNDA:0,<<flowrlib::runtime::Event as serde::de::Deserialize>::deserialize::__Field as serde::de::Deserialize>::deserialize::<&mut serde_json::de::Deserializer<serde_json::read::StrRead>>
FNDA:1,<<flowrlib::runtime::Response as serde::de::Deserialize>::deserialize::__Field as serde::de::Deserialize>::deserialize::<&mut serde_json::de::Deserializer<serde_json::read::StrRead>>
FNDA:0,<<<flowrlib::runtime::Event as serde::de::Deserialize>::deserialize::__Visitor as serde::de::Visitor>::visit_enum::__Visitor as serde::de::Visitor>::expecting
FNDA:0,<<flowrlib::runtime::Event as serde::de::Deserialize>::deserialize::__FieldVisitor as serde::de::Visitor>::expecting
FNDA:0,<<flowrlib::runtime::Response as serde::de::Deserialize>::deserialize::__FieldVisitor as serde::de::Visitor>::visit_u64::<_>
FNDA:0,<<flowrlib::runtime::Response as serde::de::Deserialize>::deserialize::__FieldVisitor as serde::de::Visitor>::expecting
FNDA:0,<flowrlib::runtime::Response as core::cmp::PartialEq>::eq
FNDA:1,<flowrlib::runtime::Event as serde::de::Deserialize>::deserialize::<&mut serde_json::de::Deserializer<serde_json::read::StrRead>>
FNDA:0,<<flowrlib::runtime::Event as serde::de::Deserialize>::deserialize::__FieldVisitor as serde::de::Visitor>::visit_u64::<_>
FNDA:0,<<flowrlib::runtime::Event as serde::de::Deserialize>::deserialize::__Visitor as serde::de::Visitor>::expecting
FNDA:1,<flowrlib::runtime::Response as core::cmp::PartialEq>::eq
FNDA:0,<<flowrlib::runtime::Response as serde::de::Deserialize>::deserialize::__FieldVisitor as serde::de::Visitor>::visit_bytes::<_>
FNDA:1,<<flowrlib::runtime::Event as serde::de::Deserialize>::deserialize::__FieldVisitor as serde::de::Visitor>::visit_str::<serde_json::error::Error>
FNDA:1,<flowrlib::runtime::Response as core::cmp::PartialEq>::eq
FNDA:0,<flowrlib::runtime::Response as serde::de::Deserialize>::deserialize::<&mut serde_json::de::Deserializer<serde_json::read::StrRead>>
FNDA:0,<<flowrlib::runtime::Event as serde::de::Deserialize>::deserialize::__FieldVisitor as serde::de::Visitor>::visit_bytes::<_>
FNDA:1,<<<flowrlib::runtime::Event as serde::de::Deserialize>::deserialize::__Visitor as serde::de::Visitor>::visit_enum::__Visitor as serde::de::Visitor>::visit_seq::<serde_json::de::SeqAccess<serde_json::read::StrRead>>
FNDA:0,<<flowrlib::runtime::Event as serde::de::Deserialize>::deserialize::__FieldVisitor as serde::de::Visitor>::visit_u64::<_>
FNDA:1,<<flowrlib::runtime::Event as serde::de::Deserialize>::deserialize::__Visitor as serde::de::Visitor>::visit_enum::<serde_json::de::VariantAccess<serde_json::read::StrRead>>
FNDA:1,<<flowrlib::runtime::Response as serde::de::Deserialize>::deserialize::__FieldVisitor as serde::de::Visitor>::visit_str::<serde_json::error::Error>
FNDA:0,<<<flowrlib::runtime::Event as serde::de::Deserialize>::deserialize::__Visitor as serde::de::Visitor>::visit_enum::__Visitor as serde::de::Visitor>::expecting
FNDA:0,<flowrlib::runtime::Response as core::cmp::PartialEq>::ne
FNDA:0,<<flowrlib::runtime::Response as serde::de::Deserialize>::deserialize::__FieldVisitor as serde::de::Visitor>::expecting
FNDA:1,<<flowrlib::runtime::Event as serde::de::Deserialize>::deserialize::__Field as serde::de::Deserialize>::deserialize::<&mut serde_json::de::Deserializer<serde_json::read::StrRead>>
FNDA:0,<flowrlib::runtime::Response as core::cmp::PartialEq>::eq
FNDA:1,<<flowrlib::runtime::Event as serde::de::Deserialize>::deserialize::__Visitor as serde::de::Visitor>::visit_enum::<serde_json::de::UnitVariantAccess<serde_json::read::StrRead>>
FNDA:0,<flowrlib::runtime::Response as core::cmp::PartialEq>::ne
FNDA:0,<<flowrlib::runtime::Event as serde::de::Deserialize>::deserialize::__Visitor as serde::de::Visitor>::expecting
FNDA:0,<<<flowrlib::runtime::Event as serde::de::Deserialize>::deserialize::__Visitor as serde::de::Visitor>::visit_enum::__Visitor as serde::de::Visitor>::expecting
FNDA:0,<<flowrlib::runtime::Event as serde::de::Deserialize>::deserialize::__FieldVisitor as serde::de::Visitor>::expecting
FNDA:0,<<flowrlib::runtime::Response as serde::de::Deserialize>::deserialize::__Visitor as serde::de::Visitor>::expecting
FNDA:0,<<flowrlib::runtime::Response as serde::de::Deserialize>::deserialize::__FieldVisitor as serde::de::Visitor>::visit_u64::<_>
FNDA:0,<flowrlib::runtime::Event as serde::de::Deserialize>::deserialize::<&mut serde_json::de::Deserializer<serde_json::read::StrRead>>
FNDA:1,<flowrlib::runtime::Event as serde::ser::Serialize>::serialize::<&mut serde_json::ser::Serializer<&mut alloc::vec::Vec<u8>>>
FNF:44
FNH:16
BRF:0
BRH:0
DA:8,3348
DA:46,2753
LF:2
LH:2
end_of_record
SF:flowc/src/lib/model/io.rs
FN:59,<flowclib::model::io::IO>::io_type
FN:28,<<flowclib::model::io::IO as serde::de::Deserialize>::deserialize::__Visitor as serde::de::Visitor>::visit_map::<toml::de::MapVisitor>
FN:20,<<flowclib::model::io::IOType as serde::de::Deserialize>::deserialize::__FieldVisitor as serde::de::Visitor>::visit_bytes::<_>
FN:20,<<flowclib::model::io::IOType as serde::de::Deserialize>::deserialize::__Visitor as serde::de::Visitor>::visit_enum::<_>
FN:291,flowclib::model::io::test::deserialize_valid_type::{closure#0}
FN:122,<flowclib::model::io::IO as flowclib::model::name::HasName>::alias
FN:28,<<flowclib::model::io::IO as serde::de::Deserialize>::deserialize::__Field as serde::de::Deserialize>::deserialize::<toml::de::DatetimeFieldDeserializer>
FN:88,<flowclib::model::io::IO>::get_initializer
FN:28,<flowclib::model::io::IO as serde::de::Deserialize>::deserialize::<serde::__private::de::content::ContentRefDeserializer<serde_yaml::error::Error>>
FN:28,<flowclib::model::io::IO as serde::de::Deserialize>::deserialize::<serde::__private::de::content::ContentRefDeserializer<serde_yaml::error::Error>>
FN:28,<flowclib::model::io::IO as serde::de::Deserialize>::deserialize::<serde::__private::de::content::ContentRefDeserializer<toml::de::Error>>
FN:346,flowclib::model::io::test::methods_work::{closure#0}
FN:28,<<flowclib::model::io::IO as serde::de::Deserialize>::deserialize::__Visitor as serde::de::Visitor>::expecting
FN:28,<<flowclib::model::io::IO as serde::de::Deserialize>::deserialize::__Field as serde::de::Deserialize>::deserialize::<serde::__private::de::content::ContentRefDeserializer<serde_json::error::Error>>
FN:387,flowclib::model::io::test::unique_io_names_validate
FN:128,<flowclib::model::io::IO as flowclib::model::datatype::HasDataType>::datatype
FN:59,<flowclib::model::io::IO>::io_type
FN:28,<<flowclib::model::io::IO as serde::de::Deserialize>::deserialize::__FieldVisitor as serde::de::Visitor>::expecting
FN:113,<flowclib::model::io::IO as core::fmt::Display>::fmt
FN:28,<<flowclib::model::io::IO as serde::de::Deserialize>::deserialize::__FieldVisitor as serde::de::Visitor>::visit_str::<toml::de::Error>
FN:28,<<flowclib::model::io::IO as serde::de::Deserialize>::deserialize::__Field as serde::de::Deserialize>::deserialize::<serde::__private::de::content::ContentRefDeserializer<toml::de::Error>>
FN:28,<flowclib::model::io::IO as serde::de::Deserialize>::deserialize::<serde::__private::de::content::ContentRefDeserializer<toml::de::Error>>
FN:20,<<flowclib::model::io::IOType as serde::de::Deserialize>::deserialize::__FieldVisitor as serde::de::Visitor>::visit_bytes::<_>
FN:280,flowclib::model::io::test::deserialize_empty_string
FN:161,<alloc::vec::Vec<flowclib::model::io::IO> as flowclib::compiler::loader::Validate>::validate
FN:224,<alloc::vec::Vec<flowclib::model::io::IO> as flowclib::model::io::Find>::find_by_route
FN:28,<flowclib::model::io::IO as serde::de::Deserialize>::deserialize::<serde::__private::de::content::ContentRefDeserializer<serde_json::error::Error>>
FN:134,<flowclib::model::io::IO as flowclib::model::route::HasRoute>::route
FN:92,<flowclib::model::io::IO>::set_initializer
FN:254,<flowclib::model::io::IO>::set_initial_values
FN:28,<flowclib::model::io::IO as core::fmt::Debug>::fmt
FN:20,<flowclib::model::io::IOType as serde::de::Deserialize>::deserialize::<_>
FN:20,<flowclib::model::io::IOType as core::clone::Clone>::clone
FN:55,<flowclib::model::io::IO>::flow_io
FN:332,flowclib::model::io::test::deserialize_valid_string_type::{closure#0}
FN:55,<flowclib::model::io::IO>::flow_io
FN:20,<<flowclib::model::io::IOType as serde::de::Deserialize>::deserialize::__FieldVisitor as serde::de::Visitor>::visit_u64::<_>
FN:224,<alloc::vec::Vec<flowclib::model::io::IO> as flowclib::model::io::Find>::find_by_route
FN:28,<flowclib::model::io::IO as serde::de::Deserialize>::deserialize::<toml::de::ValueDeserializer>
FN:122,<flowclib::model::io::IO as flowclib::model::name::HasName>::alias
FN:20,<<flowclib::model::io::IOType as serde::de::Deserialize>::deserialize::__Field as serde::de::Deserialize>::deserialize::<_>
FN:20,<<flowclib::model::io::IOType as serde::de::Deserialize>::deserialize::__Visitor as serde::de::Visitor>::visit_enum::<_>
FN:101,<flowclib::model::io::IO as core::default::Default>::default
FN:20,<<flowclib::model::io::IOType as serde::de::Deserialize>::deserialize::__FieldVisitor as serde::de::Visitor>::expecting
FN:161,<alloc::vec::Vec<flowclib::model::io::IO> as flowclib::compiler::loader::Validate>::validate
FN:47,<flowclib::model::io::IO>::new::<&str, flowclib::model::route::Route>
FN:28,<flowclib::model::io::IO as core::clone::Clone>::clone
FN:387,flowclib::model::io::test::unique_io_names_validate::{closure#0}
FN:134,<flowclib::model::io::IO as flowclib::model::route::HasRoute>::route
FN:119,<flowclib::model::io::IO as flowclib::model::name::HasName>::name
FN:128,<flowclib::model::io::IO as flowclib::model::datatype::HasDataType>::datatype
FN:224,<alloc::vec::Vec<flowclib::model::io::IO> as flowclib::model::io::Find>::find_by_route
FN:92,<flowclib::model::io::IO>::set_initializer
FN:76,<flowclib::model::io::IO>::set_route_from_parent
FN:20,<flowclib::model::io::IOType as core::fmt::Debug>::fmt
FN:28,<flowclib::model::io::IO as serde::de::Deserialize>::deserialize::<serde::__private::de::content::ContentRefDeserializer<toml::de::Error>>
FN:20,<<flowclib::model::io::IOType as serde::de::Deserialize>::deserialize::__Field as serde::de::Deserialize>::deserialize::<_>
FN:20,<flowclib::model::io::IOType as core::cmp::PartialEq>::eq
FN:346,flowclib::model::io::test::methods_work
FN:84,<flowclib::model::io::IO>::set_datatype
FN:317,flowclib::model::io::test::deserialize_name
FN:20,<<flowclib::model::io::IOType as serde::de::Deserialize>::deserialize::__Field as serde::de::Deserialize>::deserialize::<_>
FN:20,<flowclib::model::io::IOType as core::fmt::Debug>::fmt
FN:67,<flowclib::model::io::IO>::datatype
FN:76,<flowclib::model::io::IO>::set_route_from_parent
FN:134,<flowclib::model::io::IO as flowclib::model::route::HasRoute>::route
FN:71,<flowclib::model::io::IO>::set_route
FN:421,flowclib::model::io::test::multiple_inputs_empty_name_not_allowed
FN:180,<alloc::vec::Vec<flowclib::model::io::IO> as flowclib::model::route::SetIORoutes>::set_io_routes_from_parent
FN:84,<flowclib::model::io::IO>::set_datatype
FN:28,<<flowclib::model::io::IO as serde::de::Deserialize>::deserialize::__FieldVisitor as serde::de::Visitor>::visit_str::<toml::de::Error>
FN:208,<alloc::vec::Vec<flowclib::model::io::IO> as flowclib::model::io::Find>::find_by_name
FN:180,<alloc::vec::Vec<flowclib::model::io::IO> as flowclib::model::route::SetIORoutes>::set_io_routes_from_parent
FN:119,<flowclib::model::io::IO as flowclib::model::name::HasName>::name
FN:28,<flowclib::model::io::IO as core::fmt::Debug>::fmt
FN:152,<flowclib::model::io::IO as flowclib::compiler::loader::Validate>::validate
FN:152,<flowclib::model::io::IO as flowclib::compiler::loader::Validate>::validate
FN:119,<flowclib::model::io::IO as flowclib::model::name::HasName>::name
FN:20,<flowclib::model::io::IOType as serde::de::Deserialize>::deserialize::<_>
FN:47,<flowclib::model::io::IO>::new::<&str, flowclib::model::route::Route>
FN:147,flowclib::model::io::default_io_type
FN:128,<flowclib::model::io::IO as flowclib::model::datatype::HasDataType>::datatype
FN:20,<<flowclib::model::io::IOType as serde::de::Deserialize>::deserialize::__FieldVisitor as serde::de::Visitor>::visit_str::<_>
FN:20,<<flowclib::model::io::IOType as serde::de::Deserialize>::deserialize::__FieldVisitor as serde::de::Visitor>::visit_u64::<_>
FN:143,flowclib::model::io::default_type
FN:20,<<flowclib::model::io::IOType as serde::de::Deserialize>::deserialize::__FieldVisitor as serde::de::Visitor>::visit_str::<_>
FN:122,<flowclib::model::io::IO as flowclib::model::name::HasName>::alias
FN:28,<flowclib::model::io::IO as serde::ser::Serialize>::serialize::<_>
FN:332,flowclib::model::io::test::deserialize_valid_string_type
FN:361,flowclib::model::io::test::deserialize_valid_json_type::{closure#0}
FN:28,<<flowclib::model::io::IO as serde::de::Deserialize>::deserialize::__FieldVisitor as serde::de::Visitor>::expecting
FN:361,flowclib::model::io::test::deserialize_valid_json_type
FN:47,<flowclib::model::io::IO>::new::<&str, &str>
FN:147,flowclib::model::io::default_io_type
FN:20,<<flowclib::model::io::IOType as serde::de::Deserialize>::deserialize::__Visitor as serde::de::Visitor>::expecting
FN:47,<flowclib::model::io::IO>::new::<&str, flowclib::model::route::Route>
FN:199,<alloc::vec::Vec<flowclib::model::io::IO> as flowclib::model::io::Find>::find
FN:20,<flowclib::model::io::IOType as serde::de::Deserialize>::deserialize::<_>
FN:20,<<flowclib::model::io::IOType as serde::de::Deserialize>::deserialize::__Visitor as serde::de::Visitor>::expecting
FN:28,<<flowclib::model::io::IO as serde::de::Deserialize>::deserialize::__FieldVisitor as serde::de::Visitor>::visit_str::<toml::de::Error>
FN:20,<<flowclib::model::io::IOType as serde::de::Deserialize>::deserialize::__Visitor as serde::de::Visitor>::visit_enum::<_>
FN:67,<flowclib::model::io::IO>::datatype
FN:28,<flowclib::model::io::IO as core::fmt::Debug>::fmt
FN:20,<<flowclib::model::io::IOType as serde::de::Deserialize>::deserialize::__FieldVisitor as serde::de::Visitor>::expecting
FN:375,flowclib::model::io::test::deserialize_extra_field_fails::{closure#0}
FN:304,flowclib::model::io::test::deserialize_invalid_type
FN:138,<flowclib::model::io::IO as flowclib::model::route::HasRoute>::route_mut
FN:138,<flowclib::model::io::IO as flowclib::model::route::HasRoute>::route_mut
FN:55,<flowclib::model::io::IO>::flow_io
FN:28,<<flowclib::model::io::IO as serde::de::Deserialize>::deserialize::__Field as serde::de::Deserialize>::deserialize::<serde::__private::de::content::ContentRefDeserializer<toml::de::Error>>
FN:28,<<flowclib::model::io::IO as serde::de::Deserialize>::deserialize::__Field as serde::de::Deserialize>::deserialize::<serde::__private::de::content::ContentRefDeserializer<serde_yaml::error::Error>>
FN:28,<<flowclib::model::io::IO as serde::de::Deserialize>::deserialize::__Visitor as serde::de::Visitor>::expecting
FN:28,<<flowclib::model::io::IO as serde::de::Deserialize>::deserialize::__Visitor as serde::de::Visitor>::visit_map::<&mut serde::de::value::MapDeserializer<core::iter::adapters::map::Map<core::slice::iter::Iter<(serde::__private::de::content::Content, serde::__private::de::content::Content)>, serde::__private::de::content::visit_content_map_ref<<flowclib::model::io::IO as serde::de::Deserialize>::deserialize::__Visitor, toml::de::Error>::{closure#0}>, toml::de::Error>>
FN:20,<flowclib::model::io::IOType as serde::ser::Serialize>::serialize::<_>
FN:28,<<flowclib::model::io::IO as serde::de::Deserialize>::deserialize::__Field as serde::de::Deserialize>::deserialize::<serde::de::value::BorrowedStrDeserializer<toml::de::Error>>
FN:304,flowclib::model::io::test::deserialize_invalid_type::{closure#0}
FN:28,<flowclib::model::io::IO as serde::de::Deserialize>::deserialize::<serde::__private::de::content::ContentRefDeserializer<serde_json::error::Error>>
FN:71,<flowclib::model::io::IO>::set_route
FN:28,<flowclib::model::io::IO as serde::de::Deserialize>::deserialize::<&mut toml::de::Deserializer>
FN:152,<flowclib::model::io::IO as flowclib::compiler::loader::Validate>::validate
FN:28,<<flowclib::model::io::IO as serde::de::Deserialize>::deserialize::__Visitor as serde::de::Visitor>::visit_map::<&mut serde::de::value::MapDeserializer<core::iter::adapters::map::Map<core::slice::iter::Iter<(serde::__private::de::content::Content, serde::__private::de::content::Content)>, serde::__private::de::content::visit_content_map_ref<<flowclib::model::io::IO as serde::de::Deserialize>::deserialize::__Visitor, toml::de::Error>::{closure#0}>, toml::de::Error>>
FN:84,<flowclib::model::io::IO>::set_datatype
FN:63,<flowclib::model::io::IO>::set_flow_io
FN:180,<alloc::vec::Vec<flowclib::model::io::IO> as flowclib::model::route::SetIORoutes>::set_io_routes_from_parent
FN:101,<flowclib::model::io::IO as core::default::Default>::default
FN:28,<<flowclib::model::io::IO as serde::de::Deserialize>::deserialize::__Field as serde::de::Deserialize>::deserialize::<serde::__private::de::content::ContentRefDeserializer<serde_yaml::error::Error>>
FN:20,<<flowclib::model::io::IOType as serde::de::Deserialize>::deserialize::__FieldVisitor as serde::de::Visitor>::expecting
FN:28,<flowclib::model::io::IO as serde::de::Deserialize>::deserialize::<serde::__private::de::content::ContentRefDeserializer<serde_yaml::error::Error>>
FN:28,<flowclib::model::io::IO as serde::de::Deserialize>::deserialize::<serde::__private::de::content::ContentRefDeserializer<serde_json::error::Error>>
FN:28,<<flowclib::model::io::IO as serde::de::Deserialize>::deserialize::__Field as serde::de::Deserialize>::deserialize::<serde::__private::de::content::ContentRefDeserializer<serde_yaml::error::Error>>
FN:28,<flowclib::model::io::IO as serde::ser::Serialize>::serialize::<_>
FN:88,<flowclib::model::io::IO>::get_initializer
FN:28,<<flowclib::model::io::IO as serde::de::Deserialize>::deserialize::__Field as serde::de::Deserialize>::deserialize::<serde::__private::de::content::ContentRefDeserializer<toml::de::Error>>
FN:28,<<flowclib::model::io::IO as serde::de::Deserialize>::deserialize::__FieldVisitor as serde::de::Visitor>::expecting
FN:208,<alloc::vec::Vec<flowclib::model::io::IO> as flowclib::model::io::Find>::find_by_name
FN:20,<<flowclib::model::io::IOType as serde::de::Deserialize>::deserialize::__FieldVisitor as serde::de::Visitor>::visit_str::<_>
FN:143,flowclib::model::io::default_type
FN:280,flowclib::model::io::test::deserialize_empty_string::{closure#0}
FN:254,<flowclib::model::io::IO>::set_initial_values
FN:317,flowclib::model::io::test::deserialize_name::{closure#0}
FN:28,<flowclib::model::io::IO as serde::de::Deserialize>::deserialize::<toml::de::MapVisitor>
FN:20,<flowclib::model::io::IOType as core::clone::Clone>::clone
FN:199,<alloc::vec::Vec<flowclib::model::io::IO> as flowclib::model::io::Find>::find
FN:71,<flowclib::model::io::IO>::set_route
FN:113,<flowclib::model::io::IO as core::fmt::Display>::fmt
FN:28,<<flowclib::model::io::IO as serde::de::Deserialize>::deserialize::__Field as serde::de::Deserialize>::deserialize::<serde::__private::de::content::ContentRefDeserializer<serde_json::error::Error>>
FN:20,<flowclib::model::io::IOType as serde::ser::Serialize>::serialize::<_>
FN:76,<flowclib::model::io::IO>::set_route_from_parent
FN:20,<flowclib::model::io::IOType as core::cmp::PartialEq>::eq
FN:28,<<flowclib::model::io::IO as serde::de::Deserialize>::deserialize::__Field as serde::de::Deserialize>::deserialize::<serde::__private::de::content::ContentRefDeserializer<serde_json::error::Error>>
FN:161,<alloc::vec::Vec<flowclib::model::io::IO> as flowclib::compiler::loader::Validate>::validate
FN:67,<flowclib::model::io::IO>::datatype
FN:291,flowclib::model::io::test::deserialize_valid_type
FN:147,flowclib::model::io::default_io_type
FN:63,<flowclib::model::io::IO>::set_flow_io
FN:59,<flowclib::model::io::IO>::io_type
FN:143,flowclib::model::io::default_type
FN:20,<flowclib::model::io::IOType as core::cmp::PartialEq>::eq
FN:407,flowclib::model::io::test::non_unique_io_names_wont_validate::{closure#0}
FN:20,<<flowclib::model::io::IOType as serde::de::Deserialize>::deserialize::__FieldVisitor as serde::de::Visitor>::visit_u64::<_>
FN:88,<flowclib::model::io::IO>::get_initializer
FN:208,<alloc::vec::Vec<flowclib::model::io::IO> as flowclib::model::io::Find>::find_by_name
FN:28,<flowclib::model::io::IO as core::clone::Clone>::clone
FN:375,flowclib::model::io::test::deserialize_extra_field_fails
FN:101,<flowclib::model::io::IO as core::default::Default>::default
FN:199,<alloc::vec::Vec<flowclib::model::io::IO> as flowclib::model::io::Find>::find
FN:28,<flowclib::model::io::IO as core::clone::Clone>::clone
FN:20,<flowclib::model::io::IOType as serde::ser::Serialize>::serialize::<_>
FN:407,flowclib::model::io::test::non_unique_io_names_wont_validate
FN:113,<flowclib::model::io::IO as core::fmt::Display>::fmt
FN:28,<flowclib::model::io::IO as serde::ser::Serialize>::serialize::<_>
FN:20,<flowclib::model::io::IOType as core::clone::Clone>::clone
FN:138,<flowclib::model::io::IO as flowclib::model::route::HasRoute>::route_mut
FN:20,<<flowclib::model::io::IOType as serde::de::Deserialize>::deserialize::__FieldVisitor as serde::de::Visitor>::visit_bytes::<_>
FN:421,flowclib::model::io::test::multiple_inputs_empty_name_not_allowed::{closure#0}
FN:254,<flowclib::model::io::IO>::set_initial_values
FN:92,<flowclib::model::io::IO>::set_initializer
FN:20,<<flowclib::model::io::IOType as serde::de::Deserialize>::deserialize::__Visitor as serde::de::Visitor>::expecting
FN:28,<<flowclib::model::io::IO as serde::de::Deserialize>::deserialize::__Visitor as serde::de::Visitor>::visit_map::<&mut serde::de::value::MapDeserializer<core::iter::adapters::map::Map<core::slice::iter::Iter<(serde::__private::de::content::Content, serde::__private::de::content::Content)>, serde::__private::de::content::visit_content_map_ref<<flowclib::model::io::IO as serde::de::Deserialize>::deserialize::__Visitor, toml::de::Error>::{closure#0}>, toml::de::Error>>
FN:63,<flowclib::model::io::IO>::set_flow_io
FN:28,<<flowclib::model::io::IO as serde::de::Deserialize>::deserialize::__Field as serde::de::Deserialize>::deserialize::<toml::de::StrDeserializer>
FN:28,<<flowclib::model::io::IO as serde::de::Deserialize>::deserialize::__Visitor as serde::de::Visitor>::expecting
FNDA:1,<flowclib::model::io::IO>::io_type
FNDA:1,<<flowclib::model::io::IO as serde::de::Deserialize>::deserialize::__Visitor as serde::de::Visitor>::visit_map::<toml::de::MapVisitor>
FNDA:0,<<flowclib::model::io::IOType as serde::de::Deserialize>::deserialize::__FieldVisitor as serde::de::Visitor>::visit_bytes::<_>
FNDA:0,<<flowclib::model::io::IOType as serde::de::Deserialize>::deserialize::__Visitor as serde::de::Visitor>::visit_enum::<_>
FNDA:1,flowclib::model::io::test::deserialize_valid_type::{closure#0}
FNDA:1,<flowclib::model::io::IO as flowclib::model::name::HasName>::alias
FNDA:0,<<flowclib::model::io::IO as serde::de::Deserialize>::deserialize::__Field as serde::de::Deserialize>::deserialize::<toml::de::DatetimeFieldDeserializer>
FNDA:1,<flowclib::model::io::IO>::get_initializer
FNDA:0,<flowclib::model::io::IO as serde::de::Deserialize>::deserialize::<serde::__private::de::content::ContentRefDeserializer<serde_yaml::error::Error>>
FNDA:0,<flowclib::model::io::IO as serde::de::Deserialize>::deserialize::<serde::__private::de::content::ContentRefDeserializer<serde_yaml::error::Error>>
FNDA:1,<flowclib::model::io::IO as serde::de::Deserialize>::deserialize::<serde::__private::de::content::ContentRefDeserializer<toml::de::Error>>
FNDA:1,flowclib::model::io::test::methods_work::{closure#0}
FNDA:0,<<flowclib::model::io::IO as serde::de::Deserialize>::deserialize::__Visitor as serde::de::Visitor>::expecting
FNDA:0,<<flowclib::model::io::IO as serde::de::Deserialize>::deserialize::__Field as serde::de::Deserialize>::deserialize::<serde::__private::de::content::ContentRefDeserializer<serde_json::error::Error>>
FNDA:1,flowclib::model::io::test::unique_io_names_validate
FNDA:0,<flowclib::model::io::IO as flowclib::model::datatype::HasDataType>::datatype
FNDA:1,<flowclib::model::io::IO>::io_type
FNDA:0,<<flowclib::model::io::IO as serde::de::Deserialize>::deserialize::__FieldVisitor as serde::de::Visitor>::expecting
FNDA:0,<flowclib::model::io::IO as core::fmt::Display>::fmt
FNDA:1,<<flowclib::model::io::IO as serde::de::Deserialize>::deserialize::__FieldVisitor as serde::de::Visitor>::visit_str::<toml::de::Error>
FNDA:1,<<flowclib::model::io::IO as serde::de::Deserialize>::deserialize::__Field as serde::de::Deserialize>::deserialize::<serde::__private::de::content::ContentRefDeserializer<toml::de::Error>>
FNDA:1,<flowclib::model::io::IO as serde::de::Deserialize>::deserialize::<serde::__private::de::content::ContentRefDeserializer<toml::de::Error>>
FNDA:0,<<flowclib::model::io::IOType as serde::de::Deserialize>::deserialize::__FieldVisitor as serde::de::Visitor>::visit_bytes::<_>
FNDA:1,flowclib::model::io::test::deserialize_empty_string
FNDA:0,<alloc::vec::Vec<flowclib::model::io::IO> as flowclib::compiler::loader::Validate>::validate
FNDA:1,<alloc::vec::Vec<flowclib::model::io::IO> as flowclib::model::io::Find>::find_by_route
FNDA:0,<flowclib::model::io::IO as serde::de::Deserialize>::deserialize::<serde::__private::de::content::ContentRefDeserializer<serde_json::error::Error>>
FNDA:1,<flowclib::model::io::IO as flowclib::model::route::HasRoute>::route
FNDA:1,<flowclib::model::io::IO>::set_initializer
FNDA:1,<flowclib::model::io::IO>::set_initial_values
FNDA:1,<flowclib::model::io::IO as core::fmt::Debug>::fmt
FNDA:0,<flowclib::model::io::IOType as serde::de::Deserialize>::deserialize::<_>
FNDA:1,<flowclib::model::io::IOType as core::clone::Clone>::clone
FNDA:1,<flowclib::model::io::IO>::flow_io
FNDA:1,flowclib::model::io::test::deserialize_valid_string_type::{closure#0}
FNDA:1,<flowclib::model::io::IO>::flow_io
FNDA:0,<<flowclib::model::io::IOType as serde::de::Deserialize>::deserialize::__FieldVisitor as serde::de::Visitor>::visit_u64::<_>
FNDA:1,<alloc::vec::Vec<flowclib::model::io::IO> as flowclib::model::io::Find>::find_by_route
FNDA:0,<flowclib::model::io::IO as serde::de::Deserialize>::deserialize::<toml::de::ValueDeserializer>
FNDA:0,<flowclib::model::io::IO as flowclib::model::name::HasName>::alias
FNDA:0,<<flowclib::model::io::IOType as serde::de::Deserialize>::deserialize::__Field as serde::de::Deserialize>::deserialize::<_>
FNDA:0,<<flowclib::model::io::IOType as serde::de::Deserialize>::deserialize::__Visitor as serde::de::Visitor>::visit_enum::<_>
FNDA:1,<flowclib::model::io::IO as core::default::Default>::default
FNDA:0,<<flowclib::model::io::IOType as serde::de::Deserialize>::deserialize::__FieldVisitor as serde::de::Visitor>::expecting
FNDA:0,<alloc::vec::Vec<flowclib::model::io::IO> as flowclib::compiler::loader::Validate>::validate
FNDA:1,<flowclib::model::io::IO>::new::<&str, flowclib::model::route::Route>
FNDA:1,<flowclib::model::io::IO as core::clone::Clone>::clone
FNDA:1,flowclib::model::io::test::unique_io_names_validate::{closure#0}
FNDA:1,<flowclib::model::io::IO as flowclib::model::route::HasRoute>::route
FNDA:1,<flowclib::model::io::IO as flowclib::model::name::HasName>::name
FNDA:0,<flowclib::model::io::IO as flowclib::model::datatype::HasDataType>::datatype
FNDA:1,<alloc::vec::Vec<flowclib::model::io::IO> as flowclib::model::io::Find>::find_by_route
FNDA:1,<flowclib::model::io::IO>::set_initializer
FNDA:1,<flowclib::model::io::IO>::set_route_from_parent
FNDA:1,<flowclib::model::io::IOType as core::fmt::Debug>::fmt
FNDA:1,<flowclib::model::io::IO as serde::de::Deserialize>::deserialize::<serde::__private::de::content::ContentRefDeserializer<toml::de::Error>>
FNDA:0,<<flowclib::model::io::IOType as serde::de::Deserialize>::deserialize::__Field as serde::de::Deserialize>::deserialize::<_>
FNDA:1,<flowclib::model::io::IOType as core::cmp::PartialEq>::eq
FNDA:1,flowclib::model::io::test::methods_work
FNDA:1,<flowclib::model::io::IO>::set_datatype
FNDA:1,flowclib::model::io::test::deserialize_name
FNDA:0,<<flowclib::model::io::IOType as serde::de::Deserialize>::deserialize::__Field as serde::de::Deserialize>::deserialize::<_>
FNDA:1,<flowclib::model::io::IOType as core::fmt::Debug>::fmt
FNDA:1,<flowclib::model::io::IO>::datatype
FNDA:1,<flowclib::model::io::IO>::set_route_from_parent
FNDA:1,<flowclib::model::io::IO as flowclib::model::route::HasRoute>::route
FNDA:1,<flowclib::model::io::IO>::set_route
FNDA:1,flowclib::model::io::test::multiple_inputs_empty_name_not_allowed
FNDA:1,<alloc::vec::Vec<flowclib::model::io::IO> as flowclib::model::route::SetIORoutes>::set_io_routes_from_parent
FNDA:1,<flowclib::model::io::IO>::set_datatype
FNDA:1,<<flowclib::model::io::IO as serde::de::Deserialize>::deserialize::__FieldVisitor as serde::de::Visitor>::visit_str::<toml::de::Error>
FNDA:1,<alloc::vec::Vec<flowclib::model::io::IO> as flowclib::model::io::Find>::find_by_name
FNDA:1,<alloc::vec::Vec<flowclib::model::io::IO> as flowclib::model::route::SetIORoutes>::set_io_routes_from_parent
FNDA:1,<flowclib::model::io::IO as flowclib::model::name::HasName>::name
FNDA:0,<flowclib::model::io::IO as core::fmt::Debug>::fmt
FNDA:1,<flowclib::model::io::IO as flowclib::compiler::loader::Validate>::validate
FNDA:1,<flowclib::model::io::IO as flowclib::compiler::loader::Validate>::validate
FNDA:1,<flowclib::model::io::IO as flowclib::model::name::HasName>::name
FNDA:0,<flowclib::model::io::IOType as serde::de::Deserialize>::deserialize::<_>
FNDA:0,<flowclib::model::io::IO>::new::<&str, flowclib::model::route::Route>
FNDA:1,flowclib::model::io::default_io_type
FNDA:0,<flowclib::model::io::IO as flowclib::model::datatype::HasDataType>::datatype
FNDA:0,<<flowclib::model::io::IOType as serde::de::Deserialize>::deserialize::__FieldVisitor as serde::de::Visitor>::visit_str::<_>
FNDA:0,<<flowclib::model::io::IOType as serde::de::Deserialize>::deserialize::__FieldVisitor as serde::de::Visitor>::visit_u64::<_>
FNDA:1,flowclib::model::io::default_type
FNDA:0,<<flowclib::model::io::IOType as serde::de::Deserialize>::deserialize::__FieldVisitor as serde::de::Visitor>::visit_str::<_>
FNDA:0,<flowclib::model::io::IO as flowclib::model::name::HasName>::alias
FNDA:0,<flowclib::model::io::IO as serde::ser::Serialize>::serialize::<_>
FNDA:1,flowclib::model::io::test::deserialize_valid_string_type
FNDA:1,flowclib::model::io::test::deserialize_valid_json_type::{closure#0}
FNDA:0,<<flowclib::model::io::IO as serde::de::Deserialize>::deserialize::__FieldVisitor as serde::de::Visitor>::expecting
FNDA:1,flowclib::model::io::test::deserialize_valid_json_type
FNDA:1,<flowclib::model::io::IO>::new::<&str, &str>
FNDA:1,flowclib::model::io::default_io_type
FNDA:0,<<flowclib::model::io::IOType as serde::de::Deserialize>::deserialize::__Visitor as serde::de::Visitor>::expecting
FNDA:0,<flowclib::model::io::IO>::new::<&str, flowclib::model::route::Route>
FNDA:1,<alloc::vec::Vec<flowclib::model::io::IO> as flowclib::model::io::Find>::find
FNDA:0,<flowclib::model::io::IOType as serde::de::Deserialize>::deserialize::<_>
FNDA:0,<<flowclib::model::io::IOType as serde::de::Deserialize>::deserialize::__Visitor as serde::de::Visitor>::expecting
FNDA:1,<<flowclib::model::io::IO as serde::de::Deserialize>::deserialize::__FieldVisitor as serde::de::Visitor>::visit_str::<toml::de::Error>
FNDA:0,<<flowclib::model::io::IOType as serde::de::Deserialize>::deserialize::__Visitor as serde::de::Visitor>::visit_enum::<_>
FNDA:1,<flowclib::model::io::IO>::datatype
FNDA:1,<flowclib::model::io::IO as core::fmt::Debug>::fmt
FNDA:0,<<flowclib::model::io::IOType as serde::de::Deserialize>::deserialize::__FieldVisitor as serde::de::Visitor>::expecting
FNDA:1,flowclib::model::io::test::deserialize_extra_field_fails::{closure#0}
FNDA:1,flowclib::model::io::test::deserialize_invalid_type
FNDA:1,<flowclib::model::io::IO as flowclib::model::route::HasRoute>::route_mut
FNDA:1,<flowclib::model::io::IO as flowclib::model::route::HasRoute>::route_mut
FNDA:0,<flowclib::model::io::IO>::flow_io
FNDA:1,<<flowclib::model::io::IO as serde::de::Deserialize>::deserialize::__Field as serde::de::Deserialize>::deserialize::<serde::__private::de::content::ContentRefDeserializer<toml::de::Error>>
FNDA:0,<<flowclib::model::io::IO as serde::de::Deserialize>::deserialize::__Field as serde::de::Deserialize>::deserialize::<serde::__private::de::content::ContentRefDeserializer<serde_yaml::error::Error>>
FNDA:0,<<flowclib::model::io::IO as serde::de::Deserialize>::deserialize::__Visitor as serde::de::Visitor>::expecting
FNDA:1,<<flowclib::model::io::IO as serde::de::Deserialize>::deserialize::__Visitor as serde::de::Visitor>::visit_map::<&mut serde::de::value::MapDeserializer<core::iter::adapters::map::Map<core::slice::iter::Iter<(serde::__private::de::content::Content, serde::__private::de::content::Content)>, serde::__private::de::content::visit_content_map_ref<<flowclib::model::io::IO as serde::de::Deserialize>::deserialize::__Visitor, toml::de::Error>::{closure#0}>, toml::de::Error>>
FNDA:0,<flowclib::model::io::IOType as serde::ser::Serialize>::serialize::<_>
FNDA:0,<<flowclib::model::io::IO as serde::de::Deserialize>::deserialize::__Field as serde::de::Deserialize>::deserialize::<serde::de::value::BorrowedStrDeserializer<toml::de::Error>>
FNDA:1,flowclib::model::io::test::deserialize_invalid_type::{closure#0}
FNDA:0,<flowclib::model::io::IO as serde::de::Deserialize>::deserialize::<serde::__private::de::content::ContentRefDeserializer<serde_json::error::Error>>
FNDA:1,<flowclib::model::io::IO>::set_route
FNDA:1,<flowclib::model::io::IO as serde::de::Deserialize>::deserialize::<&mut toml::de::Deserializer>
FNDA:1,<flowclib::model::io::IO as flowclib::compiler::loader::Validate>::validate
FNDA:1,<<flowclib::model::io::IO as serde::de::Deserialize>::deserialize::__Visitor as serde::de::Visitor>::visit_map::<&mut serde::de::value::MapDeserializer<core::iter::adapters::map::Map<core::slice::iter::Iter<(serde::__private::de::content::Content, serde::__private::de::content::Content)>, serde::__private::de::content::visit_content_map_ref<<flowclib::model::io::IO as serde::de::Deserialize>::deserialize::__Visitor, toml::de::Error>::{closure#0}>, toml::de::Error>>
FNDA:1,<flowclib::model::io::IO>::set_datatype
FNDA:1,<flowclib::model::io::IO>::set_flow_io
FNDA:1,<alloc::vec::Vec<flowclib::model::io::IO> as flowclib::model::route::SetIORoutes>::set_io_routes_from_parent
FNDA:1,<flowclib::model::io::IO as core::default::Default>::default
FNDA:0,<<flowclib::model::io::IO as serde::de::Deserialize>::deserialize::__Field as serde::de::Deserialize>::deserialize::<serde::__private::de::content::ContentRefDeserializer<serde_yaml::error::Error>>
FNDA:0,<<flowclib::model::io::IOType as serde::de::Deserialize>::deserialize::__FieldVisitor as serde::de::Visitor>::expecting
FNDA:0,<flowclib::model::io::IO as serde::de::Deserialize>::deserialize::<serde::__private::de::content::ContentRefDeserializer<serde_yaml::error::Error>>
FNDA:0,<flowclib::model::io::IO as serde::de::Deserialize>::deserialize::<serde::__private::de::content::ContentRefDeserializer<serde_json::error::Error>>
FNDA:0,<<flowclib::model::io::IO as serde::de::Deserialize>::deserialize::__Field as serde::de::Deserialize>::deserialize::<serde::__private::de::content::ContentRefDeserializer<serde_yaml::error::Error>>
FNDA:0,<flowclib::model::io::IO as serde::ser::Serialize>::serialize::<_>
FNDA:1,<flowclib::model::io::IO>::get_initializer
FNDA:1,<<flowclib::model::io::IO as serde::de::Deserialize>::deserialize::__Field as serde::de::Deserialize>::deserialize::<serde::__private::de::content::ContentRefDeserializer<toml::de::Error>>
FNDA:0,<<flowclib::model::io::IO as serde::de::Deserialize>::deserialize::__FieldVisitor as serde::de::Visitor>::expecting
FNDA:0,<alloc::vec::Vec<flowclib::model::io::IO> as flowclib::model::io::Find>::find_by_name
FNDA:0,<<flowclib::model::io::IOType as serde::de::Deserialize>::deserialize::__FieldVisitor as serde::de::Visitor>::visit_str::<_>
FNDA:1,flowclib::model::io::default_type
FNDA:1,flowclib::model::io::test::deserialize_empty_string::{closure#0}
FNDA:0,<flowclib::model::io::IO>::set_initial_values
FNDA:1,flowclib::model::io::test::deserialize_name::{closure#0}
FNDA:1,<flowclib::model::io::IO as serde::de::Deserialize>::deserialize::<toml::de::MapVisitor>
FNDA:1,<flowclib::model::io::IOType as core::clone::Clone>::clone
FNDA:0,<alloc::vec::Vec<flowclib::model::io::IO> as flowclib::model::io::Find>::find
FNDA:1,<flowclib::model::io::IO>::set_route
FNDA:0,<flowclib::model::io::IO as core::fmt::Display>::fmt
FNDA:0,<<flowclib::model::io::IO as serde::de::Deserialize>::deserialize::__Field as serde::de::Deserialize>::deserialize::<serde::__private::de::content::ContentRefDeserializer<serde_json::error::Error>>
FNDA:0,<flowclib::model::io::IOType as serde::ser::Serialize>::serialize::<_>
FNDA:1,<flowclib::model::io::IO>::set_route_from_parent
FNDA:1,<flowclib::model::io::IOType as core::cmp::PartialEq>::eq
FNDA:0,<<flowclib::model::io::IO as serde::de::Deserialize>::deserialize::__Field as serde::de::Deserialize>::deserialize::<serde::__private::de::content::ContentRefDeserializer<serde_json::error::Error>>
FNDA:1,<alloc::vec::Vec<flowclib::model::io::IO> as flowclib::compiler::loader::Validate>::validate
FNDA:1,<flowclib::model::io::IO>::datatype
FNDA:1,flowclib::model::io::test::deserialize_valid_type
FNDA:1,flowclib::model::io::default_io_type
FNDA:0,<flowclib::model::io::IO>::set_flow_io
FNDA:1,<flowclib::model::io::IO>::io_type
FNDA:1,flowclib::model::io::default_type
FNDA:1,<flowclib::model::io::IOType as core::cmp::PartialEq>::eq
FNDA:1,flowclib::model::io::test::non_unique_io_names_wont_validate::{closure#0}
FNDA:0,<<flowclib::model::io::IOType as serde::de::Deserialize>::deserialize::__FieldVisitor as serde::de::Visitor>::visit_u64::<_>
FNDA:1,<flowclib::model::io::IO>::get_initializer
FNDA:1,<alloc::vec::Vec<flowclib::model::io::IO> as flowclib::model::io::Find>::find_by_name
FNDA:1,<flowclib::model::io::IO as core::clone::Clone>::clone
FNDA:1,flowclib::model::io::test::deserialize_extra_field_fails
FNDA:1,<flowclib::model::io::IO as core::default::Default>::default
FNDA:1,<alloc::vec::Vec<flowclib::model::io::IO> as flowclib::model::io::Find>::find
FNDA:1,<flowclib::model::io::IO as core::clone::Clone>::clone
FNDA:0,<flowclib::model::io::IOType as serde::ser::Serialize>::serialize::<_>
FNDA:1,flowclib::model::io::test::non_unique_io_names_wont_validate
FNDA:0,<flowclib::model::io::IO as core::fmt::Display>::fmt
FNDA:0,<flowclib::model::io::IO as serde::ser::Serialize>::serialize::<_>
FNDA:1,<flowclib::model::io::IOType as core::clone::Clone>::clone
FNDA:0,<flowclib::model::io::IO as flowclib::model::route::HasRoute>::route_mut
FNDA:0,<<flowclib::model::io::IOType as serde::de::Deserialize>::deserialize::__FieldVisitor as serde::de::Visitor>::visit_bytes::<_>
FNDA:1,flowclib::model::io::test::multiple_inputs_empty_name_not_allowed::{closure#0}
FNDA:1,<flowclib::model::io::IO>::set_initial_values
FNDA:1,<flowclib::model::io::IO>::set_initializer
FNDA:0,<<flowclib::model::io::IOType as serde::de::Deserialize>::deserialize::__Visitor as serde::de::Visitor>::expecting
FNDA:1,<<flowclib::model::io::IO as serde::de::Deserialize>::deserialize::__Visitor as serde::de::Visitor>::visit_map::<&mut serde::de::value::MapDeserializer<core::iter::adapters::map::Map<core::slice::iter::Iter<(serde::__private::de::content::Content, serde::__private::de::content::Content)>, serde::__private::de::content::visit_content_map_ref<<flowclib::model::io::IO as serde::de::Deserialize>::deserialize::__Visitor, toml::de::Error>::{closure#0}>, toml::de::Error>>
FNDA:0,<flowclib::model::io::IO>::set_flow_io
FNDA:1,<<flowclib::model::io::IO as serde::de::Deserialize>::deserialize::__Field as serde::de::Deserialize>::deserialize::<toml::de::StrDeserializer>
FNDA:0,<<flowclib::model::io::IO as serde::de::Deserialize>::deserialize::__Visitor as serde::de::Visitor>::expecting
FNF:182
FNH:111
BRF:0
BRH:0
DA:20,14734
DA:28,15711
DA:47,55
DA:48,55
DA:49,55
DA:50,55
DA:51,55
DA:52,55
DA:53,55
DA:55,2804
DA:56,2804
DA:57,2804
DA:59,2032
DA:60,2032
DA:61,2032
DA:63,19
DA:64,19
DA:65,19
DA:67,3602
DA:68,3602
DA:69,3602
DA:71,3712
DA:72,3712
DA:73,3712
DA:74,3712
DA:76,3399
DA:77,3399
DA:78,638
DA:79,2761
DA:80,2761
DA:81,2761
DA:82,3399
DA:84,145
DA:85,145
DA:86,145
DA:88,4404
DA:89,4404
DA:90,4404
DA:92,2317
DA:93,2317
DA:94,2317
DA:95,120
DA:96,2198
DA:97,2317
DA:101,2387
DA:102,2387
DA:103,2387
DA:104,2387
DA:105,2387
DA:106,2387
DA:107,2387
DA:108,2387
DA:109,2387
DA:113,0
DA:114,0
DA:115,0
DA:119,12624
DA:120,12624
DA:121,12624
DA:122,12
DA:123,12
DA:124,12
DA:128,0
DA:129,0
DA:130,0
DA:134,30103
DA:135,30103
DA:136,30103
DA:138,239
DA:139,239
DA:140,239
DA:143,2432
DA:144,2432
DA:145,2432
DA:147,3413
DA:148,3413
DA:149,3413
DA:152,3412
DA:153,3412
DA:154,3412
DA:161,3
DA:162,3
DA:163,6
DA:164,6
DA:166,6
DA:167,1
DA:168,5
DA:169,5
DA:170,5
DA:171,1
DA:172,4
DA:175,1
DA:176,3
DA:180,2476
DA:181,3399
DA:182,3399
DA:184,2476
DA:199,2644
DA:200,4690
DA:201,4690
DA:202,510
DA:203,4180
DA:205,2134
DA:206,2644
DA:208,607
DA:209,607
DA:210,607
DA:211,607
DA:212,607
DA:213,1117
DA:214,1117
DA:215,607
DA:216,607
DA:217,510
DA:219,0
DA:220,607
DA:224,1708
DA:225,1708
DA:226,1708
DA:227,1708
DA:228,1708
DA:229,2908
DA:230,2908
DA:231,2908
DA:232,159
DA:233,159
DA:235,145
DA:236,145
DA:237,145
DA:238,145
DA:239,145
DA:240,145
DA:241,145
DA:242,2763
DA:243,2763
DA:244,2763
DA:245,1563
DA:246,1563
DA:247,1200
DA:249,0
DA:250,1708
DA:254,1236
DA:255,290
DA:257,846
DA:258,846
DA:259,590
DA:260,290
DA:261,290
DA:262,556
DA:265,1236
DA:280,1
DA:281,1
DA:282,1
DA:283,1
DA:284,1
DA:285,1
DA:286,1
DA:287,1
DA:288,1
DA:291,1
DA:292,1
DA:293,1
DA:294,1
DA:295,1
DA:296,1
DA:297,1
DA:298,1
DA:299,1
DA:300,1
DA:301,1
DA:304,1
DA:305,1
DA:306,1
DA:307,1
DA:308,1
DA:309,1
DA:310,1
DA:311,1
DA:312,1
DA:313,1
DA:314,1
DA:317,1
DA:318,1
DA:319,1
DA:320,1
DA:321,1
DA:322,1
DA:323,1
DA:324,1
DA:325,1
DA:326,1
DA:327,1
DA:328,1
DA:329,1
DA:332,1
DA:333,1
DA:334,1
DA:335,1
DA:336,1
DA:337,1
DA:338,1
DA:339,1
DA:340,1
DA:341,1
DA:342,1
DA:343,1
DA:346,1
DA:347,1
DA:348,1
DA:349,1
DA:350,1
DA:351,1
DA:352,1
DA:353,1
DA:354,1
DA:355,1
DA:356,1
DA:357,1
DA:358,1
DA:361,1
DA:362,1
DA:363,1
DA:364,1
DA:365,1
DA:366,1
DA:367,1
DA:368,1
DA:369,1
DA:370,1
DA:371,1
DA:372,1
DA:375,1
DA:376,1
DA:377,1
DA:378,1
DA:379,1
DA:380,1
DA:381,1
DA:382,1
DA:383,1
DA:384,1
DA:387,1
DA:388,1
DA:389,1
DA:390,1
DA:391,1
DA:392,1
DA:393,1
DA:394,1
DA:395,1
DA:396,1
DA:397,1
DA:398,1
DA:399,1
DA:400,1
DA:401,1
DA:402,1
DA:403,1
DA:404,1
DA:407,1
DA:408,1
DA:409,1
DA:410,1
DA:411,1
DA:412,1
DA:413,1
DA:414,1
DA:415,1
DA:416,1
DA:417,1
DA:418,1
DA:421,1
DA:422,1
DA:423,1
DA:424,1
DA:425,1
DA:426,1
DA:427,1
DA:428,1
DA:429,1
DA:430,1
DA:431,1
DA:432,1
DA:433,1
DA:434,1
DA:435,1
DA:436,1
DA:437,1
DA:438,1
LF:289
LH:281
end_of_record
SF:flowr/src/lib/wasm.rs
FN:62,<flowrlib::wasm::WasmExecutor as flowcore::Implementation>::run
FN:148,flowrlib::wasm::load::{closure#3}
FN:130,flowrlib::wasm::load
FN:22,<flowrlib::wasm::WasmExecutor as core::fmt::Debug>::fmt
FN:148,flowrlib::wasm::load::{closure#3}
FN:153,flowrlib::wasm::load::{closure#4}
FN:133,flowrlib::wasm::load::{closure#0}
FN:134,flowrlib::wasm::load::{closure#1}
FN:165,flowrlib::wasm::check_required_functions
FN:133,flowrlib::wasm::load::{closure#0}
FN:30,<flowrlib::wasm::WasmExecutor>::new
FN:62,<flowrlib::wasm::WasmExecutor as flowcore::Implementation>::run
FN:165,flowrlib::wasm::check_required_functions
FN:22,<flowrlib::wasm::WasmExecutor as core::fmt::Debug>::fmt
FN:130,flowrlib::wasm::load
FN:140,flowrlib::wasm::load::{closure#2}
FN:155,flowrlib::wasm::load::{closure#5}
FN:134,flowrlib::wasm::load::{closure#1}
FN:30,<flowrlib::wasm::WasmExecutor>::new
FN:46,flowrlib::wasm::send_byte_array
FN:140,flowrlib::wasm::load::{closure#2}
FN:155,flowrlib::wasm::load::{closure#5}
FN:153,flowrlib::wasm::load::{closure#4}
FNDA:0,<flowrlib::wasm::WasmExecutor as flowcore::Implementation>::run
FNDA:0,flowrlib::wasm::load::{closure#3}
FNDA:1,flowrlib::wasm::load
FNDA:0,<flowrlib::wasm::WasmExecutor as core::fmt::Debug>::fmt
FNDA:0,flowrlib::wasm::load::{closure#3}
FNDA:0,flowrlib::wasm::load::{closure#4}
FNDA:0,flowrlib::wasm::load::{closure#0}
FNDA:0,flowrlib::wasm::load::{closure#1}
FNDA:1,flowrlib::wasm::check_required_functions
FNDA:0,flowrlib::wasm::load::{closure#0}
FNDA:1,<flowrlib::wasm::WasmExecutor>::new
FNDA:1,<flowrlib::wasm::WasmExecutor as flowcore::Implementation>::run
FNDA:0,flowrlib::wasm::check_required_functions
FNDA:0,<flowrlib::wasm::WasmExecutor as core::fmt::Debug>::fmt
FNDA:0,flowrlib::wasm::load
FNDA:0,flowrlib::wasm::load::{closure#2}
FNDA:0,flowrlib::wasm::load::{closure#5}
FNDA:0,flowrlib::wasm::load::{closure#1}
FNDA:0,<flowrlib::wasm::WasmExecutor>::new
FNDA:1,flowrlib::wasm::send_byte_array
FNDA:0,flowrlib::wasm::load::{closure#2}
FNDA:0,flowrlib::wasm::load::{closure#5}
FNDA:0,flowrlib::wasm::load::{closure#4}
FNF:23
FNH:5
BRF:0
BRH:0
DA:22,0
DA:30,10
DA:31,10
DA:32,10
DA:33,10
DA:34,10
DA:35,10
DA:36,10
DA:46,1216
DA:47,1216
DA:48,1216
DA:49,1216
DA:50,1216
DA:51,1216
DA:52,1216
DA:53,1216
DA:54,0
DA:56,0
DA:58,1216
DA:62,1216
DA:64,1216
DA:66,1216
DA:67,1216
DA:68,1216
DA:69,1216
DA:70,1216
DA:71,1216
DA:72,1216
DA:73,1216
DA:74,1216
DA:75,1216
DA:76,1216
DA:77,1216
DA:78,1216
DA:79,1216
DA:80,0
DA:81,1216
DA:83,0
DA:84,0
DA:86,0
DA:88,1216
DA:89,1216
DA:90,1216
DA:91,1216
DA:92,1216
DA:94,1216
DA:96,0
DA:101,0
DA:102,0
DA:107,0
DA:108,0
DA:110,0
DA:111,0
DA:113,0
DA:115,0
DA:116,0
DA:118,0
DA:119,0
DA:122,0
DA:123,0
DA:125,0
DA:126,1216
DA:130,10
DA:131,10
DA:132,10
DA:133,10
DA:134,10
DA:135,0
DA:136,0
DA:137,0
DA:138,0
DA:139,10
DA:140,10
DA:141,0
DA:142,0
DA:143,0
DA:144,0
DA:145,10
DA:147,10
DA:148,10
DA:151,10
DA:152,10
DA:153,10
DA:155,0
DA:158,10
DA:160,0
DA:162,10
DA:163,10
DA:165,10
DA:166,10
DA:167,10
DA:168,10
DA:169,10
DA:170,10
DA:171,10
DA:172,10
DA:173,10
DA:174,10
DA:175,10
DA:177,30
DA:178,20
DA:179,20
DA:180,20
DA:181,20
DA:182,20
DA:183,20
DA:184,20
DA:185,0
DA:186,0
DA:187,0
DA:188,0
DA:189,0
DA:190,20
DA:192,0
DA:196,10
DA:197,10
LF:116
LH:78
end_of_record
SF:provider/src/content/file_provider.rs
FN:68,<provider::content::file_provider::FileProvider as provider::lib_provider::Provider>::get_contents::{closure#0}
FN:68,<provider::content::file_provider::FileProvider as provider::lib_provider::Provider>::get_contents::{closure#0}
FN:81,<provider::content::file_provider::FileProvider>::find_file
FN:155,provider::content::file_provider::test::get_contents_file_not_found::{closure#0}
FN:131,provider::content::file_provider::test::get_default_sample
FN:81,<provider::content::file_provider::FileProvider>::find_file
FN:89,<provider::content::file_provider::FileProvider>::file_by_extensions
FN:148,provider::content::file_provider::test::resolve_url_file_not_found::{closure#0}
FN:68,<provider::content::file_provider::FileProvider as provider::lib_provider::Provider>::get_contents::{closure#0}
FN:65,<provider::content::file_provider::FileProvider as provider::lib_provider::Provider>::get_contents
FN:17,<provider::content::file_provider::FileProvider as provider::lib_provider::Provider>::resolve_url
FN:17,<provider::content::file_provider::FileProvider as provider::lib_provider::Provider>::resolve_url
FN:89,<provider::content::file_provider::FileProvider>::file_by_extensions
FN:155,provider::content::file_provider::test::get_contents_file_not_found
FN:99,<provider::content::file_provider::FileProvider>::file_by_extensions::{closure#0}
FN:65,<provider::content::file_provider::FileProvider as provider::lib_provider::Provider>::get_contents
FN:89,<provider::content::file_provider::FileProvider>::file_by_extensions
FN:148,provider::content::file_provider::test::resolve_url_file_not_found
FN:65,<provider::content::file_provider::FileProvider as provider::lib_provider::Provider>::get_contents
FN:131,provider::content::file_provider::test::get_default_sample::{closure#0}
FN:17,<provider::content::file_provider::FileProvider as provider::lib_provider::Provider>::resolve_url
FN:81,<provider::content::file_provider::FileProvider>::find_file
FN:99,<provider::content::file_provider::FileProvider>::file_by_extensions::{closure#0}
FN:99,<provider::content::file_provider::FileProvider>::file_by_extensions::{closure#0}
FNDA:0,<provider::content::file_provider::FileProvider as provider::lib_provider::Provider>::get_contents::{closure#0}
FNDA:0,<provider::content::file_provider::FileProvider as provider::lib_provider::Provider>::get_contents::{closure#0}
FNDA:1,<provider::content::file_provider::FileProvider>::find_file
FNDA:1,provider::content::file_provider::test::get_contents_file_not_found::{closure#0}
FNDA:1,provider::content::file_provider::test::get_default_sample
FNDA:1,<provider::content::file_provider::FileProvider>::find_file
FNDA:1,<provider::content::file_provider::FileProvider>::file_by_extensions
FNDA:1,provider::content::file_provider::test::resolve_url_file_not_found::{closure#0}
FNDA:0,<provider::content::file_provider::FileProvider as provider::lib_provider::Provider>::get_contents::{closure#0}
FNDA:1,<provider::content::file_provider::FileProvider as provider::lib_provider::Provider>::get_contents
FNDA:1,<provider::content::file_provider::FileProvider as provider::lib_provider::Provider>::resolve_url
FNDA:1,<provider::content::file_provider::FileProvider as provider::lib_provider::Provider>::resolve_url
FNDA:1,<provider::content::file_provider::FileProvider>::file_by_extensions
FNDA:1,provider::content::file_provider::test::get_contents_file_not_found
FNDA:0,<provider::content::file_provider::FileProvider>::file_by_extensions::{closure#0}
FNDA:1,<provider::content::file_provider::FileProvider as provider::lib_provider::Provider>::get_contents
FNDA:1,<provider::content::file_provider::FileProvider>::file_by_extensions
FNDA:1,provider::content::file_provider::test::resolve_url_file_not_found
FNDA:1,<provider::content::file_provider::FileProvider as provider::lib_provider::Provider>::get_contents
FNDA:1,provider::content::file_provider::test::get_default_sample::{closure#0}
FNDA:1,<provider::content::file_provider::FileProvider as provider::lib_provider::Provider>::resolve_url
FNDA:1,<provider::content::file_provider::FileProvider>::find_file
FNDA:0,<provider::content::file_provider::FileProvider>::file_by_extensions::{closure#0}
FNDA:0,<provider::content::file_provider::FileProvider>::file_by_extensions::{closure#0}
FNF:24
FNH:18
BRF:0
BRH:0
DA:17,2984
DA:18,2984
DA:19,2984
DA:20,2984
DA:21,2983
DA:22,2983
DA:23,2983
DA:24,2983
DA:25,2131
DA:26,2131
DA:28,0
DA:29,0
DA:30,0
DA:32,123
DA:33,862
DA:35,123
DA:36,739
DA:39,0
DA:40,0
DA:42,739
DA:43,739
DA:44,739
DA:45,739
DA:46,0
DA:47,0
DA:49,0
DA:50,1269
DA:51,1269
DA:53,0
DA:54,0
DA:59,852
DA:60,834
DA:63,2984
DA:65,2965
DA:66,2965
DA:67,2965
DA:68,2965
DA:69,2964
DA:70,2965
DA:71,2964
DA:72,2964
DA:73,2964
DA:74,2964
DA:75,2965
DA:81,1602
DA:82,1602
DA:83,1602
DA:84,1602
DA:85,1602
DA:86,1602
DA:89,2454
DA:90,2454
DA:93,2454
DA:94,2454
DA:95,0
DA:96,2454
DA:97,1697
DA:98,1697
DA:99,1697
DA:100,0
DA:101,0
DA:102,0
DA:103,0
DA:104,1697
DA:106,1697
DA:107,0
DA:108,757
DA:111,757
DA:112,757
DA:113,757
DA:114,757
DA:115,757
DA:116,2454
DA:131,1
DA:132,1
DA:133,1
DA:134,1
DA:135,1
DA:136,1
DA:137,1
DA:138,1
DA:139,1
DA:140,1
DA:141,1
DA:142,1
DA:143,1
DA:144,1
DA:145,1
DA:148,2
DA:149,2
DA:150,2
DA:151,2
DA:152,2
DA:155,1
DA:156,1
DA:157,1
DA:158,1
DA:159,1
LF:98
LH:82
end_of_record
SF:provider/src/lib_provider.rs
FN:204,provider::lib_provider::test::get_file_provider::{closure#0}
FN:226,provider::lib_provider::test::resolve_path::{closure#0}
FN:105,<provider::lib_provider::MetaProvider>::resolve_lib_url
FN:81,<provider::lib_provider::MetaProvider>::get_provider
FN:162,<provider::lib_provider::MetaProvider as provider::lib_provider::LibProvider>::get_contents
FN:141,<provider::lib_provider::MetaProvider as provider::lib_provider::LibProvider>::resolve_url
FN:105,<provider::lib_provider::MetaProvider>::resolve_lib_url
FN:211,provider::lib_provider::test::set_lib_search_path
FN:188,provider::lib_provider::test::get_http_provider
FN:76,<provider::lib_provider::MetaProvider>::new
FN:81,<provider::lib_provider::MetaProvider>::get_provider
FN:247,provider::lib_provider::test::resolve_web_path
FN:105,<provider::lib_provider::MetaProvider>::resolve_lib_url
FN:180,provider::lib_provider::test::get_invalid_provider
FN:226,provider::lib_provider::test::resolve_path
FN:196,provider::lib_provider::test::get_https_provider
FN:247,provider::lib_provider::test::resolve_web_path::{closure#0}
FN:204,provider::lib_provider::test::get_file_provider
FN:180,provider::lib_provider::test::get_invalid_provider::{closure#0}
FN:141,<provider::lib_provider::MetaProvider as provider::lib_provider::LibProvider>::resolve_url
FN:81,<provider::lib_provider::MetaProvider>::get_provider
FN:117,<provider::lib_provider::MetaProvider>::resolve_lib_url::{closure#1}
FN:188,provider::lib_provider::test::get_http_provider::{closure#0}
FN:141,<provider::lib_provider::MetaProvider as provider::lib_provider::LibProvider>::resolve_url
FN:162,<provider::lib_provider::MetaProvider as provider::lib_provider::LibProvider>::get_contents
FN:117,<provider::lib_provider::MetaProvider>::resolve_lib_url::{closure#1}
FN:117,<provider::lib_provider::MetaProvider>::resolve_lib_url::{closure#1}
FN:196,provider::lib_provider::test::get_https_provider::{closure#0}
FN:76,<provider::lib_provider::MetaProvider>::new
FN:162,<provider::lib_provider::MetaProvider as provider::lib_provider::LibProvider>::get_contents
FN:76,<provider::lib_provider::MetaProvider>::new
FNDA:1,provider::lib_provider::test::get_file_provider::{closure#0}
FNDA:1,provider::lib_provider::test::resolve_path::{closure#0}
FNDA:1,<provider::lib_provider::MetaProvider>::resolve_lib_url
FNDA:1,<provider::lib_provider::MetaProvider>::get_provider
FNDA:0,<provider::lib_provider::MetaProvider as provider::lib_provider::LibProvider>::get_contents
FNDA:1,<provider::lib_provider::MetaProvider as provider::lib_provider::LibProvider>::resolve_url
FNDA:1,<provider::lib_provider::MetaProvider>::resolve_lib_url
FNDA:1,provider::lib_provider::test::set_lib_search_path
FNDA:1,provider::lib_provider::test::get_http_provider
FNDA:1,<provider::lib_provider::MetaProvider>::new
FNDA:1,<provider::lib_provider::MetaProvider>::get_provider
FNDA:1,provider::lib_provider::test::resolve_web_path
FNDA:1,<provider::lib_provider::MetaProvider>::resolve_lib_url
FNDA:1,provider::lib_provider::test::get_invalid_provider
FNDA:1,provider::lib_provider::test::resolve_path
FNDA:1,provider::lib_provider::test::get_https_provider
FNDA:1,provider::lib_provider::test::resolve_web_path::{closure#0}
FNDA:1,provider::lib_provider::test::get_file_provider
FNDA:1,provider::lib_provider::test::get_invalid_provider::{closure#0}
FNDA:1,<provider::lib_provider::MetaProvider as provider::lib_provider::LibProvider>::resolve_url
FNDA:1,<provider::lib_provider::MetaProvider>::get_provider
FNDA:0,<provider::lib_provider::MetaProvider>::resolve_lib_url::{closure#1}
FNDA:1,provider::lib_provider::test::get_http_provider::{closure#0}
FNDA:1,<provider::lib_provider::MetaProvider as provider::lib_provider::LibProvider>::resolve_url
FNDA:1,<provider::lib_provider::MetaProvider as provider::lib_provider::LibProvider>::get_contents
FNDA:0,<provider::lib_provider::MetaProvider>::resolve_lib_url::{closure#1}
FNDA:0,<provider::lib_provider::MetaProvider>::resolve_lib_url::{closure#1}
FNDA:1,provider::lib_provider::test::get_https_provider::{closure#0}
FNDA:1,<provider::lib_provider::MetaProvider>::new
FNDA:1,<provider::lib_provider::MetaProvider as provider::lib_provider::LibProvider>::get_contents
FNDA:1,<provider::lib_provider::MetaProvider>::new
FNF:31
FNH:27
BRF:0
BRH:0
DA:76,516
DA:77,516
DA:78,516
DA:81,5988
DA:82,5988
DA:83,5988
DA:84,40
DA:85,1
DA:86,1
DA:87,1
DA:88,1
DA:90,5988
DA:105,1409
DA:106,1409
DA:107,1409
DA:108,1409
DA:109,1409
DA:110,1409
DA:111,1409
DA:112,1409
DA:113,1390
DA:114,1390
DA:116,1390
DA:117,1390
DA:118,1390
DA:121,19
DA:122,19
DA:123,19
DA:125,0
DA:126,0
DA:127,0
DA:128,0
DA:130,1409
DA:141,3002
DA:142,3002
DA:143,3002
DA:144,3002
DA:145,3002
DA:146,3002
DA:148,3002
DA:149,1409
DA:151,1593
DA:154,3002
DA:155,3002
DA:157,2984
DA:158,3002
DA:162,2982
DA:163,2982
DA:164,2982
DA:165,2982
DA:166,2982
DA:167,2982
DA:180,1
DA:181,1
DA:182,1
DA:183,1
DA:184,1
DA:185,1
DA:188,1
DA:189,1
DA:190,1
DA:191,1
DA:192,1
DA:193,1
DA:196,1
DA:197,1
DA:198,1
DA:199,1
DA:200,1
DA:201,1
DA:204,1
DA:205,1
DA:206,1
DA:207,1
DA:208,1
DA:209,1
DA:211,1
DA:212,1
DA:213,1
DA:214,1
DA:215,1
DA:216,1
DA:217,1
DA:218,1
DA:219,1
DA:220,1
DA:221,1
DA:222,1
DA:223,1
DA:226,1
DA:227,1
DA:228,1
DA:229,1
DA:230,1
DA:231,1
DA:232,1
DA:233,1
DA:234,1
DA:235,1
DA:236,1
DA:237,1
DA:238,1
DA:239,1
DA:240,1
DA:241,1
DA:242,1
DA:243,1
DA:244,1
DA:247,1
DA:248,1
DA:249,1
DA:250,1
DA:251,1
DA:252,1
DA:253,1
DA:254,1
DA:255,1
DA:256,1
DA:257,1
DA:258,1
DA:259,1
DA:260,1
DA:261,1
DA:262,1
DA:263,1
DA:264,1
DA:265,1
DA:266,1
DA:267,1
LF:129
LH:125
end_of_record
SF:flowr/src/lib/debugger.rs
FN:114,<flowrlib::debugger::Debugger>::check_prior_to_job
FN:114,<flowrlib::debugger::Debugger>::check_prior_to_job
FN:236,<flowrlib::debugger::Debugger>::wait_for_command
FN:210,<flowrlib::debugger::Debugger>::panic
FN:467,<flowrlib::debugger::Debugger>::print
FN:36,<flowrlib::debugger::BlockerNode as core::clone::Clone>::clone
FN:29,<flowrlib::debugger::BlockType as core::clone::Clone>::clone
FN:501,<flowrlib::debugger::Debugger>::step
FN:622,<flowrlib::debugger::Debugger>::print_all_processes
FN:501,<flowrlib::debugger::Debugger>::step
FN:522,<flowrlib::debugger::Debugger>::find_blockers
FN:453,<flowrlib::debugger::Debugger>::inspect
FN:91,<flowrlib::debugger::Debugger>::enter
FN:65,<flowrlib::debugger::Debugger>::new
FN:587,<flowrlib::debugger::Debugger>::deadlock_inspection
FN:404,<flowrlib::debugger::Debugger>::list_breakpoints
FN:101,<flowrlib::debugger::Debugger>::job_completed
FN:526,<flowrlib::debugger::Debugger>::find_blockers::{closure#0}
FN:622,<flowrlib::debugger::Debugger>::print_all_processes
FN:308,<flowrlib::debugger::Debugger>::add_breakpoint
FN:36,<flowrlib::debugger::BlockerNode as core::clone::Clone>::clone
FN:220,<flowrlib::debugger::Debugger>::flow_done
FN:220,<flowrlib::debugger::Debugger>::flow_done
FN:29,<flowrlib::debugger::BlockType as core::fmt::Debug>::fmt
FN:308,<flowrlib::debugger::Debugger>::add_breakpoint
FN:467,<flowrlib::debugger::Debugger>::print
FN:612,<flowrlib::debugger::Debugger>::print_function
FN:578,<flowrlib::debugger::Debugger>::display_set
FN:526,<flowrlib::debugger::Debugger>::find_blockers::{closure#0}
FN:156,<flowrlib::debugger::Debugger>::check_prior_to_send
FN:114,<flowrlib::debugger::Debugger>::check_prior_to_job
FN:547,<flowrlib::debugger::Debugger>::traverse_blocker_tree
FN:77,<flowrlib::debugger::Debugger>::start
FN:210,<flowrlib::debugger::Debugger>::panic
FN:362,<flowrlib::debugger::Debugger>::delete_breakpoint
FN:156,<flowrlib::debugger::Debugger>::check_prior_to_send
FN:404,<flowrlib::debugger::Debugger>::list_breakpoints
FN:612,<flowrlib::debugger::Debugger>::print_function
FN:578,<flowrlib::debugger::Debugger>::display_set
FN:138,<flowrlib::debugger::Debugger>::check_on_block_creation
FN:501,<flowrlib::debugger::Debugger>::step
FN:77,<flowrlib::debugger::Debugger>::start
FN:56,<flowrlib::debugger::BlockerNode as core::fmt::Display>::fmt
FN:36,<flowrlib::debugger::BlockerNode as core::fmt::Debug>::fmt
FN:138,<flowrlib::debugger::Debugger>::check_on_block_creation
FN:65,<flowrlib::debugger::Debugger>::new
FN:29,<flowrlib::debugger::BlockType as core::fmt::Debug>::fmt
FN:45,<flowrlib::debugger::BlockerNode>::new
FN:622,<flowrlib::debugger::Debugger>::print_all_processes
FN:587,<flowrlib::debugger::Debugger>::deadlock_inspection
FN:138,<flowrlib::debugger::Debugger>::check_on_block_creation
FN:467,<flowrlib::debugger::Debugger>::print
FN:236,<flowrlib::debugger::Debugger>::wait_for_command
FN:587,<flowrlib::debugger::Debugger>::deadlock_inspection
FN:491,<flowrlib::debugger::Debugger>::reset
FN:547,<flowrlib::debugger::Debugger>::traverse_blocker_tree
FN:197,<flowrlib::debugger::Debugger>::error
FN:81,<flowrlib::debugger::Debugger>::check_for_entry
FN:156,<flowrlib::debugger::Debugger>::check_prior_to_send
FN:81,<flowrlib::debugger::Debugger>::check_for_entry
FN:236,<flowrlib::debugger::Debugger>::wait_for_command
FN:197,<flowrlib::debugger::Debugger>::error
FN:101,<flowrlib::debugger::Debugger>::job_completed
FN:362,<flowrlib::debugger::Debugger>::delete_breakpoint
FN:210,<flowrlib::debugger::Debugger>::panic
FN:36,<flowrlib::debugger::BlockerNode as core::clone::Clone>::clone
FN:29,<flowrlib::debugger::BlockType as core::clone::Clone>::clone
FN:45,<flowrlib::debugger::BlockerNode>::new
FN:491,<flowrlib::debugger::Debugger>::reset
FN:56,<flowrlib::debugger::BlockerNode as core::fmt::Display>::fmt
FN:91,<flowrlib::debugger::Debugger>::enter
FN:65,<flowrlib::debugger::Debugger>::new
FN:578,<flowrlib::debugger::Debugger>::display_set
FN:91,<flowrlib::debugger::Debugger>::enter
FN:77,<flowrlib::debugger::Debugger>::start
FN:220,<flowrlib::debugger::Debugger>::flow_done
FN:532,<flowrlib::debugger::Debugger>::find_blockers::{closure#1}
FN:453,<flowrlib::debugger::Debugger>::inspect
FN:29,<flowrlib::debugger::BlockType as core::fmt::Debug>::fmt
FN:522,<flowrlib::debugger::Debugger>::find_blockers
FN:491,<flowrlib::debugger::Debugger>::reset
FN:362,<flowrlib::debugger::Debugger>::delete_breakpoint
FN:101,<flowrlib::debugger::Debugger>::job_completed
FN:612,<flowrlib::debugger::Debugger>::print_function
FN:453,<flowrlib::debugger::Debugger>::inspect
FN:81,<flowrlib::debugger::Debugger>::check_for_entry
FN:56,<flowrlib::debugger::BlockerNode as core::fmt::Display>::fmt
FN:547,<flowrlib::debugger::Debugger>::traverse_blocker_tree
FN:522,<flowrlib::debugger::Debugger>::find_blockers
FN:45,<flowrlib::debugger::BlockerNode>::new
FN:532,<flowrlib::debugger::Debugger>::find_blockers::{closure#1}
FN:532,<flowrlib::debugger::Debugger>::find_blockers::{closure#1}
FN:404,<flowrlib::debugger::Debugger>::list_breakpoints
FN:197,<flowrlib::debugger::Debugger>::error
FN:36,<flowrlib::debugger::BlockerNode as core::fmt::Debug>::fmt
FN:36,<flowrlib::debugger::BlockerNode as core::fmt::Debug>::fmt
FN:526,<flowrlib::debugger::Debugger>::find_blockers::{closure#0}
FN:308,<flowrlib::debugger::Debugger>::add_breakpoint
FN:29,<flowrlib::debugger::BlockType as core::clone::Clone>::clone
FNDA:1,<flowrlib::debugger::Debugger>::check_prior_to_job
FNDA:0,<flowrlib::debugger::Debugger>::check_prior_to_job
FNDA:0,<flowrlib::debugger::Debugger>::wait_for_command
FNDA:0,<flowrlib::debugger::Debugger>::panic
FNDA:0,<flowrlib::debugger::Debugger>::print
FNDA:0,<flowrlib::debugger::BlockerNode as core::clone::Clone>::clone
FNDA:0,<flowrlib::debugger::BlockType as core::clone::Clone>::clone
FNDA:0,<flowrlib::debugger::Debugger>::step
FNDA:0,<flowrlib::debugger::Debugger>::print_all_processes
FNDA:0,<flowrlib::debugger::Debugger>::step
FNDA:0,<flowrlib::debugger::Debugger>::find_blockers
FNDA:0,<flowrlib::debugger::Debugger>::inspect
FNDA:0,<flowrlib::debugger::Debugger>::enter
[...]
DA:1250,10
DA:1251,10
DA:1252,10
DA:1254,2
DA:1255,2
DA:1256,2
DA:1257,2
DA:1258,2
DA:1259,2
DA:1260,2
DA:1261,2
DA:1262,2
DA:1263,2
DA:1264,2
DA:1265,2
DA:1266,2
DA:1267,2
DA:1268,2
DA:1269,2
DA:1270,2
DA:1272,7
DA:1273,7
DA:1274,7
DA:1275,7
DA:1276,7
DA:1277,7
DA:1278,7
DA:1279,7
DA:1280,7
DA:1281,7
DA:1282,7
DA:1283,7
DA:1284,7
DA:1285,7
DA:1286,7
DA:1287,7
DA:1289,5
DA:1290,5
DA:1291,5
DA:1292,5
DA:1293,5
DA:1294,5
DA:1295,5
DA:1296,5
DA:1297,5
DA:1298,5
DA:1299,5
DA:1300,5
DA:1301,5
DA:1302,5
DA:1304,7
DA:1305,7
DA:1306,7
DA:1307,7
DA:1308,7
DA:1309,7
DA:1310,7
DA:1311,7
DA:1312,7
DA:1313,7
DA:1314,7
DA:1315,7
DA:1316,7
DA:1317,7
DA:1319,4
DA:1320,4
DA:1321,4
DA:1322,4
DA:1323,4
DA:1324,4
DA:1325,4
DA:1326,4
DA:1327,4
DA:1328,4
DA:1329,4
DA:1330,4
DA:1331,4
DA:1332,4
DA:1334,5
DA:1335,5
DA:1336,5
DA:1337,5
DA:1338,5
DA:1339,5
DA:1340,5
DA:1341,5
DA:1342,5
DA:1343,5
DA:1344,5
DA:1345,5
DA:1346,5
DA:1347,5
DA:1349,1
DA:1350,1
DA:1351,1
DA:1352,1
DA:1353,1
DA:1354,1
DA:1355,1
DA:1356,1
DA:1357,1
DA:1358,1
DA:1359,1
DA:1360,1
DA:1361,1
DA:1362,1
DA:1378,2
DA:1379,2
DA:1380,2
DA:1381,2
DA:1382,2
DA:1383,2
DA:1384,2
DA:1385,2
DA:1386,2
DA:1387,2
DA:1388,2
DA:1389,2
DA:1390,2
DA:1394,1
DA:1395,1
DA:1396,1
DA:1397,1
DA:1398,1
DA:1399,1
DA:1400,1
DA:1401,1
DA:1402,1
DA:1403,1
DA:1404,1
DA:1405,1
DA:1406,1
DA:1407,1
DA:1408,1
DA:1409,1
DA:1410,1
DA:1411,1
DA:1412,1
DA:1413,1
DA:1414,1
DA:1415,1
DA:1416,1
DA:1417,1
DA:1418,1
DA:1419,1
DA:1420,1
DA:1421,1
DA:1422,1
DA:1423,1
DA:1424,1
DA:1425,1
DA:1426,1
DA:1427,1
DA:1428,1
DA:1429,1
DA:1430,1
DA:1431,1
DA:1432,1
DA:1433,1
DA:1434,1
DA:1435,1
DA:1436,1
DA:1437,1
DA:1438,1
DA:1439,1
DA:1440,1
DA:1441,1
DA:1442,1
DA:1443,1
DA:1444,1
DA:1445,1
DA:1448,1
DA:1449,1
DA:1450,1
DA:1451,1
DA:1452,1
DA:1453,1
DA:1454,1
DA:1455,1
DA:1456,1
DA:1457,1
DA:1458,1
DA:1485,1
DA:1486,1
DA:1487,1
DA:1488,1
DA:1489,1
DA:1490,1
DA:1491,1
DA:1492,1
DA:1493,1
DA:1494,1
DA:1495,1
DA:1496,1
DA:1497,1
DA:1498,1
DA:1499,1
DA:1500,1
DA:1501,1
DA:1502,1
DA:1503,1
DA:1504,1
DA:1505,1
DA:1506,1
DA:1507,1
DA:1510,1
DA:1511,1
DA:1512,1
DA:1513,1
DA:1514,1
DA:1515,1
DA:1516,1
DA:1517,1
DA:1518,1
DA:1519,1
DA:1520,1
DA:1521,1
DA:1522,1
DA:1523,1
DA:1524,1
DA:1525,1
DA:1526,1
DA:1527,1
DA:1528,1
DA:1529,1
DA:1530,1
DA:1531,1
DA:1532,1
DA:1533,1
DA:1534,1
DA:1535,1
DA:1536,1
DA:1537,1
DA:1538,1
DA:1539,1
DA:1540,1
DA:1541,1
DA:1544,1
DA:1545,1
DA:1546,1
DA:1547,1
DA:1548,1
DA:1549,1
DA:1550,1
DA:1551,1
DA:1552,1
DA:1553,1
DA:1554,1
DA:1555,1
DA:1556,1
DA:1557,1
DA:1558,1
DA:1559,1
DA:1560,1
DA:1561,1
DA:1564,1
DA:1565,1
DA:1566,1
DA:1567,1
DA:1568,1
DA:1569,1
DA:1570,1
DA:1571,1
DA:1572,1
DA:1573,1
DA:1574,1
DA:1575,1
DA:1576,1
DA:1577,1
DA:1578,1
DA:1579,1
DA:1580,1
DA:1589,1
DA:1590,1
DA:1591,1
DA:1592,1
DA:1593,1
DA:1594,1
DA:1595,1
DA:1596,1
DA:1597,1
DA:1598,1
DA:1599,1
DA:1600,1
DA:1601,1
DA:1602,1
DA:1603,1
DA:1604,1
DA:1605,1
DA:1606,1
DA:1607,1
DA:1608,1
DA:1609,1
DA:1610,1
DA:1611,1
DA:1612,1
DA:1613,1
DA:1614,1
DA:1615,1
DA:1616,1
DA:1618,3
DA:1619,3
DA:1620,3
DA:1621,3
DA:1622,3
DA:1623,3
DA:1624,3
DA:1625,3
DA:1626,3
DA:1627,3
DA:1628,3
DA:1629,3
DA:1630,3
DA:1631,3
DA:1634,1
DA:1635,1
DA:1636,1
DA:1637,1
DA:1638,1
DA:1639,1
DA:1640,1
DA:1641,1
DA:1642,1
DA:1643,1
DA:1644,1
DA:1645,1
DA:1646,1
DA:1647,1
DA:1648,1
DA:1649,1
DA:1650,1
DA:1653,1
DA:1654,1
DA:1655,1
DA:1656,1
DA:1657,1
DA:1658,1
DA:1659,1
DA:1660,1
DA:1661,1
DA:1662,1
DA:1663,1
DA:1664,1
DA:1665,1
DA:1666,1
DA:1667,1
DA:1668,1
DA:1669,1
DA:1670,1
DA:1671,1
DA:1672,1
DA:1673,1
DA:1674,1
DA:1675,1
DA:1676,1
DA:1679,1
DA:1680,1
DA:1681,1
DA:1682,1
DA:1683,1
DA:1684,1
DA:1685,1
DA:1686,1
DA:1687,1
DA:1688,1
DA:1689,1
DA:1690,1
DA:1691,1
DA:1692,1
DA:1693,1
DA:1694,1
DA:1695,1
DA:1696,1
DA:1697,1
DA:1700,1
DA:1701,1
DA:1702,1
DA:1703,1
DA:1704,1
DA:1705,1
DA:1706,1
DA:1707,1
DA:1708,1
DA:1709,1
DA:1710,1
DA:1711,1
DA:1712,1
DA:1713,1
DA:1714,1
DA:1715,1
DA:1716,1
DA:1717,1
DA:1718,1
DA:1719,1
DA:1720,1
DA:1721,1
DA:1722,1
DA:1723,1
DA:1724,1
DA:1725,1
DA:1726,1
DA:1727,1
DA:1728,1
DA:1729,1
DA:1730,1
DA:1731,1
DA:1732,1
DA:1733,1
DA:1734,1
DA:1735,1
DA:1736,1
DA:1737,1
DA:1738,1
DA:1739,1
DA:1740,1
DA:1741,1
DA:1742,1
DA:1743,1
DA:1744,1
DA:1745,1
DA:1746,1
DA:1747,1
DA:1748,1
DA:1751,1
DA:1752,1
DA:1753,1
DA:1754,1
DA:1755,1
DA:1756,1
DA:1757,1
DA:1758,1
DA:1759,1
DA:1760,1
DA:1761,1
DA:1762,1
DA:1763,1
DA:1764,1
DA:1765,1
DA:1766,1
DA:1767,1
DA:1768,1
DA:1769,1
DA:1770,1
DA:1771,1
DA:1772,1
DA:1773,1
DA:1774,1
DA:1775,1
DA:1776,1
DA:1777,1
DA:1778,1
DA:1779,1
DA:1780,1
DA:1781,1
DA:1782,1
DA:1783,1
DA:1784,1
DA:1785,1
DA:1786,1
DA:1787,1
DA:1788,1
DA:1789,1
DA:1790,1
DA:1791,1
DA:1792,1
DA:1793,1
DA:1794,1
DA:1795,1
DA:1796,1
DA:1797,1
DA:1798,1
DA:1799,1
DA:1800,1
DA:1801,1
DA:1802,1
DA:1803,1
DA:1804,1
DA:1807,1
DA:1808,1
DA:1809,1
DA:1810,1
DA:1811,1
DA:1812,1
DA:1813,1
DA:1814,1
DA:1815,1
DA:1816,1
DA:1817,1
DA:1818,1
DA:1819,1
DA:1820,1
DA:1821,1
DA:1822,1
DA:1823,1
DA:1824,1
DA:1825,1
DA:1826,1
DA:1827,1
DA:1828,1
DA:1829,1
DA:1830,1
DA:1831,1
DA:1832,1
DA:1833,1
DA:1834,1
DA:1835,1
DA:1836,1
DA:1837,1
DA:1839,2
DA:1840,2
DA:1841,2
DA:1842,2
DA:1843,2
DA:1844,2
DA:1845,2
DA:1846,2
DA:1847,2
DA:1848,2
DA:1849,2
DA:1850,2
DA:1853,1
DA:1854,1
DA:1855,1
DA:1856,1
DA:1857,1
DA:1858,1
DA:1859,1
DA:1860,1
DA:1861,1
DA:1862,1
DA:1863,1
DA:1864,1
DA:1865,1
DA:1866,1
DA:1867,1
DA:1868,1
DA:1869,1
DA:1870,1
DA:1871,1
DA:1872,1
DA:1873,1
DA:1874,1
DA:1875,1
DA:1876,1
DA:1877,1
DA:1878,1
DA:1879,1
DA:1880,1
DA:1881,1
DA:1882,1
DA:1883,1
DA:1884,1
DA:1885,1
DA:1886,1
DA:1887,1
DA:1888,1
DA:1889,1
DA:1890,1
DA:1891,1
DA:1892,1
DA:1893,1
DA:1894,1
DA:1895,1
DA:1896,1
DA:1897,1
DA:1898,1
DA:1899,1
DA:1900,1
DA:1901,1
DA:1902,1
DA:1903,1
DA:1904,1
DA:1908,1
DA:1909,1
DA:1910,1
DA:1911,1
DA:1912,1
DA:1913,1
DA:1914,1
DA:1915,1
DA:1916,1
DA:1917,1
DA:1918,1
DA:1919,1
DA:1920,1
DA:1921,1
DA:1922,1
DA:1923,1
DA:1924,1
DA:1925,1
DA:1926,1
DA:1927,1
DA:1928,1
DA:1929,1
DA:1930,1
DA:1931,1
DA:1932,1
DA:1933,1
DA:1934,1
DA:1935,1
DA:1936,1
DA:1937,1
DA:1938,1
DA:1939,1
DA:1940,1
DA:1941,1
DA:1942,1
DA:1943,1
DA:1944,1
DA:1945,1
DA:1946,1
DA:1947,1
DA:1948,1
DA:1952,1
DA:1953,1
DA:1954,1
DA:1955,1
DA:1956,1
DA:1957,1
DA:1958,1
DA:1959,1
DA:1960,1
DA:1961,1
DA:1962,1
DA:1963,1
DA:1964,1
DA:1965,1
DA:1966,1
DA:1967,1
DA:1968,1
DA:1969,1
DA:1970,1
DA:1971,1
DA:1972,1
DA:1973,1
DA:1974,1
DA:1975,1
DA:1976,1
DA:1977,1
DA:1978,1
DA:1979,1
DA:1980,1
DA:1981,1
DA:1982,1
DA:1983,1
DA:1984,1
DA:1985,1
DA:1986,1
DA:1987,1
DA:1988,1
DA:1989,1
DA:1990,1
DA:1991,1
DA:1992,1
DA:1993,1
DA:1994,1
DA:1995,1
DA:1996,1
DA:1997,1
DA:1998,1
DA:1999,1
DA:2000,1
DA:2001,1
DA:2002,1
DA:2003,1
DA:2004,1
DA:2005,1
DA:2006,1
DA:2007,1
DA:2010,1
DA:2011,1
DA:2012,1
DA:2013,1
DA:2014,1
DA:2015,1
DA:2016,1
DA:2017,1
DA:2018,1
DA:2019,1
DA:2020,1
DA:2021,1
DA:2022,1
DA:2023,1
DA:2024,1
DA:2025,1
DA:2026,1
DA:2027,1
DA:2028,1
DA:2029,1
DA:2030,1
DA:2031,1
DA:2032,1
DA:2033,1
DA:2034,1
DA:2035,1
DA:2036,1
DA:2037,1
DA:2038,1
DA:2039,1
DA:2040,1
DA:2041,1
DA:2042,1
DA:2043,1
DA:2044,1
DA:2045,1
DA:2046,1
DA:2047,1
DA:2048,1
DA:2049,1
DA:2050,1
DA:2051,1
DA:2052,1
DA:2053,1
DA:2054,1
DA:2055,1
DA:2062,1
DA:2063,1
DA:2064,1
DA:2065,1
DA:2066,1
DA:2067,1
DA:2068,1
DA:2069,1
DA:2070,1
DA:2071,1
DA:2072,1
DA:2073,1
DA:2074,1
DA:2075,1
DA:2076,1
DA:2077,1
DA:2078,1
DA:2079,1
DA:2080,1
DA:2081,1
DA:2082,1
DA:2083,1
DA:2084,1
DA:2085,1
DA:2086,1
DA:2087,1
DA:2088,1
DA:2089,1
DA:2090,1
DA:2091,1
DA:2092,1
DA:2093,1
DA:2094,1
DA:2095,1
DA:2096,1
DA:2097,1
DA:2098,1
DA:2099,1
DA:2100,1
DA:2101,1
DA:2102,1
DA:2103,1
DA:2104,1
DA:2105,1
DA:2106,1
DA:2107,1
DA:2108,1
DA:2109,1
DA:2110,1
DA:2111,1
DA:2112,1
DA:2113,1
DA:2114,1
DA:2115,1
DA:2116,1
DA:2117,1
DA:2118,1
DA:2119,1
DA:2127,1
DA:2128,1
DA:2129,1
DA:2130,1
DA:2131,1
DA:2132,1
DA:2133,1
DA:2134,1
DA:2135,1
DA:2136,1
DA:2137,1
DA:2138,1
DA:2139,1
DA:2140,1
DA:2141,1
DA:2142,1
DA:2143,1
DA:2144,1
DA:2145,1
DA:2146,1
DA:2147,1
DA:2148,1
DA:2149,1
DA:2150,1
DA:2151,1
DA:2152,1
DA:2153,1
DA:2154,1
DA:2155,1
DA:2156,1
DA:2157,1
DA:2158,1
DA:2159,1
DA:2160,1
DA:2161,1
DA:2162,1
DA:2163,1
DA:2164,1
DA:2165,1
DA:2166,1
DA:2167,1
DA:2168,1
DA:2169,1
DA:2170,1
DA:2171,1
DA:2172,1
DA:2173,1
DA:2174,1
DA:2175,1
DA:2176,1
DA:2177,1
DA:2178,1
DA:2179,1
DA:2180,1
DA:2181,1
DA:2182,1
DA:2183,1
DA:2184,1
DA:2185,1
DA:2186,1
DA:2187,1
DA:2188,1
DA:2189,1
DA:2190,1
DA:2191,1
DA:2192,1
DA:2193,1
DA:2194,1
DA:2195,1
DA:2196,1
DA:2197,1
DA:2198,1
DA:2199,1
DA:2200,1
DA:2201,1
DA:2202,1
DA:2203,1
DA:2204,1
DA:2205,1
DA:2206,1
DA:2207,1
DA:2208,1
DA:2209,1
DA:2210,1
DA:2211,1
DA:2212,1
DA:2213,1
DA:2214,1
DA:2215,1
DA:2216,1
DA:2217,1
DA:2218,1
DA:2219,1
DA:2220,1
DA:2221,1
DA:2222,1
DA:2223,1
DA:2224,1
DA:2225,1
DA:2226,1
DA:2227,1
DA:2228,1
DA:2229,1
DA:2253,9
DA:2254,9
DA:2255,9
DA:2256,9
DA:2257,9
DA:2258,9
DA:2259,9
DA:2260,9
DA:2261,9
DA:2262,9
DA:2263,9
DA:2264,9
DA:2265,9
DA:2266,9
DA:2267,9
DA:2268,9
DA:2269,9
DA:2270,9
DA:2271,9
DA:2272,9
DA:2273,9
DA:2274,9
DA:2275,9
DA:2276,9
DA:2277,9
DA:2278,9
DA:2279,9
DA:2280,9
DA:2281,9
DA:2282,9
DA:2283,9
DA:2284,9
DA:2285,9
DA:2286,9
DA:2287,9
DA:2288,9
DA:2289,9
DA:2290,9
DA:2291,9
DA:2292,9
DA:2293,9
DA:2296,1
DA:2297,1
DA:2298,1
DA:2299,1
DA:2300,1
DA:2301,1
DA:2302,1
DA:2303,1
DA:2304,1
DA:2305,1
DA:2306,1
DA:2307,1
DA:2308,1
DA:2309,1
DA:2310,1
DA:2311,1
DA:2312,1
DA:2313,1
DA:2314,1
DA:2315,1
DA:2316,1
DA:2317,1
DA:2318,1
DA:2319,1
DA:2320,1
DA:2323,1
DA:2324,1
DA:2325,1
DA:2326,1
DA:2327,1
DA:2328,1
DA:2329,1
DA:2330,1
DA:2331,1
DA:2332,1
DA:2333,1
DA:2336,1
DA:2337,1
DA:2338,1
DA:2339,1
DA:2340,1
DA:2341,1
DA:2342,1
DA:2343,1
DA:2344,1
DA:2345,1
DA:2346,1
DA:2349,1
DA:2350,1
DA:2351,1
DA:2352,1
DA:2353,1
DA:2354,1
DA:2355,1
DA:2356,1
DA:2357,1
DA:2358,1
DA:2359,1
DA:2360,1
DA:2361,1
DA:2362,1
DA:2363,1
DA:2364,1
DA:2365,1
DA:2368,1
DA:2369,1
DA:2370,1
DA:2371,1
DA:2372,1
DA:2373,1
DA:2374,1
DA:2375,1
DA:2376,1
DA:2377,1
DA:2378,1
DA:2379,1
DA:2380,1
DA:2381,1
DA:2382,1
DA:2383,1
DA:2384,1
DA:2387,1
DA:2388,1
DA:2389,1
DA:2390,1
DA:2391,1
DA:2392,1
DA:2393,1
DA:2394,1
DA:2395,1
DA:2396,1
DA:2397,1
DA:2398,1
DA:2399,1
DA:2400,1
DA:2401,1
DA:2402,1
DA:2403,1
DA:2404,1
DA:2405,1
DA:2406,1
DA:2407,1
DA:2408,1
DA:2409,1
DA:2410,1
DA:2411,1
DA:2412,1
DA:2413,1
DA:2414,1
DA:2415,1
DA:2418,1
DA:2419,1
DA:2420,1
DA:2421,1
DA:2422,1
DA:2423,1
DA:2424,1
DA:2425,1
DA:2426,1
DA:2427,1
DA:2428,1
DA:2429,1
DA:2430,1
DA:2431,1
DA:2432,1
DA:2433,1
DA:2434,1
DA:2435,1
DA:2436,1
DA:2437,1
DA:2438,1
DA:2439,1
DA:2440,1
DA:2441,1
DA:2442,1
DA:2443,1
DA:2444,1
DA:2445,1
DA:2446,1
DA:2447,1
DA:2448,1
DA:2449,1
DA:2450,1
DA:2451,1
DA:2452,1
DA:2453,1
DA:2454,1
DA:2457,1
DA:2458,1
DA:2459,1
DA:2460,1
DA:2461,1
DA:2462,1
DA:2463,1
DA:2464,1
DA:2465,1
DA:2466,1
DA:2467,1
DA:2468,1
DA:2469,1
DA:2470,1
DA:2471,1
DA:2472,1
DA:2473,1
DA:2474,1
DA:2475,1
DA:2476,1
DA:2477,1
DA:2478,1
DA:2479,1
DA:2480,1
DA:2481,1
DA:2482,1
DA:2483,1
DA:2484,1
DA:2485,1
DA:2486,1
DA:2487,1
DA:2488,1
DA:2489,1
DA:2490,1
DA:2491,1
DA:2492,1
DA:2493,1
DA:2494,1
DA:2495,1
DA:2496,1
DA:2497,1
DA:2498,1
DA:2499,1
DA:2500,1
DA:2503,1
DA:2504,1
DA:2505,1
DA:2506,1
DA:2507,1
DA:2508,1
DA:2509,1
DA:2510,1
DA:2511,1
DA:2512,1
DA:2513,1
DA:2514,1
DA:2515,1
DA:2516,1
DA:2517,1
DA:2518,1
DA:2519,1
DA:2520,1
DA:2521,1
DA:2522,1
DA:2529,1
DA:2530,1
DA:2531,1
DA:2532,1
DA:2533,1
DA:2534,1
DA:2535,1
DA:2536,1
DA:2537,1
DA:2538,1
DA:2539,1
DA:2540,1
DA:2541,1
DA:2542,1
DA:2543,1
DA:2544,1
DA:2545,1
DA:2546,1
DA:2547,1
DA:2548,1
DA:2549,1
DA:2550,1
DA:2551,1
DA:2552,1
DA:2553,1
DA:2554,1
DA:2555,1
DA:2556,1
DA:2557,1
DA:2558,1
DA:2559,1
DA:2560,1
DA:2561,1
DA:2562,1
DA:2563,1
DA:2564,1
DA:2565,1
DA:2566,1
DA:2567,1
DA:2568,1
DA:2569,1
DA:2570,1
DA:2571,1
DA:2572,1
DA:2573,1
DA:2574,1
DA:2579,2
DA:2580,2
DA:2581,2
DA:2582,2
DA:2585,2
DA:2586,2
DA:2587,2
DA:2588,2
DA:2601,1
DA:2602,1
DA:2603,1
DA:2604,1
DA:2607,1
DA:2608,1
DA:2609,1
DA:2610,1
DA:2613,1
DA:2614,1
DA:2615,1
DA:2616,1
DA:2619,1
DA:2620,1
DA:2621,1
DA:2622,1
DA:2624,12
DA:2625,12
DA:2626,12
DA:2627,12
DA:2628,12
DA:2629,12
DA:2630,12
DA:2631,12
DA:2632,12
DA:2633,12
DA:2634,12
DA:2635,12
DA:2636,12
DA:2637,12
DA:2647,1
DA:2648,1
DA:2649,1
DA:2650,1
DA:2651,1
DA:2652,1
DA:2653,1
DA:2654,1
DA:2655,1
DA:2656,1
DA:2657,1
DA:2658,1
DA:2659,1
DA:2660,1
DA:2661,1
DA:2662,1
DA:2663,1
DA:2664,1
DA:2665,1
DA:2666,1
DA:2667,1
DA:2668,1
DA:2669,1
DA:2670,1
DA:2671,1
DA:2672,1
DA:2673,1
DA:2674,1
DA:2675,1
DA:2676,1
DA:2677,1
DA:2678,1
DA:2679,1
DA:2680,1
DA:2681,1
DA:2682,1
DA:2683,1
DA:2684,1
DA:2685,1
DA:2686,1
DA:2687,1
DA:2688,1
DA:2689,1
DA:2690,1
DA:2691,1
DA:2692,1
DA:2693,1
DA:2694,1
DA:2695,1
DA:2696,1
DA:2697,1
DA:2698,1
DA:2699,1
DA:2700,1
DA:2701,1
DA:2702,1
DA:2703,1
DA:2704,1
DA:2705,1
DA:2706,1
DA:2707,1
DA:2708,1
DA:2709,1
DA:2710,1
DA:2711,1
DA:2712,1
DA:2713,1
DA:2714,1
DA:2715,1
DA:2716,1
DA:2717,1
DA:2718,1
DA:2719,1
DA:2720,1
DA:2721,1
DA:2722,1
DA:2723,1
DA:2724,1
DA:2725,1
DA:2726,1
DA:2727,1
DA:2728,1
DA:2729,1
DA:2730,1
DA:2731,1
DA:2732,1
DA:2733,1
DA:2734,1
DA:2735,12
DA:2736,1
DA:2737,12
DA:2738,12
DA:2739,12
DA:2740,12
DA:2741,12
DA:2742,12
DA:2743,12
DA:2744,12
DA:2745,12
DA:2746,12
DA:2747,12
DA:2748,12
DA:2749,12
DA:2750,1
DA:2751,1
DA:2752,1
DA:2753,1
DA:2754,12
DA:2755,12
DA:2756,12
DA:2757,12
DA:2758,1
DA:2759,1
DA:2760,1
LF:1979
LH:1831
end_of_record
SF:flowstdlib/lib_path.rs
FN:5,build_script_build::lib_path::check_flow_lib_path
FN:39,flowstdlib::lib_path::test::flow_pib_path
FN:56,flowstdlib::lib_path::test::no_flow_pib_path
FN:39,flowstdlib::lib_path::test::flow_pib_path::{closure#0}
FN:5,build_script_build::lib_path::check_flow_lib_path
FN:56,flowstdlib::lib_path::test::no_flow_pib_path::{closure#0}
FN:5,build_script_build::lib_path::check_flow_lib_path
FN:45,flowstdlib::lib_path::test::flow_pib_path_parent::{closure#0}
FN:45,flowstdlib::lib_path::test::flow_pib_path_parent
FN:5,flowstdlib::lib_path::check_flow_lib_path
FNDA:1,build_script_build::lib_path::check_flow_lib_path
FNDA:1,flowstdlib::lib_path::test::flow_pib_path
FNDA:1,flowstdlib::lib_path::test::no_flow_pib_path
FNDA:1,flowstdlib::lib_path::test::flow_pib_path::{closure#0}
FNDA:1,build_script_build::lib_path::check_flow_lib_path
FNDA:1,flowstdlib::lib_path::test::no_flow_pib_path::{closure#0}
FNDA:1,build_script_build::lib_path::check_flow_lib_path
FNDA:1,flowstdlib::lib_path::test::flow_pib_path_parent::{closure#0}
FNDA:1,flowstdlib::lib_path::test::flow_pib_path_parent
FNDA:1,flowstdlib::lib_path::check_flow_lib_path
FNF:10
FNH:10
BRF:0
BRH:0
DA:5,9
DA:6,9
DA:7,9
DA:8,9
DA:9,9
DA:10,9
DA:11,9
DA:12,9
DA:13,1
DA:14,1
DA:15,1
DA:16,8
DA:17,8
DA:18,8
DA:19,1
DA:20,1
DA:21,1
DA:22,7
DA:23,7
DA:24,7
DA:25,7
DA:26,7
DA:27,7
DA:30,9
DA:39,2
DA:40,2
DA:41,2
DA:42,2
DA:45,2
DA:46,2
DA:47,2
DA:48,2
DA:49,2
DA:50,2
DA:51,2
DA:52,2
DA:53,2
DA:56,2
DA:57,2
DA:58,2
DA:59,2
LF:41
LH:41
end_of_record
SF:flowc/src/lib/compiler/loader.rs
FN:181,flowclib::compiler::loader::config_flow
FN:240,flowclib::compiler::loader::config_function
FN:161,flowclib::compiler::loader::load_metadata
FN:200,flowclib::compiler::loader::load_process_refs
FN:74,flowclib::compiler::loader::load
FN:96,flowclib::compiler::loader::load_process
FN:161,flowclib::compiler::loader::load_metadata
FN:121,flowclib::compiler::loader::load_process::{closure#2}
FN:200,flowclib::compiler::loader::load_process_refs
FN:121,flowclib::compiler::loader::load_process::{closure#2}
FN:96,flowclib::compiler::loader::load_process
FN:209,flowclib::compiler::loader::load_process_refs::{closure#0}
FN:161,flowclib::compiler::loader::load_metadata
FN:209,flowclib::compiler::loader::load_process_refs::{closure#0}
FN:172,flowclib::compiler::loader::load_metadata::{closure#2}
FN:227,flowclib::compiler::loader::load_process_refs::{closure#1}
FN:74,flowclib::compiler::loader::load
FN:227,flowclib::compiler::loader::load_process_refs::{closure#1}
FN:121,flowclib::compiler::loader::load_process::{closure#2}
FN:227,flowclib::compiler::loader::load_process_refs::{closure#1}
FN:240,flowclib::compiler::loader::config_function
FN:181,flowclib::compiler::loader::config_flow
FN:209,flowclib::compiler::loader::load_process_refs::{closure#0}
FN:263,flowclib::compiler::loader::test::deserialize_library
FN:240,flowclib::compiler::loader::config_function
FN:172,flowclib::compiler::loader::load_metadata::{closure#2}
FN:263,flowclib::compiler::loader::test::deserialize_library::{closure#0}
FN:74,flowclib::compiler::loader::load
FN:181,flowclib::compiler::loader::config_flow
FN:172,flowclib::compiler::loader::load_metadata::{closure#2}
FN:200,flowclib::compiler::loader::load_process_refs
FN:96,flowclib::compiler::loader::load_process
FNDA:0,flowclib::compiler::loader::config_flow
FNDA:1,flowclib::compiler::loader::config_function
FNDA:0,flowclib::compiler::loader::load_metadata
FNDA:1,flowclib::compiler::loader::load_process_refs
FNDA:0,flowclib::compiler::loader::load
FNDA:0,flowclib::compiler::loader::load_process
FNDA:0,flowclib::compiler::loader::load_metadata
FNDA:0,flowclib::compiler::loader::load_process::{closure#2}
FNDA:1,flowclib::compiler::loader::load_process_refs
FNDA:0,flowclib::compiler::loader::load_process::{closure#2}
FNDA:0,flowclib::compiler::loader::load_process
FNDA:0,flowclib::compiler::loader::load_process_refs::{closure#0}
FNDA:0,flowclib::compiler::loader::load_metadata
FNDA:0,flowclib::compiler::loader::load_process_refs::{closure#0}
FNDA:0,flowclib::compiler::loader::load_metadata::{closure#2}
FNDA:0,flowclib::compiler::loader::load_process_refs::{closure#1}
FNDA:0,flowclib::compiler::loader::load
FNDA:0,flowclib::compiler::loader::load_process_refs::{closure#1}
FNDA:0,flowclib::compiler::loader::load_process::{closure#2}
FNDA:0,flowclib::compiler::loader::load_process_refs::{closure#1}
FNDA:0,flowclib::compiler::loader::config_function
FNDA:1,flowclib::compiler::loader::config_flow
FNDA:0,flowclib::compiler::loader::load_process_refs::{closure#0}
FNDA:1,flowclib::compiler::loader::test::deserialize_library
FNDA:1,flowclib::compiler::loader::config_function
FNDA:0,flowclib::compiler::loader::load_metadata::{closure#2}
FNDA:1,flowclib::compiler::loader::test::deserialize_library::{closure#0}
FNDA:0,flowclib::compiler::loader::load
FNDA:1,flowclib::compiler::loader::config_flow
FNDA:0,flowclib::compiler::loader::load_metadata::{closure#2}
FNDA:0,flowclib::compiler::loader::load_process_refs
FNDA:0,flowclib::compiler::loader::load_process
FNF:32
FNH:8
BRF:0
BRH:0
DA:74,0
DA:75,721
DA:76,721
DA:77,721
DA:78,721
DA:79,721
DA:80,721
DA:81,721
DA:82,721
DA:83,721
DA:84,721
DA:96,0
DA:97,0
DA:98,1491
DA:99,1491
DA:100,1491
DA:101,0
DA:102,0
DA:103,1479
DA:104,1479
DA:105,1479
DA:107,0
DA:108,1479
DA:109,1479
DA:110,14
DA:111,879
DA:114,0
DA:115,0
DA:116,0
DA:118,0
DA:119,1479
DA:121,1479
DA:122,1479
DA:123,1479
DA:124,1479
DA:126,0
DA:127,1236
DA:128,329
DA:129,329
DA:130,329
DA:131,329
DA:132,329
DA:133,329
DA:134,329
DA:135,329
DA:136,329
DA:137,329
DA:138,329
DA:139,329
DA:141,907
DA:142,907
DA:143,907
DA:144,907
DA:145,907
DA:146,907
DA:147,907
DA:148,907
DA:149,907
DA:150,907
DA:154,1230
DA:155,1491
DA:161,0
DA:162,14
DA:163,14
DA:164,14
DA:166,0
DA:167,14
DA:168,14
DA:169,14
DA:171,14
DA:172,14
DA:173,0
DA:175,14
DA:176,14
DA:181,329
DA:182,329
DA:183,329
DA:184,329
DA:185,329
DA:186,329
DA:187,329
DA:188,329
DA:189,329
DA:190,329
DA:191,329
DA:192,329
DA:193,329
DA:194,329
DA:195,329
DA:200,329
DA:201,329
DA:202,329
DA:203,329
DA:204,329
DA:205,770
DA:206,770
DA:207,770
DA:208,770
DA:209,770
DA:210,770
DA:211,770
DA:212,770
DA:213,770
DA:214,770
DA:215,770
DA:216,770
DA:217,770
DA:218,770
DA:219,770
DA:223,770
DA:224,672
DA:225,648
DA:226,648
DA:227,648
DA:229,24
DA:230,98
DA:232,770
DA:233,770
DA:236,329
DA:237,329
DA:240,907
DA:241,907
DA:242,907
DA:243,907
DA:244,907
DA:245,907
DA:246,907
DA:247,907
DA:248,907
DA:249,907
DA:250,907
DA:251,907
DA:252,907
DA:253,907
DA:254,907
DA:255,907
DA:256,907
DA:263,2
DA:264,2
DA:265,2
DA:266,2
DA:267,2
DA:268,2
LF:143
LH:129
end_of_record
